#
# There is insufficient memory for the Java Runtime Environment to continue.
# Native memory allocation (malloc) failed to allocate 32744 bytes for ChunkPool::allocate
# Possible reasons:
#   The system is out of physical RAM or swap space
#   In 32 bit mode, the process size limit was hit
# Possible solutions:
#   Reduce memory load on the system
#   Increase physical memory or swap space
#   Check if swap backing store is full
#   Use 64 bit Java on a 64 bit OS
#   Decrease Java heap size (-Xmx/-Xms)
#   Decrease number of Java threads
#   Decrease Java thread stack sizes (-Xss)
#   Set larger code cache with -XX:ReservedCodeCacheSize=
# This output file may be truncated or incomplete.
#
#  Out of Memory Error (allocation.cpp:273), pid=17716, tid=20100
#
# JRE version: Java(TM) SE Runtime Environment (8.0_20-b26) (build 1.8.0_20-b26)
# Java VM: Java HotSpot(TM) 64-Bit Server VM (25.20-b23 mixed mode windows-amd64 compressed oops)
# Failed to write core dump. Minidumps are not enabled by default on client versions of Windows
#

---------------  T H R E A D  ---------------

Current thread (0x000000001af81800):  JavaThread "C1 CompilerThread3" daemon [_thread_in_native, id=20100, stack(0x000000001b7d0000,0x000000001b8d0000)]

Stack: [0x000000001b7d0000,0x000000001b8d0000]
Native frames: (J=compiled Java code, j=interpreted, Vv=VM code, C=native code)
V  [jvm.dll+0x3152fa]


Current CompileTask:
C1:  28191 4531       1       org.springframework.asm.ClassReader::
[error occurred during error reporting (printing current compile task), id 0xe0000001]


---------------  P R O C E S S  ---------------

Java Threads: ( => current thread )
  0x000000001fccd800 JavaThread "cluster-ClusterId{value='5ffd4699c6c57f519390a6fa', description='null'}-localhost:27017" daemon [_thread_blocked, id=18984, stack(0x0000000020e20000,0x0000000020f20000)]
  0x000000001c5c9000 JavaThread "lettuce-eventExecutorLoop-1-1" daemon [_thread_blocked, id=13320, stack(0x000000001f950000,0x000000001fa50000)]
  0x000000001c5c8000 JavaThread "com.alibaba.nacos.naming.push.receiver" daemon [_thread_in_native, id=12972, stack(0x000000001f850000,0x000000001f950000)]
  0x000000001c5c6800 JavaThread "com.alibaba.nacos.naming.failover" daemon [_thread_blocked, id=22376, stack(0x000000001f750000,0x000000001f850000)]
  0x000000001c5c6000 JavaThread "com.alibaba.nacos.client.naming.updater" daemon [_thread_blocked, id=11552, stack(0x000000001f650000,0x000000001f750000)]
  0x000000001c5cc000 JavaThread "com.alibaba.nacos.client.naming.updater" daemon [_thread_blocked, id=23748, stack(0x000000001f550000,0x000000001f650000)]
  0x000000001c5cb000 JavaThread "com.alibaba.nacos.naming.client.listener" daemon [_thread_blocked, id=24300, stack(0x000000001f450000,0x000000001f550000)]
  0x000000001c5c7800 JavaThread "logback-1" daemon [_thread_blocked, id=23324, stack(0x000000001f350000,0x000000001f450000)]
  0x000000001c5cc800 JavaThread "spring.cloud.inetutils" daemon [_thread_blocked, id=13044, stack(0x000000001f050000,0x000000001f150000)]
  0x000000001c5c9800 JavaThread "sentinel-heartbeat-send-task-thread-2" daemon [_thread_blocked, id=3184, stack(0x000000001ef50000,0x000000001f050000)]
  0x000000001c5ca800 JavaThread "sentinel-time-tick-thread" daemon [_thread_blocked, id=12592, stack(0x000000001ed50000,0x000000001ee50000)]
  0x000000001cb85000 JavaThread "container-0" [_thread_blocked, id=23924, stack(0x000000001ea50000,0x000000001eb50000)]
  0x000000001cb83800 JavaThread "Catalina-utility-2" [_thread_blocked, id=19256, stack(0x000000001e950000,0x000000001ea50000)]
  0x000000001cb76000 JavaThread "Catalina-utility-1" [_thread_blocked, id=24344, stack(0x000000001e550000,0x000000001e650000)]
  0x000000001cae0800 JavaThread "RMI TCP Connection(idle)" daemon [_thread_blocked, id=5872, stack(0x000000001d250000,0x000000001d350000)]
  0x000000001ca38000 JavaThread "sentinel-command-center-executor-thread-1" [_thread_in_native, id=19108, stack(0x000000001e250000,0x000000001e350000)]
  0x000000001c971800 JavaThread "sentinel-heartbeat-send-task-thread-1" daemon [_thread_blocked, id=19608, stack(0x000000001e150000,0x000000001e250000)]
  0x000000001bf6a800 JavaThread "RMI Scheduler(0)" daemon [_thread_blocked, id=11512, stack(0x000000001d150000,0x000000001d250000)]
  0x000000001bf69800 JavaThread "RMI TCP Connection(2)-169.254.87.193" daemon [_thread_in_native, id=16864, stack(0x000000001d050000,0x000000001d150000)]
  0x000000001b12e800 JavaThread "RMI TCP Accept-0" daemon [_thread_in_native, id=3176, stack(0x000000001b9d0000,0x000000001bad0000)]
  0x000000001af84000 JavaThread "Service Thread" daemon [_thread_blocked, id=11300, stack(0x000000001b8d0000,0x000000001b9d0000)]
=>0x000000001af81800 JavaThread "C1 CompilerThread3" daemon [_thread_in_native, id=20100, stack(0x000000001b7d0000,0x000000001b8d0000)]
  0x000000001af80800 JavaThread "C2 CompilerThread2" daemon [_thread_blocked, id=19120, stack(0x000000001b6d0000,0x000000001b7d0000)]
  0x000000001af7d800 JavaThread "C2 CompilerThread1" daemon [_thread_blocked, id=14896, stack(0x000000001b5d0000,0x000000001b6d0000)]
  0x000000001af7b000 JavaThread "C2 CompilerThread0" daemon [_thread_blocked, id=16248, stack(0x000000001b4d0000,0x000000001b5d0000)]
  0x000000001af6d000 JavaThread "Monitor Ctrl-Break" daemon [_thread_in_native, id=20680, stack(0x000000001b3d0000,0x000000001b4d0000)]
  0x000000001a65d800 JavaThread "Attach Listener" daemon [_thread_blocked, id=17748, stack(0x000000001aad0000,0x000000001abd0000)]
  0x000000001861e800 JavaThread "Signal Dispatcher" daemon [_thread_blocked, id=12168, stack(0x000000001a9d0000,0x000000001aad0000)]
  0x000000000358b000 JavaThread "Finalizer" daemon [_thread_blocked, id=5516, stack(0x000000001a4d0000,0x000000001a5d0000)]
  0x000000000358a000 JavaThread "Reference Handler" daemon [_thread_blocked, id=6808, stack(0x000000001a3d0000,0x000000001a4d0000)]
  0x0000000003499800 JavaThread "main" [_thread_in_Java, id=9924, stack(0x0000000002fb0000,0x00000000030b0000)]

Other Threads:
  0x0000000018607800 VMThread [stack: 0x000000001a2d0000,0x000000001a3d0000] [id=18880]
  0x000000001b13b800 WatcherThread [stack: 0x000000001bad0000,0x000000001bbd0000] [id=4168]

VM state:not at safepoint (normal execution)

VM Mutex/Monitor currently owned by a thread: None

Heap:
 PSYoungGen      total 251392K, used 198929K [0x00000000d6000000, 0x00000000ed400000, 0x0000000100000000)
  eden space 238080K, 83% used [0x00000000d6000000,0x00000000e22444d8,0x00000000e4880000)
  from space 13312K, 0% used [0x00000000e4880000,0x00000000e4880000,0x00000000e5580000)
  to   space 14848K, 0% used [0x00000000ec580000,0x00000000ec580000,0x00000000ed400000)
 ParOldGen       total 73216K, used 17871K [0x0000000082000000, 0x0000000086780000, 0x00000000d6000000)
  object space 73216K, 24% used [0x0000000082000000,0x0000000083173fa0,0x0000000086780000)
 Metaspace       used 44496K, capacity 47614K, committed 47696K, reserved 1089536K
  class space    used 6185K, capacity 6697K, committed 6740K, reserved 1048576K

Card table byte_map: [0x0000000012a90000,0x0000000012e90000] byte_map_base: 0x0000000012680000

Marking Bits: (ParMarkBitMap*) 0x000000006757b460
 Begin Bits: [0x0000000013930000, 0x00000000158b0000)
 End Bits:   [0x00000000158b0000, 0x0000000017830000)

Polling page: 0x0000000000de0000

CodeCache: size=245760Kb used=8552Kb max_used=8552Kb free=237207Kb
 bounds [0x00000000036d0000, 0x0000000003f30000, 0x00000000126d0000]
 total_blobs=4957 nmethods=4471 adapters=398
 compilation: enabled

Compilation events (10 events):
Event: 28.121 Thread 0x000000001af81800 nmethod 4526 0x0000000003f28d10 code [0x0000000003f28ea0, 0x0000000003f29128]
Event: 28.121 Thread 0x000000001af81800 4527       1       java.beans.MethodDescriptor::<init> (7 bytes)
Event: 28.121 Thread 0x000000001af81800 nmethod 4527 0x0000000003f29350 code [0x0000000003f294a0, 0x0000000003f295c8]
Event: 28.121 Thread 0x000000001af81800 4528       1       java.beans.MethodDescriptor::<init> (48 bytes)
Event: 28.121 Thread 0x000000001af81800 nmethod 4528 0x0000000003f29650 code [0x0000000003f297c0, 0x0000000003f29a58]
Event: 28.126 Thread 0x000000001af81800 4529       1       org.springframework.core.MethodParameter::<init> (99 bytes)
Event: 28.126 Thread 0x000000001af81800 nmethod 4529 0x0000000003f29bd0 code [0x0000000003f29d40, 0x0000000003f29fe8]
Event: 28.138 Thread 0x000000001af81800 4530       1       org.springframework.core.convert.support.GenericConversionService$ConverterCacheKey::hashCode (19 bytes)
Event: 28.138 Thread 0x000000001af81800 nmethod 4530 0x0000000003f2a0d0 code [0x0000000003f2a240, 0x0000000003f2a3d8]
Event: 28.145 Thread 0x000000001af81800 4531       1       org.springframework.asm.ClassReader::readCode (5085 bytes)

GC Heap History (10 events):
Event: 12.485 GC heap before
{Heap before GC invocations=7 (full 1):
 PSYoungGen      total 140800K, used 5251K [0x00000000d6000000, 0x00000000df300000, 0x0000000100000000)
  eden space 131072K, 0% used [0x00000000d6000000,0x00000000d6000000,0x00000000de000000)
  from space 9728K, 53% used [0x00000000de980000,0x00000000deea0f50,0x00000000df300000)
  to   space 9728K, 0% used [0x00000000de000000,0x00000000de000000,0x00000000de980000)
 ParOldGen       total 86016K, used 8040K [0x0000000082000000, 0x0000000087400000, 0x00000000d6000000)
  object space 86016K, 9% used [0x0000000082000000,0x00000000827da080,0x0000000087400000)
 Metaspace       used 20554K, capacity 21476K, committed 21628K, reserved 1069056K
  class space    used 2693K, capacity 2898K, committed 2944K, reserved 1048576K
Event: 12.575 GC heap after
Heap after GC invocations=7 (full 1):
 PSYoungGen      total 140800K, used 0K [0x00000000d6000000, 0x00000000df300000, 0x0000000100000000)
  eden space 131072K, 0% used [0x00000000d6000000,0x00000000d6000000,0x00000000de000000)
  from space 9728K, 0% used [0x00000000de980000,0x00000000de980000,0x00000000df300000)
  to   space 9728K, 0% used [0x00000000de000000,0x00000000de000000,0x00000000de980000)
 ParOldGen       total 48128K, used 7134K [0x0000000082000000, 0x0000000084f00000, 0x00000000d6000000)
  object space 48128K, 14% used [0x0000000082000000,0x00000000826f7808,0x0000000084f00000)
 Metaspace       used 20553K, capacity 21474K, committed 21628K, reserved 1069056K
  class space    used 2692K, capacity 2897K, committed 2944K, reserved 1048576K
}
Event: 15.090 GC heap before
{Heap before GC invocations=8 (full 1):
 PSYoungGen      total 140800K, used 131072K [0x00000000d6000000, 0x00000000df300000, 0x0000000100000000)
  eden space 131072K, 100% used [0x00000000d6000000,0x00000000de000000,0x00000000de000000)
  from space 9728K, 0% used [0x00000000de980000,0x00000000de980000,0x00000000df300000)
  to   space 9728K, 0% used [0x00000000de000000,0x00000000de000000,0x00000000de980000)
 ParOldGen       total 48128K, used 7134K [0x0000000082000000, 0x0000000084f00000, 0x00000000d6000000)
  object space 48128K, 14% used [0x0000000082000000,0x00000000826f7808,0x0000000084f00000)
 Metaspace       used 24103K, capacity 25262K, committed 25596K, reserved 1071104K
  class space    used 3240K, capacity 3471K, committed 3584K, reserved 1048576K
Event: 15.105 GC heap after
Heap after GC invocations=8 (full 1):
 PSYoungGen      total 140800K, used 9537K [0x00000000d6000000, 0x00000000e6180000, 0x0000000100000000)
  eden space 131072K, 0% used [0x00000000d6000000,0x00000000d6000000,0x00000000de000000)
  from space 9728K, 98% used [0x00000000de000000,0x00000000de950568,0x00000000de980000)
  to   space 10752K, 0% used [0x00000000e5700000,0x00000000e5700000,0x00000000e6180000)
 ParOldGen       total 48128K, used 7142K [0x0000000082000000, 0x0000000084f00000, 0x00000000d6000000)
  object space 48128K, 14% used [0x0000000082000000,0x00000000826f9808,0x0000000084f00000)
 Metaspace       used 24103K, capacity 25262K, committed 25596K, reserved 1071104K
  class space    used 3240K, capacity 3471K, committed 3584K, reserved 1048576K
}
Event: 17.526 GC heap before
{Heap before GC invocations=9 (full 1):
 PSYoungGen      total 140800K, used 140609K [0x00000000d6000000, 0x00000000e6180000, 0x0000000100000000)
  eden space 131072K, 100% used [0x00000000d6000000,0x00000000de000000,0x00000000de000000)
  from space 9728K, 98% used [0x00000000de000000,0x00000000de950568,0x00000000de980000)
  to   space 10752K, 0% used [0x00000000e5700000,0x00000000e5700000,0x00000000e6180000)
 ParOldGen       total 48128K, used 7142K [0x0000000082000000, 0x0000000084f00000, 0x00000000d6000000)
  object space 48128K, 14% used [0x0000000082000000,0x00000000826f9808,0x0000000084f00000)
 Metaspace       used 30509K, capacity 32218K, committed 32380K, reserved 1077248K
  class space    used 4112K, capacity 4405K, committed 4480K, reserved 1048576K
Event: 17.551 GC heap after
Heap after GC invocations=9 (full 1):
 PSYoungGen      total 248832K, used 10743K [0x00000000d6000000, 0x00000000e6280000, 0x0000000100000000)
  eden space 238080K, 0% used [0x00000000d6000000,0x00000000d6000000,0x00000000e4880000)
  from space 10752K, 99% used [0x00000000e5700000,0x00000000e617dce8,0x00000000e6180000)
  to   space 13312K, 0% used [0x00000000e4880000,0x00000000e4880000,0x00000000e5580000)
 ParOldGen       total 48128K, used 9730K [0x0000000082000000, 0x0000000084f00000, 0x00000000d6000000)
  object space 48128K, 20% used [0x0000000082000000,0x0000000082980ae0,0x0000000084f00000)
 Metaspace       used 30509K, capacity 32218K, committed 32380K, reserved 1077248K
  class space    used 4112K, capacity 4405K, committed 4480K, reserved 1048576K
}
Event: 19.578 GC heap before
{Heap before GC invocations=10 (full 1):
 PSYoungGen      total 248832K, used 86762K [0x00000000d6000000, 0x00000000e6280000, 0x0000000100000000)
  eden space 238080K, 31% used [0x00000000d6000000,0x00000000daa3cbd8,0x00000000e4880000)
  from space 10752K, 99% used [0x00000000e5700000,0x00000000e617dce8,0x00000000e6180000)
  to   space 13312K, 0% used [0x00000000e4880000,0x00000000e4880000,0x00000000e5580000)
 ParOldGen       total 48128K, used 9730K [0x0000000082000000, 0x0000000084f00000, 0x00000000d6000000)
  object space 48128K, 20% used [0x0000000082000000,0x0000000082980ae0,0x0000000084f00000)
 Metaspace       used 33811K, capacity 35928K, committed 36048K, reserved 1081344K
  class space    used 4617K, capacity 5012K, committed 5076K, reserved 1048576K
Event: 19.606 GC heap after
Heap after GC invocations=10 (full 1):
 PSYoungGen      total 251392K, used 13050K [0x00000000d6000000, 0x00000000ed400000, 0x0000000100000000)
  eden space 238080K, 0% used [0x00000000d6000000,0x00000000d6000000,0x00000000e4880000)
  from space 13312K, 98% used [0x00000000e4880000,0x00000000e553e9d0,0x00000000e5580000)
  to   space 14848K, 0% used [0x00000000ec580000,0x00000000ec580000,0x00000000ed400000)
 ParOldGen       total 48128K, used 9738K [0x0000000082000000, 0x0000000084f00000, 0x00000000d6000000)
  object space 48128K, 20% used [0x0000000082000000,0x0000000082982ae0,0x0000000084f00000)
 Metaspace       used 33811K, capacity 35928K, committed 36048K, reserved 1081344K
  class space    used 4617K, capacity 5012K, committed 5076K, reserved 1048576K
}
Event: 19.606 GC heap before
{Heap before GC invocations=11 (full 2):
 PSYoungGen      total 251392K, used 13050K [0x00000000d6000000, 0x00000000ed400000, 0x0000000100000000)
  eden space 238080K, 0% used [0x00000000d6000000,0x00000000d6000000,0x00000000e4880000)
  from space 13312K, 98% used [0x00000000e4880000,0x00000000e553e9d0,0x00000000e5580000)
  to   space 14848K, 0% used [0x00000000ec580000,0x00000000ec580000,0x00000000ed400000)
 ParOldGen       total 48128K, used 9738K [0x0000000082000000, 0x0000000084f00000, 0x00000000d6000000)
  object space 48128K, 20% used [0x0000000082000000,0x0000000082982ae0,0x0000000084f00000)
 Metaspace       used 33811K, capacity 35928K, committed 36048K, reserved 1081344K
  class space    used 4617K, capacity 5012K, committed 5076K, reserved 1048576K
Event: 19.803 GC heap after
Heap after GC invocations=11 (full 2):
 PSYoungGen      total 251392K, used 0K [0x00000000d6000000, 0x00000000ed400000, 0x0000000100000000)
  eden space 238080K, 0% used [0x00000000d6000000,0x00000000d6000000,0x00000000e4880000)
  from space 13312K, 0% used [0x00000000e4880000,0x00000000e4880000,0x00000000e5580000)
  to   space 14848K, 0% used [0x00000000ec580000,0x00000000ec580000,0x00000000ed400000)
 ParOldGen       total 73216K, used 17871K [0x0000000082000000, 0x0000000086780000, 0x00000000d6000000)
  object space 73216K, 24% used [0x0000000082000000,0x0000000083173fa0,0x0000000086780000)
 Metaspace       used 33811K, capacity 35928K, committed 36048K, reserved 1081344K
  class space    used 4617K, capacity 5012K, committed 5076K, reserved 1048576K
}

Deoptimization events (0 events):
No events

Internal exceptions (10 events):
Event: 28.153 Thread 0x0000000003499800 Exception <a 'java/security/PrivilegedActionException'> (0x00000000e207da38) thrown at [D:\re\workspace\8-2-build-windows-amd64-cygwin\jdk8u20\1074\hotspot\src\share\vm\prims\jvm.cpp, line 1275]
Event: 28.157 Thread 0x0000000003499800 Exception <a 'java/lang/ArrayIndexOutOfBoundsException'> (0x00000000e2091448) thrown at [D:\re\workspace\8-2-build-windows-amd64-cygwin\jdk8u20\1074\hotspot\src\share\vm\runtime\sharedRuntime.cpp, line 604]
Event: 28.157 Thread 0x0000000003499800 Exception <a 'java/lang/ArrayIndexOutOfBoundsException'> (0x00000000e2099568) thrown at [D:\re\workspace\8-2-build-windows-amd64-cygwin\jdk8u20\1074\hotspot\src\share\vm\runtime\sharedRuntime.cpp, line 604]
Event: 28.158 Thread 0x0000000003499800 Exception <a 'java/lang/ArrayIndexOutOfBoundsException'> (0x00000000e20a0000) thrown at [D:\re\workspace\8-2-build-windows-amd64-cygwin\jdk8u20\1074\hotspot\src\share\vm\runtime\sharedRuntime.cpp, line 604]
Event: 28.159 Thread 0x0000000003499800 Exception <a 'java/security/PrivilegedActionException'> (0x00000000e20a7420) thrown at [D:\re\workspace\8-2-build-windows-amd64-cygwin\jdk8u20\1074\hotspot\src\share\vm\prims\jvm.cpp, line 1275]
Event: 28.162 Thread 0x0000000003499800 Exception <a 'java/security/PrivilegedActionException'> (0x00000000e20ba5e0) thrown at [D:\re\workspace\8-2-build-windows-amd64-cygwin\jdk8u20\1074\hotspot\src\share\vm\prims\jvm.cpp, line 1275]
Event: 28.163 Thread 0x0000000003499800 Exception <a 'java/security/PrivilegedActionException'> (0x00000000e20c40b8) thrown at [D:\re\workspace\8-2-build-windows-amd64-cygwin\jdk8u20\1074\hotspot\src\share\vm\prims\jvm.cpp, line 1275]
Event: 28.163 Thread 0x0000000003499800 Exception <a 'java/security/PrivilegedActionException'> (0x00000000e20cbbe8) thrown at [D:\re\workspace\8-2-build-windows-amd64-cygwin\jdk8u20\1074\hotspot\src\share\vm\prims\jvm.cpp, line 1275]
Event: 28.180 Thread 0x0000000003499800 Exception <a 'java/security/PrivilegedActionException'> (0x00000000e20ea428) thrown at [D:\re\workspace\8-2-build-windows-amd64-cygwin\jdk8u20\1074\hotspot\src\share\vm\prims\jvm.cpp, line 1275]
Event: 28.181 Thread 0x0000000003499800 Exception <a 'java/security/PrivilegedActionException'> (0x00000000e20fdba8) thrown at [D:\re\workspace\8-2-build-windows-amd64-cygwin\jdk8u20\1074\hotspot\src\share\vm\prims\jvm.cpp, line 1275]

Events (10 events):
Event: 28.162 loading class org/springframework/data/redis/core/RedisQueryEngine$RedisCriteriaAccessor
Event: 28.162 loading class org/springframework/data/redis/core/RedisQueryEngine$RedisCriteriaAccessor done
Event: 28.163 loading class org/springframework/data/keyvalue/core/CriteriaAccessor
Event: 28.163 loading class org/springframework/data/keyvalue/core/CriteriaAccessor done
Event: 28.163 loading class org/springframework/data/redis/listener/RedisMessageListenerContainer
Event: 28.163 loading class org/springframework/data/redis/listener/RedisMessageListenerContainer done
Event: 28.179 loading class org/springframework/data/redis/listener/RedisMessageListenerContainer$SubscriptionTask
Event: 28.179 loading class org/springframework/data/redis/listener/RedisMessageListenerContainer$SubscriptionTask done
Event: 28.180 loading class org/springframework/scheduling/SchedulingAwareRunnable
Event: 28.180 loading class org/springframework/scheduling/SchedulingAwareRunnable done


Dynamic libraries:
0x00007ff6b3240000 - 0x00007ff6b3274000 	C:\Program Files\Java\jdk1.8.0_20\bin\java.exe
0x00007ffe09a60000 - 0x00007ffe09c50000 	C:\Windows\SYSTEM32\ntdll.dll
0x00007ffe08490000 - 0x00007ffe08542000 	C:\Windows\System32\KERNEL32.DLL
0x00007ffe074a0000 - 0x00007ffe07745000 	C:\Windows\System32\KERNELBASE.dll
0x00007ffe08db0000 - 0x00007ffe08e53000 	C:\Windows\System32\ADVAPI32.dll
0x00007ffe09710000 - 0x00007ffe097ae000 	C:\Windows\System32\msvcrt.dll
0x00007ffe089d0000 - 0x00007ffe08a67000 	C:\Windows\System32\sechost.dll
0x00007ffe098d0000 - 0x00007ffe099f0000 	C:\Windows\System32\RPCRT4.dll
0x00007ffe082f0000 - 0x00007ffe08484000 	C:\Windows\System32\USER32.dll
0x00007ffe06a20000 - 0x00007ffe06a41000 	C:\Windows\System32\win32u.dll
0x00007ffe098a0000 - 0x00007ffe098c6000 	C:\Windows\System32\GDI32.dll
0x00007ffe07750000 - 0x00007ffe078e6000 	C:\Windows\System32\gdi32full.dll
0x00007ffe06a50000 - 0x00007ffe06aee000 	C:\Windows\System32\msvcp_win.dll
0x00007ffe078f0000 - 0x00007ffe079ea000 	C:\Windows\System32\ucrtbase.dll
0x00007ffdf2ab0000 - 0x00007ffdf2d34000 	C:\Windows\WinSxS\amd64_microsoft.windows.common-controls_6595b64144ccf1df_6.0.18362.1256_none_9e7e379be45e40e2\COMCTL32.dll
0x00007ffe08fb0000 - 0x00007ffe092e6000 	C:\Windows\System32\combase.dll
0x00007ffe07a80000 - 0x00007ffe07b01000 	C:\Windows\System32\bcryptPrimitives.dll
0x00007ffe099f0000 - 0x00007ffe09a1e000 	C:\Windows\System32\IMM32.DLL
0x00000000677f0000 - 0x00000000678c2000 	C:\Program Files\Java\jdk1.8.0_20\jre\bin\msvcr100.dll
0x0000000066da0000 - 0x00000000675f8000 	C:\Program Files\Java\jdk1.8.0_20\jre\bin\server\jvm.dll
0x00007ffe08550000 - 0x00007ffe08558000 	C:\Windows\System32\PSAPI.DLL
0x00007ffe042c0000 - 0x00007ffe042e4000 	C:\Windows\SYSTEM32\WINMM.dll
0x00007ffe00100000 - 0x00007ffe00109000 	C:\Windows\SYSTEM32\WSOCK32.dll
0x00007ffe08c00000 - 0x00007ffe08c6f000 	C:\Windows\System32\WS2_32.dll
0x00007ffe04290000 - 0x00007ffe042bd000 	C:\Windows\SYSTEM32\winmmbase.dll
0x00007ffe069d0000 - 0x00007ffe06a1a000 	C:\Windows\System32\cfgmgr32.dll
0x00000000677e0000 - 0x00000000677ef000 	C:\Program Files\Java\jdk1.8.0_20\jre\bin\verify.dll
0x0000000066d70000 - 0x0000000066d98000 	C:\Program Files\Java\jdk1.8.0_20\jre\bin\java.dll
0x0000000066ca0000 - 0x0000000066cc3000 	C:\Program Files\Java\jdk1.8.0_20\jre\bin\instrument.dll
0x0000000066d50000 - 0x0000000066d66000 	C:\Program Files\Java\jdk1.8.0_20\jre\bin\zip.dll
0x00007ffe07c00000 - 0x00007ffe082e7000 	C:\Windows\System32\SHELL32.dll
0x00007ffe08b50000 - 0x00007ffe08bf9000 	C:\Windows\System32\shcore.dll
0x00007ffe06d10000 - 0x00007ffe07491000 	C:\Windows\System32\windows.storage.dll
0x00007ffe069a0000 - 0x00007ffe069c3000 	C:\Windows\System32\profapi.dll
0x00007ffe06930000 - 0x00007ffe0697a000 	C:\Windows\System32\powrprof.dll
0x00007ffe06900000 - 0x00007ffe06910000 	C:\Windows\System32\UMPDC.dll
0x00007ffe08af0000 - 0x00007ffe08b42000 	C:\Windows\System32\shlwapi.dll
0x00007ffe06910000 - 0x00007ffe06921000 	C:\Windows\System32\kernel.appcore.dll
0x00007ffe06c40000 - 0x00007ffe06c57000 	C:\Windows\System32\cryptsp.dll
0x0000000066d20000 - 0x0000000066d3a000 	C:\Program Files\Java\jdk1.8.0_20\jre\bin\net.dll
0x00007ffe06150000 - 0x00007ffe061b7000 	C:\Windows\system32\mswsock.dll
0x00007ffe05ea0000 - 0x00007ffe05f6b000 	C:\Windows\SYSTEM32\DNSAPI.dll
0x00007ffe07b10000 - 0x00007ffe07b18000 	C:\Windows\System32\NSI.dll
0x00007ffe05e60000 - 0x00007ffe05e9a000 	C:\Windows\SYSTEM32\IPHLPAPI.DLL
0x00007ffdeaf80000 - 0x00007ffdeaf8a000 	C:\Windows\System32\rasadhlp.dll
0x00007ffdf64e0000 - 0x00007ffdf6557000 	C:\Windows\System32\fwpuclnt.dll
0x00007ffe079f0000 - 0x00007ffe07a16000 	C:\Windows\System32\bcrypt.dll
0x0000000066d40000 - 0x0000000066d4d000 	C:\Program Files\Java\jdk1.8.0_20\jre\bin\management.dll
0x0000000066d00000 - 0x0000000066d11000 	C:\Program Files\Java\jdk1.8.0_20\jre\bin\nio.dll
0x00007ffe05cc0000 - 0x00007ffe05cf3000 	C:\Windows\system32\rsaenh.dll
0x00007ffe06820000 - 0x00007ffe06845000 	C:\Windows\SYSTEM32\USERENV.dll
0x00007ffe06320000 - 0x00007ffe0632c000 	C:\Windows\SYSTEM32\CRYPTBASE.dll
0x00007ffdf64c0000 - 0x00007ffdf64d6000 	C:\Windows\SYSTEM32\dhcpcsvc6.DLL
0x00007ffdf64a0000 - 0x00007ffdf64bc000 	C:\Windows\SYSTEM32\dhcpcsvc.DLL
0x00007ffdeafa0000 - 0x00007ffdeafb6000 	C:\Windows\system32\napinsp.dll
0x00007ffde9670000 - 0x00007ffde968a000 	C:\Windows\system32\pnrpnsp.dll
0x00007ffdeaf90000 - 0x00007ffdeaf9e000 	C:\Windows\System32\winrnr.dll
0x00007ffe02b30000 - 0x00007ffe02b4c000 	C:\Windows\system32\NLAapi.dll
0x00007ffde9550000 - 0x00007ffde9565000 	C:\Windows\system32\wshbth.dll

VM Arguments:
jvm_args: -XX:TieredStopAtLevel=1 -Xverify:none -Dspring.output.ansi.enabled=always -Dcom.sun.management.jmxremote -Dspring.jmx.enabled=true -Dspring.liveBeansView.mbeanDomain -Dspring.application.admin.enabled=true -javaagent:D:\java编程\IntelliJ IDEA 2019.3.2\lib\idea_rt.jar=63088:D:\java编程\IntelliJ IDEA 2019.3.2\bin -Dfile.encoding=UTF-8 
java_command: com.example.OopsNoteserverApplication
java_class_path (initial): C:\Program Files\Java\jdk1.8.0_20\jre\lib\charsets.jar;C:\Program Files\Java\jdk1.8.0_20\jre\lib\deploy.jar;C:\Program Files\Java\jdk1.8.0_20\jre\lib\ext\access-bridge-64.jar;C:\Program Files\Java\jdk1.8.0_20\jre\lib\ext\cldrdata.jar;C:\Program Files\Java\jdk1.8.0_20\jre\lib\ext\dnsns.jar;C:\Program Files\Java\jdk1.8.0_20\jre\lib\ext\jaccess.jar;C:\Program Files\Java\jdk1.8.0_20\jre\lib\ext\jfxrt.jar;C:\Program Files\Java\jdk1.8.0_20\jre\lib\ext\localedata.jar;C:\Program Files\Java\jdk1.8.0_20\jre\lib\ext\nashorn.jar;C:\Program Files\Java\jdk1.8.0_20\jre\lib\ext\sunec.jar;C:\Program Files\Java\jdk1.8.0_20\jre\lib\ext\sunjce_provider.jar;C:\Program Files\Java\jdk1.8.0_20\jre\lib\ext\sunmscapi.jar;C:\Program Files\Java\jdk1.8.0_20\jre\lib\ext\sunpkcs11.jar;C:\Program Files\Java\jdk1.8.0_20\jre\lib\ext\zipfs.jar;C:\Program Files\Java\jdk1.8.0_20\jre\lib\javaws.jar;C:\Program Files\Java\jdk1.8.0_20\jre\lib\jce.jar;C:\Program Files\Java\jdk1.8.0_20\jre\lib\jfr.jar;C:\Program Files\Java\jdk1.8.0_20\jre\lib\jfxswt.jar;C:\Program Files\Java\jdk1.8.0_20\jre\lib\jsse.jar;C:\Program Files\Java\jdk1.8.0_20\jre\lib\management-agent.jar;C:\Program Files\Java\jdk1.8.0_20\jre\lib\plugin.jar;C:\Program Files\Java\jdk1.8.0_20\jre\lib\resources.jar;C:\Program Files\Java\jdk1.8.0_20\jre\lib\rt.jar;D:\java编程\back\Oops\service\oops_noteserver\target\classes;D:\repository\com\aliyun\aliyun-java-sdk-core\4.5.3\aliyun-java-sdk-core-4.5.3.jar;D:\repository\com\google\code\gson\gson\2.8.6\gson-2.8.6.jar;D:\repository\org\apache\httpcomponents\httpclient\4.5.13\httpclient-4.5.13.jar;D:\repository\commons-codec\commons-codec\1.14\commons-codec-1.14.jar;D:\repository\org\apache\httpcomponents\httpcore\4.4.13\httpcore-4.4.13.jar;D:\repository\commons-logging\commons-logging\1.2\commons-logging-1.2.jar;D:\repository\javax\xml\bind\jaxb-api\2.3.1\jaxb-api-2.3.1.jar;D:\repository\javax\activation\javax.activation-api\1.2.0\javax.activation-api-1.2.0.jar;D:\repository\o
Launcher Type: SUN_STANDARD

Environment Variables:
JAVA_HOME=C:\Program Files\Java\jdk1.8.0_20
CLASSPATH=.;C:\Program Files\Java\jdk1.8.0_20\lib\dt.jar;C:\Program Files\Java\jdk1.8.0_20\lib\tools.jar;MySQL JDBC Driver;
PATH=D:\虚拟机\XFtp\Xshell\;D:\虚拟机\XFtp\Xftp\;D:;虚拟机\XFtp\Xshell\;D:;Oracle\softwareUrl\bin;C:\ProgramData\Oracle\Java\javapath;C:\Windows\system32;C:\Windows;C:\Windows\System32\Wbem;C:\Windows\System32\WindowsPowerShell\v1.0\;C:\Windows\System32\OpenSSH\;C:\Program Files (x86)\Microsoft SQL Server\100\Tools\Binn\;C:\Program Files\Microsoft SQL Server\100\Tools\Binn\;C:\Program Files\Microsoft SQL Server\100\DTS\Binn\;C:\Program Files (x86)\Microsoft SQL Server\100\Tools\Binn\VSShell\Common7\IDE\;C:\Program Files (x86)\Microsoft Visual Studio 9.0\Common7\IDE\PrivateAssemblies\;C:\Program Files (x86)\Microsoft SQL Server\100\DTS\Binn\;C:\Program Files\Microsoft SQL Server\110\Tools\Binn\;D:\java\bin;D:\SJK\bin;D:\LJ\bin;D:\版本控制\服务端安装\bin;D:\版本控制\;户端安装\bin;D:\java编程\git\安装路径\Git\cmd;D:\java编程\git\TortoiseGit安装\bin;D:\apache-maven-3.6.3\bin;D:\Nodejs\;D:\nodejs\node_global;D:\RabbitMQ\ot\erl-23.1\bin;C:\Users\DELL\AppData\Local\Microsoft\WindowsApps;C:\Program Files\Java\jdk1.8.0_20\bin\;C:\Program Files\Java\jdk1.8.0_20\jre\bin\;;D:\java编程\IntelliJ IDEA 2019.3.2\bin;;D:\Microsoft VS Code\Microsoft VS Code\bin;C:\Users\DELL\AppData\Roaming\npm
USERNAME=DELL
OS=Windows_NT
PROCESSOR_IDENTIFIER=Intel64 Family 6 Model 142 Stepping 10, GenuineIntel



---------------  S Y S T E M  ---------------

OS: Windows 8.1 , 64 bit Build 9600 

CPU:total 8 (4 cores per cpu, 2 threads per core) family 6 model 142 stepping 10, cmov, cx8, fxsr, mmx, sse, sse2, sse3, ssse3, sse4.1, sse4.2, popcnt, avx, avx2, aes, clmul, erms, lzcnt, ht, tsc, tscinvbit, bmi1, bmi2

Memory: 4k page, physical 8250436k(339652k free), swap 27072592k(92k free)

vm_info: Java HotSpot(TM) 64-Bit Server VM (25.20-b23) for windows-amd64 JRE (1.8.0_20-b26), built on Jul 30 2014 13:51:23 by "java_re" with MS VC++ 10.0 (VS2010)

time: Tue Jan 12 14:50:03 2021
elapsed time: 28 seconds (0d 0h 0m 28s)

