#
# There is insufficient memory for the Java Runtime Environment to continue.
# Native memory allocation (malloc) failed to allocate 32744 bytes for ChunkPool::allocate
# Possible reasons:
#   The system is out of physical RAM or swap space
#   In 32 bit mode, the process size limit was hit
# Possible solutions:
#   Reduce memory load on the system
#   Increase physical memory or swap space
#   Check if swap backing store is full
#   Use 64 bit Java on a 64 bit OS
#   Decrease Java heap size (-Xmx/-Xms)
#   Decrease number of Java threads
#   Decrease Java thread stack sizes (-Xss)
#   Set larger code cache with -XX:ReservedCodeCacheSize=
# This output file may be truncated or incomplete.
#
#  Out of Memory Error (allocation.cpp:273), pid=5604, tid=15016
#
# JRE version: Java(TM) SE Runtime Environment (8.0_20-b26) (build 1.8.0_20-b26)
# Java VM: Java HotSpot(TM) 64-Bit Server VM (25.20-b23 mixed mode windows-amd64 compressed oops)
# Failed to write core dump. Minidumps are not enabled by default on client versions of Windows
#

---------------  T H R E A D  ---------------

Current thread (0x000000001a8c6000):  JavaThread "C1 CompilerThread3" daemon [_thread_in_native, id=15016, stack(0x000000001af80000,0x000000001b080000)]

Stack: [0x000000001af80000,0x000000001b080000]
Native frames: (J=compiled Java code, j=interpreted, Vv=VM code, C=native code)
V  [jvm.dll+0x3152fa]


Current CompileTask:
C1:   7580 2233       1       org.springframework.asm.ClassReader::accept (1250 bytes)


---------------  P R O C E S S  ---------------

Java Threads: ( => current thread )
  0x000000001b6e8800 JavaThread "RMI Scheduler(0)" daemon [_thread_blocked, id=8616, stack(0x000000001cb50000,0x000000001cc50000)]
  0x000000001b6fa800 JavaThread "RMI TCP Connection(1)-169.254.87.193" daemon [_thread_in_native, id=14408, stack(0x000000001ca50000,0x000000001cb50000)]
  0x000000001aa6b800 JavaThread "RMI TCP Accept-0" daemon [_thread_in_native, id=29564, stack(0x000000001b180000,0x000000001b280000)]
  0x000000001a954000 JavaThread "Service Thread" daemon [_thread_blocked, id=7664, stack(0x000000001b080000,0x000000001b180000)]
=>0x000000001a8c6000 JavaThread "C1 CompilerThread3" daemon [_thread_in_native, id=15016, stack(0x000000001af80000,0x000000001b080000)]
  0x000000001a899000 JavaThread "C2 CompilerThread2" daemon [_thread_blocked, id=26756, stack(0x000000001ae80000,0x000000001af80000)]
  0x000000001a8b9000 JavaThread "C2 CompilerThread1" daemon [_thread_blocked, id=9892, stack(0x000000001ad80000,0x000000001ae80000)]
  0x000000001a898000 JavaThread "C2 CompilerThread0" daemon [_thread_blocked, id=26212, stack(0x000000001ac80000,0x000000001ad80000)]
  0x000000001a896800 JavaThread "Monitor Ctrl-Break" daemon [_thread_in_native, id=23200, stack(0x000000001ab80000,0x000000001ac80000)]
  0x0000000019e0f000 JavaThread "Attach Listener" daemon [_thread_blocked, id=20876, stack(0x000000001a280000,0x000000001a380000)]
  0x0000000019e0e800 JavaThread "Signal Dispatcher" daemon [_thread_blocked, id=25004, stack(0x000000001a180000,0x000000001a280000)]
  0x0000000002c5b000 JavaThread "Finalizer" daemon [_thread_blocked, id=22984, stack(0x0000000019c80000,0x0000000019d80000)]
  0x0000000002c5a000 JavaThread "Reference Handler" daemon [_thread_blocked, id=29344, stack(0x0000000019b80000,0x0000000019c80000)]
  0x0000000002b6b000 JavaThread "main" [_thread_in_Java, id=25300, stack(0x0000000002a60000,0x0000000002b60000)]

Other Threads:
  0x0000000017d97800 VMThread [stack: 0x0000000019a80000,0x0000000019b80000] [id=7452]
  0x000000001aa83000 WatcherThread [stack: 0x000000001b280000,0x000000001b380000] [id=10732]

VM state:not at safepoint (normal execution)

VM Mutex/Monitor currently owned by a thread: None

Heap:
 PSYoungGen      total 139776K, used 8741K [0x00000000d6000000, 0x00000000df100000, 0x0000000100000000)
  eden space 131072K, 6% used [0x00000000d6000000,0x00000000d6889508,0x00000000de000000)
  from space 8704K, 0% used [0x00000000de000000,0x00000000de000000,0x00000000de880000)
  to   space 8192K, 0% used [0x00000000de900000,0x00000000de900000,0x00000000df100000)
 ParOldGen       total 46592K, used 7653K [0x0000000082000000, 0x0000000084d80000, 0x00000000d6000000)
  object space 46592K, 16% used [0x0000000082000000,0x0000000082779630,0x0000000084d80000)
 Metaspace       used 23177K, capacity 24214K, committed 24448K, reserved 1079296K
  class space    used 3150K, capacity 3379K, committed 3456K, reserved 1048576K

Card table byte_map: [0x0000000012220000,0x0000000012620000] byte_map_base: 0x0000000011e10000

Marking Bits: (ParMarkBitMap*) 0x00000000627cb460
 Begin Bits: [0x00000000130c0000, 0x0000000015040000)
 End Bits:   [0x0000000015040000, 0x0000000016fc0000)

Polling page: 0x0000000000bf0000

CodeCache: size=245760Kb used=4436Kb max_used=4436Kb free=241323Kb
 bounds [0x0000000002e60000, 0x00000000032c0000, 0x0000000011e60000]
 total_blobs=2629 nmethods=2230 adapters=311
 compilation: enabled

Compilation events (10 events):
Event: 7.570 Thread 0x000000001a8c6000 nmethod 2228 0x00000000032b3150 code [0x00000000032b32a0, 0x00000000032b33b0]
Event: 7.570 Thread 0x000000001a8c6000 2229       1       org.springframework.core.type.classreading.SimpleAnnotationMetadata::getSuperClassName (5 bytes)
Event: 7.570 Thread 0x000000001a8c6000 nmethod 2229 0x00000000032b3410 code [0x00000000032b3560, 0x00000000032b3670]
Event: 7.571 Thread 0x000000001a8c6000 2230   !   1       org.springframework.boot.autoconfigure.condition.FilteringSpringBootCondition$ClassNameFilter::isPresent (19 bytes)
Event: 7.571 Thread 0x000000001a8c6000 nmethod 2230 0x00000000032b36d0 code [0x00000000032b3860, 0x00000000032b3a88]
Event: 7.571 Thread 0x000000001a8c6000 2231   !   1       org.springframework.context.annotation.ConfigurationClassParser::asSourceClass (102 bytes)
Event: 7.571 Thread 0x000000001a8c6000 nmethod 2231 0x00000000032b3cd0 code [0x00000000032b3ee0, 0x00000000032b44f8]
Event: 7.572 Thread 0x000000001a8c6000 2232   !   1       sun.net.www.protocol.jar.JarURLConnection::connect (147 bytes)
Event: 7.573 Thread 0x000000001a8c6000 nmethod 2232 0x00000000032b4990 code [0x00000000032b4ba0, 0x00000000032b51a8]
Event: 7.574 Thread 0x000000001a8c6000 2233       1       org.springframework.asm.ClassReader::accept (1250 bytes)

GC Heap History (10 events):
Event: 7.324 GC heap before
{Heap before GC invocations=9 (full 2):
 PSYoungGen      total 139776K, used 3287K [0x00000000d6000000, 0x00000000df100000, 0x0000000100000000)
  eden space 131072K, 0% used [0x00000000d6000000,0x00000000d6000000,0x00000000de000000)
  from space 8704K, 37% used [0x00000000de000000,0x00000000de335d40,0x00000000de880000)
  to   space 8192K, 0% used [0x00000000de900000,0x00000000de900000,0x00000000df100000)
 ParOldGen       total 46592K, used 6286K [0x0000000082000000, 0x0000000084d80000, 0x00000000d6000000)
  object space 46592K, 13% used [0x0000000082000000,0x0000000082623b28,0x0000000084d80000)
 Metaspace       used 22521K, capacity 23478K, committed 23552K, reserved 1077248K
  class space    used 3067K, capacity 3291K, committed 3328K, reserved 1048576K
Event: 7.375 GC heap after
Heap after GC invocations=9 (full 2):
 PSYoungGen      total 139776K, used 0K [0x00000000d6000000, 0x00000000df100000, 0x0000000100000000)
  eden space 131072K, 0% used [0x00000000d6000000,0x00000000d6000000,0x00000000de000000)
  from space 8704K, 0% used [0x00000000de000000,0x00000000de000000,0x00000000de880000)
  to   space 8192K, 0% used [0x00000000de900000,0x00000000de900000,0x00000000df100000)
 ParOldGen       total 46592K, used 8618K [0x0000000082000000, 0x0000000084d80000, 0x00000000d6000000)
  object space 46592K, 18% used [0x0000000082000000,0x000000008286a9c0,0x0000000084d80000)
 Metaspace       used 22521K, capacity 23478K, committed 23552K, reserved 1075200K
  class space    used 3067K, capacity 3291K, committed 3328K, reserved 1048576K
}
Event: 7.398 GC heap before
{Heap before GC invocations=10 (full 2):
 PSYoungGen      total 139776K, used 7689K [0x00000000d6000000, 0x00000000df100000, 0x0000000100000000)
  eden space 131072K, 5% used [0x00000000d6000000,0x00000000d6782728,0x00000000de000000)
  from space 8704K, 0% used [0x00000000de000000,0x00000000de000000,0x00000000de880000)
  to   space 8192K, 0% used [0x00000000de900000,0x00000000de900000,0x00000000df100000)
 ParOldGen       total 46592K, used 8618K [0x0000000082000000, 0x0000000084d80000, 0x00000000d6000000)
  object space 46592K, 18% used [0x0000000082000000,0x000000008286a9c0,0x0000000084d80000)
 Metaspace       used 22808K, capacity 23734K, committed 23808K, reserved 1079296K
  class space    used 3085K, capacity 3291K, committed 3328K, reserved 1048576K
Event: 7.399 GC heap after
Heap after GC invocations=10 (full 2):
 PSYoungGen      total 139264K, used 543K [0x00000000d6000000, 0x00000000df100000, 0x0000000100000000)
  eden space 131072K, 0% used [0x00000000d6000000,0x00000000d6000000,0x00000000de000000)
  from space 8192K, 6% used [0x00000000de900000,0x00000000de987ce8,0x00000000df100000)
  to   space 8704K, 0% used [0x00000000de000000,0x00000000de000000,0x00000000de880000)
 ParOldGen       total 46592K, used 8618K [0x0000000082000000, 0x0000000084d80000, 0x00000000d6000000)
  object space 46592K, 18% used [0x0000000082000000,0x000000008286a9c0,0x0000000084d80000)
 Metaspace       used 22808K, capacity 23734K, committed 23808K, reserved 1079296K
  class space    used 3085K, capacity 3291K, committed 3328K, reserved 1048576K
}
Event: 7.399 GC heap before
{Heap before GC invocations=11 (full 3):
 PSYoungGen      total 139264K, used 543K [0x00000000d6000000, 0x00000000df100000, 0x0000000100000000)
  eden space 131072K, 0% used [0x00000000d6000000,0x00000000d6000000,0x00000000de000000)
  from space 8192K, 6% used [0x00000000de900000,0x00000000de987ce8,0x00000000df100000)
  to   space 8704K, 0% used [0x00000000de000000,0x00000000de000000,0x00000000de880000)
 ParOldGen       total 46592K, used 8618K [0x0000000082000000, 0x0000000084d80000, 0x00000000d6000000)
  object space 46592K, 18% used [0x0000000082000000,0x000000008286a9c0,0x0000000084d80000)
 Metaspace       used 22808K, capacity 23734K, committed 23808K, reserved 1079296K
  class space    used 3085K, capacity 3291K, committed 3328K, reserved 1048576K
Event: 7.462 GC heap after
Heap after GC invocations=11 (full 3):
 PSYoungGen      total 139264K, used 0K [0x00000000d6000000, 0x00000000df100000, 0x0000000100000000)
  eden space 131072K, 0% used [0x00000000d6000000,0x00000000d6000000,0x00000000de000000)
  from space 8192K, 0% used [0x00000000de900000,0x00000000de900000,0x00000000df100000)
  to   space 8704K, 0% used [0x00000000de000000,0x00000000de000000,0x00000000de880000)
 ParOldGen       total 46592K, used 7204K [0x0000000082000000, 0x0000000084d80000, 0x00000000d6000000)
  object space 46592K, 15% used [0x0000000082000000,0x0000000082709350,0x0000000084d80000)
 Metaspace       used 22808K, capacity 23734K, committed 23808K, reserved 1077248K
  class space    used 3085K, capacity 3291K, committed 3328K, reserved 1048576K
}
Event: 7.530 GC heap before
{Heap before GC invocations=12 (full 3):
 PSYoungGen      total 139264K, used 13334K [0x00000000d6000000, 0x00000000df100000, 0x0000000100000000)
  eden space 131072K, 10% used [0x00000000d6000000,0x00000000d6d05a08,0x00000000de000000)
  from space 8192K, 0% used [0x00000000de900000,0x00000000de900000,0x00000000df100000)
  to   space 8704K, 0% used [0x00000000de000000,0x00000000de000000,0x00000000de880000)
 ParOldGen       total 46592K, used 7204K [0x0000000082000000, 0x0000000084d80000, 0x00000000d6000000)
  object space 46592K, 15% used [0x0000000082000000,0x0000000082709350,0x0000000084d80000)
 Metaspace       used 23064K, capacity 24012K, committed 24192K, reserved 1081344K
  class space    used 3126K, capacity 3340K, committed 3456K, reserved 1048576K
Event: 7.531 GC heap after
Heap after GC invocations=12 (full 3):
 PSYoungGen      total 139776K, used 893K [0x00000000d6000000, 0x00000000df100000, 0x0000000100000000)
  eden space 131072K, 0% used [0x00000000d6000000,0x00000000d6000000,0x00000000de000000)
  from space 8704K, 10% used [0x00000000de000000,0x00000000de0df670,0x00000000de880000)
  to   space 8192K, 0% used [0x00000000de900000,0x00000000de900000,0x00000000df100000)
 ParOldGen       total 46592K, used 7212K [0x0000000082000000, 0x0000000084d80000, 0x00000000d6000000)
  object space 46592K, 15% used [0x0000000082000000,0x000000008270b350,0x0000000084d80000)
 Metaspace       used 23064K, capacity 24012K, committed 24192K, reserved 1081344K
  class space    used 3126K, capacity 3340K, committed 3456K, reserved 1048576K
}
Event: 7.531 GC heap before
{Heap before GC invocations=13 (full 4):
 PSYoungGen      total 139776K, used 893K [0x00000000d6000000, 0x00000000df100000, 0x0000000100000000)
  eden space 131072K, 0% used [0x00000000d6000000,0x00000000d6000000,0x00000000de000000)
  from space 8704K, 10% used [0x00000000de000000,0x00000000de0df670,0x00000000de880000)
  to   space 8192K, 0% used [0x00000000de900000,0x00000000de900000,0x00000000df100000)
 ParOldGen       total 46592K, used 7212K [0x0000000082000000, 0x0000000084d80000, 0x00000000d6000000)
  object space 46592K, 15% used [0x0000000082000000,0x000000008270b350,0x0000000084d80000)
 Metaspace       used 23064K, capacity 24012K, committed 24192K, reserved 1081344K
  class space    used 3126K, capacity 3340K, committed 3456K, reserved 1048576K
Event: 7.550 GC heap after
Heap after GC invocations=13 (full 4):
 PSYoungGen      total 139776K, used 0K [0x00000000d6000000, 0x00000000df100000, 0x0000000100000000)
  eden space 131072K, 0% used [0x00000000d6000000,0x00000000d6000000,0x00000000de000000)
  from space 8704K, 0% used [0x00000000de000000,0x00000000de000000,0x00000000de880000)
  to   space 8192K, 0% used [0x00000000de900000,0x00000000de900000,0x00000000df100000)
 ParOldGen       total 46592K, used 7653K [0x0000000082000000, 0x0000000084d80000, 0x00000000d6000000)
  object space 46592K, 16% used [0x0000000082000000,0x0000000082779630,0x0000000084d80000)
 Metaspace       used 23064K, capacity 24012K, committed 24192K, reserved 1079296K
  class space    used 3126K, capacity 3340K, committed 3456K, reserved 1048576K
}

Deoptimization events (0 events):
No events

Internal exceptions (10 events):
Event: 7.569 Thread 0x0000000002b6b000 Exception <a 'java/security/PrivilegedActionException'> (0x00000000d640b7e8) thrown at [D:\re\workspace\8-2-build-windows-amd64-cygwin\jdk8u20\1074\hotspot\src\share\vm\prims\jvm.cpp, line 1275]
Event: 7.569 Thread 0x0000000002b6b000 Exception <a 'java/security/PrivilegedActionException'> (0x00000000d641f308) thrown at [D:\re\workspace\8-2-build-windows-amd64-cygwin\jdk8u20\1074\hotspot\src\share\vm\prims\jvm.cpp, line 1275]
Event: 7.569 Thread 0x0000000002b6b000 Exception <a 'java/security/PrivilegedActionException'> (0x00000000d641ff80) thrown at [D:\re\workspace\8-2-build-windows-amd64-cygwin\jdk8u20\1074\hotspot\src\share\vm\prims\jvm.cpp, line 1275]
Event: 7.569 Thread 0x0000000002b6b000 Exception <a 'java/security/PrivilegedActionException'> (0x00000000d6433a10) thrown at [D:\re\workspace\8-2-build-windows-amd64-cygwin\jdk8u20\1074\hotspot\src\share\vm\prims\jvm.cpp, line 1275]
Event: 7.569 Thread 0x0000000002b6b000 Exception <a 'java/security/PrivilegedActionException'> (0x00000000d6434438) thrown at [D:\re\workspace\8-2-build-windows-amd64-cygwin\jdk8u20\1074\hotspot\src\share\vm\prims\jvm.cpp, line 1275]
Event: 7.569 Thread 0x0000000002b6b000 Exception <a 'java/security/PrivilegedActionException'> (0x00000000d6446c90) thrown at [D:\re\workspace\8-2-build-windows-amd64-cygwin\jdk8u20\1074\hotspot\src\share\vm\prims\jvm.cpp, line 1275]
Event: 7.569 Thread 0x0000000002b6b000 Exception <a 'java/security/PrivilegedActionException'> (0x00000000d6447898) thrown at [D:\re\workspace\8-2-build-windows-amd64-cygwin\jdk8u20\1074\hotspot\src\share\vm\prims\jvm.cpp, line 1275]
Event: 7.569 Thread 0x0000000002b6b000 Exception <a 'java/security/PrivilegedActionException'> (0x00000000d645a060) thrown at [D:\re\workspace\8-2-build-windows-amd64-cygwin\jdk8u20\1074\hotspot\src\share\vm\prims\jvm.cpp, line 1275]
Event: 7.572 Thread 0x0000000002b6b000 Exception <a 'java/security/PrivilegedActionException'> (0x00000000d64f50b8) thrown at [D:\re\workspace\8-2-build-windows-amd64-cygwin\jdk8u20\1074\hotspot\src\share\vm\prims\jvm.cpp, line 1275]
Event: 7.572 Thread 0x0000000002b6b000 Exception <a 'java/security/PrivilegedActionException'> (0x00000000d6505ab0) thrown at [D:\re\workspace\8-2-build-windows-amd64-cygwin\jdk8u20\1074\hotspot\src\share\vm\prims\jvm.cpp, line 1275]

Events (10 events):
Event: 7.569 loading class org/apache/jasper/compiler/JspConfig
Event: 7.569 loading class org/apache/jasper/compiler/JspConfig done
Event: 7.569 loading class org/apache/jasper/compiler$JspConfig
Event: 7.569 loading class org/apache/jasper/compiler$JspConfig done
Event: 7.571 Executing VM operation: RevokeBias
Event: 7.571 Executing VM operation: RevokeBias done
Event: 7.572 loading class org/springframework/boot/autoconfigure/web/ConditionalOnEnabledResourceChain
Event: 7.572 loading class org/springframework/boot/autoconfigure/web/ConditionalOnEnabledResourceChain done
Event: 7.572 loading class org/springframework/boot/autoconfigure/web/OnEnabledResourceChainCondition
Event: 7.572 loading class org/springframework/boot/autoconfigure/web/OnEnabledResourceChainCondition done


Dynamic libraries:
0x00007ff69c320000 - 0x00007ff69c354000 	C:\Program Files\Java\jdk1.8.0_20\bin\java.exe
0x00007ffd7f9a0000 - 0x00007ffd7fb90000 	C:\Windows\SYSTEM32\ntdll.dll
0x00007ffd7e650000 - 0x00007ffd7e702000 	C:\Windows\System32\KERNEL32.DLL
0x00007ffd7ced0000 - 0x00007ffd7d175000 	C:\Windows\System32\KERNELBASE.dll
0x00007ffd7e790000 - 0x00007ffd7e833000 	C:\Windows\System32\ADVAPI32.dll
0x00007ffd7da50000 - 0x00007ffd7daee000 	C:\Windows\System32\msvcrt.dll
0x00007ffd7e9f0000 - 0x00007ffd7ea87000 	C:\Windows\System32\sechost.dll
0x00007ffd7ec50000 - 0x00007ffd7ed70000 	C:\Windows\System32\RPCRT4.dll
0x00007ffd7e850000 - 0x00007ffd7e9e4000 	C:\Windows\System32\USER32.dll
0x00007ffd7cb50000 - 0x00007ffd7cb71000 	C:\Windows\System32\win32u.dll
0x00007ffd7dda0000 - 0x00007ffd7ddc6000 	C:\Windows\System32\GDI32.dll
0x00007ffd7cd30000 - 0x00007ffd7cec6000 	C:\Windows\System32\gdi32full.dll
0x00007ffd7c910000 - 0x00007ffd7c9ae000 	C:\Windows\System32\msvcp_win.dll
0x00007ffd7cc30000 - 0x00007ffd7cd2a000 	C:\Windows\System32\ucrtbase.dll
0x00007ffd6c5b0000 - 0x00007ffd6c834000 	C:\Windows\WinSxS\amd64_microsoft.windows.common-controls_6595b64144ccf1df_6.0.18362.1256_none_9e7e379be45e40e2\COMCTL32.dll
0x00007ffd7ed70000 - 0x00007ffd7f0a6000 	C:\Windows\System32\combase.dll
0x00007ffd7d930000 - 0x00007ffd7d9b1000 	C:\Windows\System32\bcryptPrimitives.dll
0x00007ffd7daf0000 - 0x00007ffd7db1e000 	C:\Windows\System32\IMM32.DLL
0x0000000063540000 - 0x0000000063612000 	C:\Program Files\Java\jdk1.8.0_20\jre\bin\msvcr100.dll
0x0000000061ff0000 - 0x0000000062848000 	C:\Program Files\Java\jdk1.8.0_20\jre\bin\server\jvm.dll
0x00007ffd69cc0000 - 0x00007ffd69cc9000 	C:\Windows\SYSTEM32\WSOCK32.dll
0x00007ffd7ea90000 - 0x00007ffd7eaff000 	C:\Windows\System32\WS2_32.dll
0x00007ffd7f1e0000 - 0x00007ffd7f1e8000 	C:\Windows\System32\PSAPI.DLL
0x00007ffd7a200000 - 0x00007ffd7a224000 	C:\Windows\SYSTEM32\WINMM.dll
0x00007ffd7a0a0000 - 0x00007ffd7a0cd000 	C:\Windows\SYSTEM32\WINMMBASE.dll
0x00007ffd7cb00000 - 0x00007ffd7cb4a000 	C:\Windows\System32\cfgmgr32.dll
0x00000000638a0000 - 0x00000000638af000 	C:\Program Files\Java\jdk1.8.0_20\jre\bin\verify.dll
0x0000000063870000 - 0x0000000063898000 	C:\Program Files\Java\jdk1.8.0_20\jre\bin\java.dll
0x00000000634e0000 - 0x0000000063503000 	C:\Program Files\Java\jdk1.8.0_20\jre\bin\instrument.dll
0x0000000063850000 - 0x0000000063866000 	C:\Program Files\Java\jdk1.8.0_20\jre\bin\zip.dll
0x00007ffd7de80000 - 0x00007ffd7e567000 	C:\Windows\System32\SHELL32.dll
0x00007ffd7f110000 - 0x00007ffd7f1b9000 	C:\Windows\System32\shcore.dll
0x00007ffd7d180000 - 0x00007ffd7d901000 	C:\Windows\System32\windows.storage.dll
0x00007ffd7c8a0000 - 0x00007ffd7c8c3000 	C:\Windows\System32\profapi.dll
0x00007ffd7c850000 - 0x00007ffd7c89a000 	C:\Windows\System32\powrprof.dll
0x00007ffd7c840000 - 0x00007ffd7c850000 	C:\Windows\System32\UMPDC.dll
0x00007ffd7f7c0000 - 0x00007ffd7f812000 	C:\Windows\System32\shlwapi.dll
0x00007ffd7c8d0000 - 0x00007ffd7c8e1000 	C:\Windows\System32\kernel.appcore.dll
0x00007ffd7d910000 - 0x00007ffd7d927000 	C:\Windows\System32\cryptsp.dll
0x0000000063820000 - 0x000000006383a000 	C:\Program Files\Java\jdk1.8.0_20\jre\bin\net.dll
0x00007ffd7c090000 - 0x00007ffd7c0f7000 	C:\Windows\system32\mswsock.dll
0x00007ffd7bde0000 - 0x00007ffd7beab000 	C:\Windows\SYSTEM32\DNSAPI.dll
0x00007ffd7e640000 - 0x00007ffd7e648000 	C:\Windows\System32\NSI.dll
0x00007ffd7bda0000 - 0x00007ffd7bdda000 	C:\Windows\SYSTEM32\IPHLPAPI.DLL
0x00007ffd5f520000 - 0x00007ffd5f52a000 	C:\Windows\System32\rasadhlp.dll
0x00007ffd6eb40000 - 0x00007ffd6ebb7000 	C:\Windows\System32\fwpuclnt.dll
0x00007ffd7da20000 - 0x00007ffd7da46000 	C:\Windows\System32\bcrypt.dll
0x0000000063840000 - 0x000000006384d000 	C:\Program Files\Java\jdk1.8.0_20\jre\bin\management.dll
0x0000000063800000 - 0x0000000063811000 	C:\Program Files\Java\jdk1.8.0_20\jre\bin\nio.dll
0x00007ffd7bc00000 - 0x00007ffd7bc33000 	C:\Windows\system32\rsaenh.dll
0x00007ffd7c720000 - 0x00007ffd7c745000 	C:\Windows\SYSTEM32\USERENV.dll
0x00007ffd7c260000 - 0x00007ffd7c26c000 	C:\Windows\SYSTEM32\CRYPTBASE.dll
0x00007ffd744c0000 - 0x00007ffd744d6000 	C:\Windows\SYSTEM32\dhcpcsvc6.DLL
0x00007ffd6e720000 - 0x00007ffd6e73c000 	C:\Windows\SYSTEM32\dhcpcsvc.DLL
0x00007ffd68090000 - 0x00007ffd680a6000 	C:\Windows\system32\napinsp.dll
0x00007ffd64400000 - 0x00007ffd6441a000 	C:\Windows\system32\pnrpnsp.dll
0x00007ffd68080000 - 0x00007ffd6808e000 	C:\Windows\System32\winrnr.dll
0x00007ffd79240000 - 0x00007ffd7925c000 	C:\Windows\system32\NLAapi.dll
0x00007ffd642d0000 - 0x00007ffd642e5000 	C:\Windows\system32\wshbth.dll

VM Arguments:
jvm_args: -XX:TieredStopAtLevel=1 -Xverify:none -Dspring.output.ansi.enabled=always -Dcom.sun.management.jmxremote -Dspring.jmx.enabled=true -Dspring.liveBeansView.mbeanDomain -Dspring.application.admin.enabled=true -javaagent:D:\java编程\IntelliJ IDEA 2019.3.2\lib\idea_rt.jar=56354:D:\java编程\IntelliJ IDEA 2019.3.2\bin -Dfile.encoding=UTF-8 
java_command: com.example.PaymentApplication
java_class_path (initial): C:\Program Files\Java\jdk1.8.0_20\jre\lib\charsets.jar;C:\Program Files\Java\jdk1.8.0_20\jre\lib\deploy.jar;C:\Program Files\Java\jdk1.8.0_20\jre\lib\ext\access-bridge-64.jar;C:\Program Files\Java\jdk1.8.0_20\jre\lib\ext\cldrdata.jar;C:\Program Files\Java\jdk1.8.0_20\jre\lib\ext\dnsns.jar;C:\Program Files\Java\jdk1.8.0_20\jre\lib\ext\jaccess.jar;C:\Program Files\Java\jdk1.8.0_20\jre\lib\ext\jfxrt.jar;C:\Program Files\Java\jdk1.8.0_20\jre\lib\ext\localedata.jar;C:\Program Files\Java\jdk1.8.0_20\jre\lib\ext\nashorn.jar;C:\Program Files\Java\jdk1.8.0_20\jre\lib\ext\sunec.jar;C:\Program Files\Java\jdk1.8.0_20\jre\lib\ext\sunjce_provider.jar;C:\Program Files\Java\jdk1.8.0_20\jre\lib\ext\sunmscapi.jar;C:\Program Files\Java\jdk1.8.0_20\jre\lib\ext\sunpkcs11.jar;C:\Program Files\Java\jdk1.8.0_20\jre\lib\ext\zipfs.jar;C:\Program Files\Java\jdk1.8.0_20\jre\lib\javaws.jar;C:\Program Files\Java\jdk1.8.0_20\jre\lib\jce.jar;C:\Program Files\Java\jdk1.8.0_20\jre\lib\jfr.jar;C:\Program Files\Java\jdk1.8.0_20\jre\lib\jfxswt.jar;C:\Program Files\Java\jdk1.8.0_20\jre\lib\jsse.jar;C:\Program Files\Java\jdk1.8.0_20\jre\lib\management-agent.jar;C:\Program Files\Java\jdk1.8.0_20\jre\lib\plugin.jar;C:\Program Files\Java\jdk1.8.0_20\jre\lib\resources.jar;C:\Program Files\Java\jdk1.8.0_20\jre\lib\rt.jar;D:\java编程\back\Oops\service\payment\target\classes;D:\repository\com\alipay\sdk\alipay-sdk-java\4.10.209.ALL\alipay-sdk-java-4.10.209.ALL.jar;D:\repository\commons-logging\commons-logging\1.1.1\commons-logging-1.1.1.jar;D:\repository\com\alibaba\fastjson\1.2.28\fastjson-1.2.28.jar;D:\repository\org\bouncycastle\bcprov-jdk15on\1.62\bcprov-jdk15on-1.62.jar;D:\java编程\back\Oops\common\service_base\target\classes;D:\repository\org\apache\commons\commons-pool2\2.7.0\commons-pool2-2.7.0.jar;D:\repository\org\springframework\boot\spring-boot-starter-data-mongodb\2.2.1.RELEASE\spring-boot-starter-data-mongodb-2.2.1.RELEASE.jar;D:\repository\org\mongodb\mongodb-driver\3
Launcher Type: SUN_STANDARD

Environment Variables:
JAVA_HOME=C:\Program Files\Java\jdk1.8.0_20
CLASSPATH=.;C:\Program Files\Java\jdk1.8.0_20\lib\dt.jar;C:\Program Files\Java\jdk1.8.0_20\lib\tools.jar;MySQL JDBC Driver;
PATH=D:\虚拟机\XFtp\Xshell\;D:\虚拟机\XFtp\Xftp\;D:;虚拟机\XFtp\Xshell\;D:;Oracle\softwareUrl\bin;C:\ProgramData\Oracle\Java\javapath;C:\Windows\system32;C:\Windows;C:\Windows\System32\Wbem;C:\Windows\System32\WindowsPowerShell\v1.0\;C:\Windows\System32\OpenSSH\;C:\Program Files (x86)\Microsoft SQL Server\100\Tools\Binn\;C:\Program Files\Microsoft SQL Server\100\Tools\Binn\;C:\Program Files\Microsoft SQL Server\100\DTS\Binn\;C:\Program Files (x86)\Microsoft SQL Server\100\Tools\Binn\VSShell\Common7\IDE\;C:\Program Files (x86)\Microsoft Visual Studio 9.0\Common7\IDE\PrivateAssemblies\;C:\Program Files (x86)\Microsoft SQL Server\100\DTS\Binn\;C:\Program Files\Microsoft SQL Server\110\Tools\Binn\;D:\java\bin;D:\SJK\bin;D:\LJ\bin;D:\版本控制\服务端安装\bin;D:\版本控制\;户端安装\bin;D:\java编程\git\安装路径\Git\cmd;D:\java编程\git\TortoiseGit安装\bin;D:\apache-maven-3.6.3\bin;D:\Nodejs\;D:\nodejs\node_global;D:\RabbitMQ\ot\erl-23.1\bin;C:\Users\DELL\AppData\Local\Microsoft\WindowsApps;C:\Program Files\Java\jdk1.8.0_20\bin\;C:\Program Files\Java\jdk1.8.0_20\jre\bin\;;D:\java编程\IntelliJ IDEA 2019.3.2\bin;;D:\Microsoft VS Code\Microsoft VS Code\bin;C:\Users\DELL\AppData\Roaming\npm
USERNAME=DELL
OS=Windows_NT
PROCESSOR_IDENTIFIER=Intel64 Family 6 Model 142 Stepping 10, GenuineIntel



---------------  S Y S T E M  ---------------

OS: Windows 8.1 , 64 bit Build 9600 

CPU:total 8 (4 cores per cpu, 2 threads per core) family 6 model 142 stepping 10, cmov, cx8, fxsr, mmx, sse, sse2, sse3, ssse3, sse4.1, sse4.2, popcnt, avx, avx2, aes, clmul, erms, lzcnt, ht, tsc, tscinvbit, bmi1, bmi2

Memory: 4k page, physical 8250436k(373900k free), swap 27072592k(0k free)

vm_info: Java HotSpot(TM) 64-Bit Server VM (25.20-b23) for windows-amd64 JRE (1.8.0_20-b26), built on Jul 30 2014 13:51:23 by "java_re" with MS VC++ 10.0 (VS2010)

time: Sat Jan 09 22:07:16 2021
elapsed time: 7 seconds (0d 0h 0m 7s)

