#
# There is insufficient memory for the Java Runtime Environment to continue.
# Native memory allocation (malloc) failed to allocate 64000 bytes for AllocateHeap
# Possible reasons:
#   The system is out of physical RAM or swap space
#   In 32 bit mode, the process size limit was hit
# Possible solutions:
#   Reduce memory load on the system
#   Increase physical memory or swap space
#   Check if swap backing store is full
#   Use 64 bit Java on a 64 bit OS
#   Decrease Java heap size (-Xmx/-Xms)
#   Decrease number of Java threads
#   Decrease Java thread stack sizes (-Xss)
#   Set larger code cache with -XX:ReservedCodeCacheSize=
# This output file may be truncated or incomplete.
#
#  Out of Memory Error (memory/allocation.inline.hpp:62), pid=17156, tid=1792
#
# JRE version: Java(TM) SE Runtime Environment (8.0_20-b26) (build 1.8.0_20-b26)
# Java VM: Java HotSpot(TM) 64-Bit Server VM (25.20-b23 mixed mode windows-amd64 compressed oops)
# Failed to write core dump. Minidumps are not enabled by default on client versions of Windows
#

---------------  T H R E A D  ---------------

Current thread (0x0000000018007800):  VMThread [stack: 0x0000000019cf0000,0x0000000019df0000] [id=1792]

Stack: [0x0000000019cf0000,0x0000000019df0000]
Native frames: (J=compiled Java code, j=interpreted, Vv=VM code, C=native code)
V  [jvm.dll+0x3152fa]

VM_Operation (0x000000001c96ba00): CollectForMetadataAllocation, mode: safepoint, requested by thread 0x000000001b76b800


---------------  P R O C E S S  ---------------

Java Threads: ( => current thread )
  0x000000001b76b800 JavaThread "background-preinit" [_thread_blocked, id=12808, stack(0x000000001c870000,0x000000001c970000)]
  0x000000001ac9b000 JavaThread "RMI TCP Accept-0" daemon [_thread_in_native, id=14244, stack(0x000000001b3f0000,0x000000001b4f0000)]
  0x000000001ab49000 JavaThread "Service Thread" daemon [_thread_blocked, id=27116, stack(0x000000001b2f0000,0x000000001b3f0000)]
  0x000000001aaec800 JavaThread "C1 CompilerThread3" daemon [_thread_blocked, id=492, stack(0x000000001b1f0000,0x000000001b2f0000)]
  0x000000001aaea000 JavaThread "C2 CompilerThread2" daemon [_thread_blocked, id=10596, stack(0x000000001b0f0000,0x000000001b1f0000)]
  0x000000001aae7000 JavaThread "C2 CompilerThread1" daemon [_thread_blocked, id=22784, stack(0x000000001aff0000,0x000000001b0f0000)]
  0x000000001aae4000 JavaThread "C2 CompilerThread0" daemon [_thread_blocked, id=26944, stack(0x000000001aef0000,0x000000001aff0000)]
  0x000000001aa78800 JavaThread "Monitor Ctrl-Break" daemon [_thread_in_native, id=24376, stack(0x000000001adf0000,0x000000001aef0000)]
  0x000000001a07e000 JavaThread "Attach Listener" daemon [_thread_blocked, id=13660, stack(0x000000001a4f0000,0x000000001a5f0000)]
  0x000000001a07d800 JavaThread "Signal Dispatcher" daemon [_thread_blocked, id=11556, stack(0x000000001a3f0000,0x000000001a4f0000)]
  0x0000000002fbc800 JavaThread "Finalizer" daemon [_thread_blocked, id=9060, stack(0x0000000019ef0000,0x0000000019ff0000)]
  0x0000000002fba000 JavaThread "Reference Handler" daemon [_thread_blocked, id=1780, stack(0x0000000019df0000,0x0000000019ef0000)]
  0x0000000002ec3800 JavaThread "main" [_thread_blocked, id=26312, stack(0x0000000002dc0000,0x0000000002ec0000)]

Other Threads:
=>0x0000000018007800 VMThread [stack: 0x0000000019cf0000,0x0000000019df0000] [id=1792]
  0x000000001ac9d000 WatcherThread [stack: 0x000000001b4f0000,0x000000001b5f0000] [id=9760]

VM state:at safepoint (normal execution)

VM Mutex/Monitor currently owned by a thread:  ([mutex/lock_event])
[0x0000000002ec0fd0] Threads_lock - owner thread: 0x0000000018007800
[0x0000000002ec0a50] Heap_lock - owner thread: 0x000000001b76b800

Heap:
 PSYoungGen      total 37888K, used 4216K [0x00000000d6000000, 0x00000000daa00000, 0x0000000100000000)
  eden space 32768K, 0% used [0x00000000d6000000,0x00000000d6000000,0x00000000d8000000)
  from space 5120K, 82% used [0x00000000d8000000,0x00000000d841e1d8,0x00000000d8500000)
  to   space 5120K, 0% used [0x00000000da500000,0x00000000da500000,0x00000000daa00000)
 ParOldGen       total 86016K, used 269K [0x0000000082000000, 0x0000000087400000, 0x00000000d6000000)
  object space 86016K, 0% used [0x0000000082000000,0x00000000820435d8,0x0000000087400000)
 Metaspace       used 12840K, capacity 13138K, committed 13184K, reserved 1064960K
  class space    used 1595K, capacity 1653K, committed 1664K, reserved 1048576K

Card table byte_map: [0x0000000012490000,0x0000000012890000] byte_map_base: 0x0000000012080000

Marking Bits: (ParMarkBitMap*) 0x00000000627cb460
 Begin Bits: [0x0000000013330000, 0x00000000152b0000)
 End Bits:   [0x00000000152b0000, 0x0000000017230000)

Polling page: 0x0000000000b00000

CodeCache: size=245760Kb used=2764Kb max_used=2764Kb free=242995Kb
 bounds [0x00000000030d0000, 0x0000000003390000, 0x00000000120d0000]
 total_blobs=1480 nmethods=1111 adapters=283
 compilation: enabled

Compilation events (10 events):
Event: 2.384 Thread 0x000000001aaec800 1107       1       java.nio.HeapByteBuffer::_get (7 bytes)
Event: 2.384 Thread 0x000000001aaec800 nmethod 1107 0x0000000003381f90 code [0x00000000033820e0, 0x0000000003382210]
Event: 2.385 Thread 0x000000001aaec800 1108       1       sun.misc.ProxyGenerator::dotToSlash (9 bytes)
Event: 2.385 Thread 0x000000001aaec800 nmethod 1108 0x00000000033822d0 code [0x0000000003382420, 0x0000000003382548]
Event: 2.385 Thread 0x000000001aaec800 1109       1       org.springframework.boot.context.properties.source.ConfigurationPropertyName$ElementType::allowsFastEqualityCheck (20 bytes)
Event: 2.386 Thread 0x000000001aaec800 nmethod 1109 0x00000000033825d0 code [0x0000000003382720, 0x0000000003382870]
Event: 2.386 Thread 0x000000001aaec800 1110       1       org.springframework.boot.context.properties.source.SpringConfigurationPropertySource::getPropertySource (5 bytes)
Event: 2.386 Thread 0x000000001aaec800 nmethod 1110 0x00000000033828d0 code [0x0000000003382a20, 0x0000000003382b30]
Event: 2.386 Thread 0x000000001aaec800 1111       1       org.springframework.boot.context.properties.source.ConfigurationPropertyName$Elements::getLength (46 bytes)
Event: 2.386 Thread 0x000000001aaec800 nmethod 1111 0x0000000003382b90 code [0x0000000003382d00, 0x0000000003382ec8]

GC Heap History (7 events):
Event: 2.002 GC heap before
{Heap before GC invocations=1 (full 0):
 PSYoungGen      total 37888K, used 32768K [0x00000000d6000000, 0x00000000d8a00000, 0x0000000100000000)
  eden space 32768K, 100% used [0x00000000d6000000,0x00000000d8000000,0x00000000d8000000)
  from space 5120K, 0% used [0x00000000d8500000,0x00000000d8500000,0x00000000d8a00000)
  to   space 5120K, 0% used [0x00000000d8000000,0x00000000d8000000,0x00000000d8500000)
 ParOldGen       total 86016K, used 0K [0x0000000082000000, 0x0000000087400000, 0x00000000d6000000)
  object space 86016K, 0% used [0x0000000082000000,0x0000000082000000,0x0000000087400000)
 Metaspace       used 9315K, capacity 9528K, committed 9728K, reserved 1058816K
  class space    used 1109K, capacity 1162K, committed 1280K, reserved 1048576K
Event: 2.015 GC heap after
Heap after GC invocations=1 (full 0):
 PSYoungGen      total 37888K, used 4491K [0x00000000d6000000, 0x00000000d8a00000, 0x0000000100000000)
  eden space 32768K, 0% used [0x00000000d6000000,0x00000000d6000000,0x00000000d8000000)
  from space 5120K, 87% used [0x00000000d8000000,0x00000000d8462c18,0x00000000d8500000)
  to   space 5120K, 0% used [0x00000000d8500000,0x00000000d8500000,0x00000000d8a00000)
 ParOldGen       total 86016K, used 8K [0x0000000082000000, 0x0000000087400000, 0x00000000d6000000)
  object space 86016K, 0% used [0x0000000082000000,0x0000000082002000,0x0000000087400000)
 Metaspace       used 9315K, capacity 9528K, committed 9728K, reserved 1058816K
  class space    used 1109K, capacity 1162K, committed 1280K, reserved 1048576K
}
Event: 2.334 GC heap before
{Heap before GC invocations=2 (full 0):
 PSYoungGen      total 37888K, used 37259K [0x00000000d6000000, 0x00000000d8a00000, 0x0000000100000000)
  eden space 32768K, 100% used [0x00000000d6000000,0x00000000d8000000,0x00000000d8000000)
  from space 5120K, 87% used [0x00000000d8000000,0x00000000d8462c18,0x00000000d8500000)
  to   space 5120K, 0% used [0x00000000d8500000,0x00000000d8500000,0x00000000d8a00000)
 ParOldGen       total 86016K, used 8K [0x0000000082000000, 0x0000000087400000, 0x00000000d6000000)
  object space 86016K, 0% used [0x0000000082000000,0x0000000082002000,0x0000000087400000)
 Metaspace       used 12413K, capacity 12704K, committed 12928K, reserved 1060864K
  class space    used 1531K, capacity 1598K, committed 1664K, reserved 1048576K
Event: 2.342 GC heap after
Heap after GC invocations=2 (full 0):
 PSYoungGen      total 37888K, used 5113K [0x00000000d6000000, 0x00000000daa00000, 0x0000000100000000)
  eden space 32768K, 0% used [0x00000000d6000000,0x00000000d6000000,0x00000000d8000000)
  from space 5120K, 99% used [0x00000000d8500000,0x00000000d89fe510,0x00000000d8a00000)
  to   space 5120K, 0% used [0x00000000d8000000,0x00000000d8000000,0x00000000d8500000)
 ParOldGen       total 86016K, used 261K [0x0000000082000000, 0x0000000087400000, 0x00000000d6000000)
  object space 86016K, 0% used [0x0000000082000000,0x00000000820415d8,0x0000000087400000)
 Metaspace       used 12413K, capacity 12704K, committed 12928K, reserved 1060864K
  class space    used 1531K, capacity 1598K, committed 1664K, reserved 1048576K
}
Event: 2.393 GC heap before
{Heap before GC invocations=3 (full 0):
 PSYoungGen      total 37888K, used 13131K [0x00000000d6000000, 0x00000000daa00000, 0x0000000100000000)
  eden space 32768K, 24% used [0x00000000d6000000,0x00000000d67d48f8,0x00000000d8000000)
  from space 5120K, 99% used [0x00000000d8500000,0x00000000d89fe510,0x00000000d8a00000)
  to   space 5120K, 0% used [0x00000000d8000000,0x00000000d8000000,0x00000000d8500000)
 ParOldGen       total 86016K, used 261K [0x0000000082000000, 0x0000000087400000, 0x00000000d6000000)
  object space 86016K, 0% used [0x0000000082000000,0x00000000820415d8,0x0000000087400000)
 Metaspace       used 12840K, capacity 13138K, committed 13184K, reserved 1064960K
  class space    used 1595K, capacity 1653K, committed 1664K, reserved 1048576K
Event: 2.398 GC heap after
Heap after GC invocations=3 (full 0):
 PSYoungGen      total 37888K, used 4216K [0x00000000d6000000, 0x00000000daa00000, 0x0000000100000000)
  eden space 32768K, 0% used [0x00000000d6000000,0x00000000d6000000,0x00000000d8000000)
  from space 5120K, 82% used [0x00000000d8000000,0x00000000d841e1d8,0x00000000d8500000)
  to   space 5120K, 0% used [0x00000000da500000,0x00000000da500000,0x00000000daa00000)
 ParOldGen       total 86016K, used 269K [0x0000000082000000, 0x0000000087400000, 0x00000000d6000000)
  object space 86016K, 0% used [0x0000000082000000,0x00000000820435d8,0x0000000087400000)
 Metaspace       used 12840K, capacity 13138K, committed 13184K, reserved 1064960K
  class space    used 1595K, capacity 1653K, committed 1664K, reserved 1048576K
}
Event: 2.398 GC heap before
{Heap before GC invocations=4 (full 1):
 PSYoungGen      total 37888K, used 4216K [0x00000000d6000000, 0x00000000daa00000, 0x0000000100000000)
  eden space 32768K, 0% used [0x00000000d6000000,0x00000000d6000000,0x00000000d8000000)
  from space 5120K, 82% used [0x00000000d8000000,0x00000000d841e1d8,0x00000000d8500000)
  to   space 5120K, 0% used [0x00000000da500000,0x00000000da500000,0x00000000daa00000)
 ParOldGen       total 86016K, used 269K [0x0000000082000000, 0x0000000087400000, 0x00000000d6000000)
  object space 86016K, 0% used [0x0000000082000000,0x00000000820435d8,0x0000000087400000)
 Metaspace       used 12840K, capacity 13138K, committed 13184K, reserved 1064960K
  class space    used 1595K, capacity 1653K, committed 1664K, reserved 1048576K

Deoptimization events (0 events):
No events

Internal exceptions (10 events):
Event: 2.389 Thread 0x000000001b76b800 Exception <a 'java/lang/OutOfMemoryError'> (0x00000000d66cf6c0) thrown at [D:\re\workspace\8-2-build-windows-amd64-cygwin\jdk8u20\1074\hotspot\src\share\vm\prims\jni.cpp, line 742]
Event: 2.389 Thread 0x000000001b76b800 Exception <a 'java/lang/OutOfMemoryError'> (0x00000000d66cf6c0) thrown at [D:\re\workspace\8-2-build-windows-amd64-cygwin\jdk8u20\1074\hotspot\src\share\vm\prims\jvm.cpp, line 1279]
Event: 2.389 Thread 0x000000001b76b800 Exception <a 'java/lang/OutOfMemoryError'> (0x00000000d66cf6c0) thrown at [D:\re\workspace\8-2-build-windows-amd64-cygwin\jdk8u20\1074\hotspot\src\share\vm\prims\jvm.cpp, line 1279]
Event: 2.389 Thread 0x000000001b76b800 Exception <a 'java/lang/OutOfMemoryError'> (0x00000000d66cf6c0) thrown at [D:\re\workspace\8-2-build-windows-amd64-cygwin\jdk8u20\1074\hotspot\src\share\vm\oops\instanceKlass.cpp, line 920]
Event: 2.389 Thread 0x000000001b76b800 Exception <a 'java/security/PrivilegedActionException'> (0x00000000d66d01b8) thrown at [D:\re\workspace\8-2-build-windows-amd64-cygwin\jdk8u20\1074\hotspot\src\share\vm\prims\jvm.cpp, line 1275]
Event: 2.389 Thread 0x0000000002ec3800 Exception <a 'java/security/PrivilegedActionException'> (0x00000000d65d4bc8) thrown at [D:\re\workspace\8-2-build-windows-amd64-cygwin\jdk8u20\1074\hotspot\src\share\vm\prims\jvm.cpp, line 1275]
Event: 2.389 Thread 0x000000001b76b800 Exception <a 'java/security/PrivilegedActionException'> (0x00000000d6760418) thrown at [D:\re\workspace\8-2-build-windows-amd64-cygwin\jdk8u20\1074\hotspot\src\share\vm\prims\jvm.cpp, line 1275]
Event: 2.390 Thread 0x000000001b76b800 Exception <a 'java/security/PrivilegedActionException'> (0x00000000d67713d0) thrown at [D:\re\workspace\8-2-build-windows-amd64-cygwin\jdk8u20\1074\hotspot\src\share\vm\prims\jvm.cpp, line 1275]
Event: 2.390 Thread 0x000000001b76b800 Exception <a 'java/security/PrivilegedActionException'> (0x00000000d6792738) thrown at [D:\re\workspace\8-2-build-windows-amd64-cygwin\jdk8u20\1074\hotspot\src\share\vm\prims\jvm.cpp, line 1275]
Event: 2.391 Thread 0x000000001b76b800 Exception <a 'java/security/PrivilegedActionException'> (0x00000000d679f880) thrown at [D:\re\workspace\8-2-build-windows-amd64-cygwin\jdk8u20\1074\hotspot\src\share\vm\prims\jvm.cpp, line 1275]

Events (10 events):
Event: 2.390 loading class java/util/concurrent/Executors done
Event: 2.390 loading class java/util/concurrent/Executors$FinalizableDelegatedExecutorService
Event: 2.390 loading class java/util/concurrent/Executors$DelegatedExecutorService
Event: 2.390 loading class java/util/concurrent/Executors$DelegatedExecutorService done
Event: 2.390 loading class java/util/concurrent/Executors$FinalizableDelegatedExecutorService done
Event: 2.390 loading class org/springframework/http/converter/HttpMessageConverter
Event: 2.390 loading class org/springframework/http/converter/HttpMessageConverter done
Event: 2.391 loading class org/springframework/http/MediaType
Event: 2.391 loading class org/springframework/http/MediaType done
Event: 2.393 Executing VM operation: CollectForMetadataAllocation


Dynamic libraries:
0x00007ff69c320000 - 0x00007ff69c354000 	C:\Program Files\Java\jdk1.8.0_20\bin\java.exe
0x00007ffd7f9a0000 - 0x00007ffd7fb90000 	C:\Windows\SYSTEM32\ntdll.dll
0x00007ffd7e650000 - 0x00007ffd7e702000 	C:\Windows\System32\KERNEL32.DLL
0x00007ffd7ced0000 - 0x00007ffd7d175000 	C:\Windows\System32\KERNELBASE.dll
0x00007ffd7e790000 - 0x00007ffd7e833000 	C:\Windows\System32\ADVAPI32.dll
0x00007ffd7da50000 - 0x00007ffd7daee000 	C:\Windows\System32\msvcrt.dll
0x00007ffd7e9f0000 - 0x00007ffd7ea87000 	C:\Windows\System32\sechost.dll
0x00007ffd7ec50000 - 0x00007ffd7ed70000 	C:\Windows\System32\RPCRT4.dll
0x00007ffd7e850000 - 0x00007ffd7e9e4000 	C:\Windows\System32\USER32.dll
0x00007ffd7cb50000 - 0x00007ffd7cb71000 	C:\Windows\System32\win32u.dll
0x00007ffd7dda0000 - 0x00007ffd7ddc6000 	C:\Windows\System32\GDI32.dll
0x00007ffd7cd30000 - 0x00007ffd7cec6000 	C:\Windows\System32\gdi32full.dll
0x00007ffd7c910000 - 0x00007ffd7c9ae000 	C:\Windows\System32\msvcp_win.dll
0x00007ffd7cc30000 - 0x00007ffd7cd2a000 	C:\Windows\System32\ucrtbase.dll
0x00007ffd6c5b0000 - 0x00007ffd6c834000 	C:\Windows\WinSxS\amd64_microsoft.windows.common-controls_6595b64144ccf1df_6.0.18362.1256_none_9e7e379be45e40e2\COMCTL32.dll
0x00007ffd7ed70000 - 0x00007ffd7f0a6000 	C:\Windows\System32\combase.dll
0x00007ffd7d930000 - 0x00007ffd7d9b1000 	C:\Windows\System32\bcryptPrimitives.dll
0x00007ffd7daf0000 - 0x00007ffd7db1e000 	C:\Windows\System32\IMM32.DLL
0x0000000063540000 - 0x0000000063612000 	C:\Program Files\Java\jdk1.8.0_20\jre\bin\msvcr100.dll
0x0000000061ff0000 - 0x0000000062848000 	C:\Program Files\Java\jdk1.8.0_20\jre\bin\server\jvm.dll
0x00007ffd7f1e0000 - 0x00007ffd7f1e8000 	C:\Windows\System32\PSAPI.DLL
0x00007ffd69cc0000 - 0x00007ffd69cc9000 	C:\Windows\SYSTEM32\WSOCK32.dll
0x00007ffd7a200000 - 0x00007ffd7a224000 	C:\Windows\SYSTEM32\WINMM.dll
0x00007ffd7ea90000 - 0x00007ffd7eaff000 	C:\Windows\System32\WS2_32.dll
0x00007ffd7a0a0000 - 0x00007ffd7a0cd000 	C:\Windows\SYSTEM32\winmmbase.dll
0x00007ffd7cb00000 - 0x00007ffd7cb4a000 	C:\Windows\System32\cfgmgr32.dll
0x00000000638a0000 - 0x00000000638af000 	C:\Program Files\Java\jdk1.8.0_20\jre\bin\verify.dll
0x0000000063870000 - 0x0000000063898000 	C:\Program Files\Java\jdk1.8.0_20\jre\bin\java.dll
0x00000000634e0000 - 0x0000000063503000 	C:\Program Files\Java\jdk1.8.0_20\jre\bin\instrument.dll
0x0000000063850000 - 0x0000000063866000 	C:\Program Files\Java\jdk1.8.0_20\jre\bin\zip.dll
0x00007ffd7de80000 - 0x00007ffd7e567000 	C:\Windows\System32\SHELL32.dll
0x00007ffd7f110000 - 0x00007ffd7f1b9000 	C:\Windows\System32\shcore.dll
0x00007ffd7d180000 - 0x00007ffd7d901000 	C:\Windows\System32\windows.storage.dll
0x00007ffd7c8a0000 - 0x00007ffd7c8c3000 	C:\Windows\System32\profapi.dll
0x00007ffd7c850000 - 0x00007ffd7c89a000 	C:\Windows\System32\powrprof.dll
0x00007ffd7c840000 - 0x00007ffd7c850000 	C:\Windows\System32\UMPDC.dll
0x00007ffd7f7c0000 - 0x00007ffd7f812000 	C:\Windows\System32\shlwapi.dll
0x00007ffd7c8d0000 - 0x00007ffd7c8e1000 	C:\Windows\System32\kernel.appcore.dll
0x00007ffd7d910000 - 0x00007ffd7d927000 	C:\Windows\System32\cryptsp.dll
0x0000000063820000 - 0x000000006383a000 	C:\Program Files\Java\jdk1.8.0_20\jre\bin\net.dll
0x00007ffd7c090000 - 0x00007ffd7c0f7000 	C:\Windows\system32\mswsock.dll
0x00007ffd7bde0000 - 0x00007ffd7beab000 	C:\Windows\SYSTEM32\DNSAPI.dll
0x00007ffd7e640000 - 0x00007ffd7e648000 	C:\Windows\System32\NSI.dll
0x00007ffd7bda0000 - 0x00007ffd7bdda000 	C:\Windows\SYSTEM32\IPHLPAPI.DLL
0x00007ffd5f520000 - 0x00007ffd5f52a000 	C:\Windows\System32\rasadhlp.dll
0x00007ffd6eb40000 - 0x00007ffd6ebb7000 	C:\Windows\System32\fwpuclnt.dll
0x00007ffd7da20000 - 0x00007ffd7da46000 	C:\Windows\System32\bcrypt.dll
0x0000000063840000 - 0x000000006384d000 	C:\Program Files\Java\jdk1.8.0_20\jre\bin\management.dll
0x0000000063800000 - 0x0000000063811000 	C:\Program Files\Java\jdk1.8.0_20\jre\bin\nio.dll
0x00007ffd7bc00000 - 0x00007ffd7bc33000 	C:\Windows\system32\rsaenh.dll
0x00007ffd7c720000 - 0x00007ffd7c745000 	C:\Windows\SYSTEM32\USERENV.dll
0x00007ffd7c260000 - 0x00007ffd7c26c000 	C:\Windows\SYSTEM32\CRYPTBASE.dll
0x00007ffd744c0000 - 0x00007ffd744d6000 	C:\Windows\SYSTEM32\dhcpcsvc6.DLL
0x00007ffd6e720000 - 0x00007ffd6e73c000 	C:\Windows\SYSTEM32\dhcpcsvc.DLL
0x00007ffd68090000 - 0x00007ffd680a6000 	C:\Windows\system32\napinsp.dll
0x00007ffd64400000 - 0x00007ffd6441a000 	C:\Windows\system32\pnrpnsp.dll
0x00007ffd68080000 - 0x00007ffd6808e000 	C:\Windows\System32\winrnr.dll
0x00007ffd79240000 - 0x00007ffd7925c000 	C:\Windows\system32\NLAapi.dll
0x00007ffd642d0000 - 0x00007ffd642e5000 	C:\Windows\system32\wshbth.dll

VM Arguments:
jvm_args: -XX:TieredStopAtLevel=1 -Xverify:none -Dspring.output.ansi.enabled=always -Dcom.sun.management.jmxremote -Dspring.jmx.enabled=true -Dspring.liveBeansView.mbeanDomain -Dspring.application.admin.enabled=true -javaagent:D:\java编程\IntelliJ IDEA 2019.3.2\lib\idea_rt.jar=59250:D:\java编程\IntelliJ IDEA 2019.3.2\bin -Dfile.encoding=UTF-8 
java_command: com.example.IndentApplication
java_class_path (initial): C:\Program Files\Java\jdk1.8.0_20\jre\lib\charsets.jar;C:\Program Files\Java\jdk1.8.0_20\jre\lib\deploy.jar;C:\Program Files\Java\jdk1.8.0_20\jre\lib\ext\access-bridge-64.jar;C:\Program Files\Java\jdk1.8.0_20\jre\lib\ext\cldrdata.jar;C:\Program Files\Java\jdk1.8.0_20\jre\lib\ext\dnsns.jar;C:\Program Files\Java\jdk1.8.0_20\jre\lib\ext\jaccess.jar;C:\Program Files\Java\jdk1.8.0_20\jre\lib\ext\jfxrt.jar;C:\Program Files\Java\jdk1.8.0_20\jre\lib\ext\localedata.jar;C:\Program Files\Java\jdk1.8.0_20\jre\lib\ext\nashorn.jar;C:\Program Files\Java\jdk1.8.0_20\jre\lib\ext\sunec.jar;C:\Program Files\Java\jdk1.8.0_20\jre\lib\ext\sunjce_provider.jar;C:\Program Files\Java\jdk1.8.0_20\jre\lib\ext\sunmscapi.jar;C:\Program Files\Java\jdk1.8.0_20\jre\lib\ext\sunpkcs11.jar;C:\Program Files\Java\jdk1.8.0_20\jre\lib\ext\zipfs.jar;C:\Program Files\Java\jdk1.8.0_20\jre\lib\javaws.jar;C:\Program Files\Java\jdk1.8.0_20\jre\lib\jce.jar;C:\Program Files\Java\jdk1.8.0_20\jre\lib\jfr.jar;C:\Program Files\Java\jdk1.8.0_20\jre\lib\jfxswt.jar;C:\Program Files\Java\jdk1.8.0_20\jre\lib\jsse.jar;C:\Program Files\Java\jdk1.8.0_20\jre\lib\management-agent.jar;C:\Program Files\Java\jdk1.8.0_20\jre\lib\plugin.jar;C:\Program Files\Java\jdk1.8.0_20\jre\lib\resources.jar;C:\Program Files\Java\jdk1.8.0_20\jre\lib\rt.jar;D:\java编程\back\Oops\service\indent\target\classes;D:\java编程\back\Oops\common\service_base\target\classes;D:\repository\org\apache\commons\commons-pool2\2.7.0\commons-pool2-2.7.0.jar;D:\repository\org\springframework\boot\spring-boot-starter-data-mongodb\2.2.1.RELEASE\spring-boot-starter-data-mongodb-2.2.1.RELEASE.jar;D:\repository\org\mongodb\mongodb-driver\3.11.2\mongodb-driver-3.11.2.jar;D:\repository\org\mongodb\bson\3.11.2\bson-3.11.2.jar;D:\repository\org\mongodb\mongodb-driver-core\3.11.2\mongodb-driver-core-3.11.2.jar;D:\repository\org\springframework\data\spring-data-mongodb\2.2.1.RELEASE\spring-data-mongodb-2.2.1.RELEASE.jar;D:\repository\org\springfr
Launcher Type: SUN_STANDARD

Environment Variables:
JAVA_HOME=C:\Program Files\Java\jdk1.8.0_20
CLASSPATH=.;C:\Program Files\Java\jdk1.8.0_20\lib\dt.jar;C:\Program Files\Java\jdk1.8.0_20\lib\tools.jar;MySQL JDBC Driver;
PATH=D:\虚拟机\XFtp\Xshell\;D:\虚拟机\XFtp\Xftp\;D:;虚拟机\XFtp\Xshell\;D:;Oracle\softwareUrl\bin;C:\ProgramData\Oracle\Java\javapath;C:\Windows\system32;C:\Windows;C:\Windows\System32\Wbem;C:\Windows\System32\WindowsPowerShell\v1.0\;C:\Windows\System32\OpenSSH\;C:\Program Files (x86)\Microsoft SQL Server\100\Tools\Binn\;C:\Program Files\Microsoft SQL Server\100\Tools\Binn\;C:\Program Files\Microsoft SQL Server\100\DTS\Binn\;C:\Program Files (x86)\Microsoft SQL Server\100\Tools\Binn\VSShell\Common7\IDE\;C:\Program Files (x86)\Microsoft Visual Studio 9.0\Common7\IDE\PrivateAssemblies\;C:\Program Files (x86)\Microsoft SQL Server\100\DTS\Binn\;C:\Program Files\Microsoft SQL Server\110\Tools\Binn\;D:\java\bin;D:\SJK\bin;D:\LJ\bin;D:\版本控制\服务端安装\bin;D:\版本控制\;户端安装\bin;D:\java编程\git\安装路径\Git\cmd;D:\java编程\git\TortoiseGit安装\bin;D:\apache-maven-3.6.3\bin;D:\Nodejs\;D:\nodejs\node_global;D:\RabbitMQ\ot\erl-23.1\bin;C:\Users\DELL\AppData\Local\Microsoft\WindowsApps;C:\Program Files\Java\jdk1.8.0_20\bin\;C:\Program Files\Java\jdk1.8.0_20\jre\bin\;;D:\java编程\IntelliJ IDEA 2019.3.2\bin;;D:\Microsoft VS Code\Microsoft VS Code\bin;C:\Users\DELL\AppData\Roaming\npm
USERNAME=DELL
OS=Windows_NT
PROCESSOR_IDENTIFIER=Intel64 Family 6 Model 142 Stepping 10, GenuineIntel



---------------  S Y S T E M  ---------------

OS: Windows 8.1 , 64 bit Build 9600 

CPU:total 8 (4 cores per cpu, 2 threads per core) family 6 model 142 stepping 10, cmov, cx8, fxsr, mmx, sse, sse2, sse3, ssse3, sse4.1, sse4.2, popcnt, avx, avx2, aes, clmul, erms, lzcnt, ht, tsc, tscinvbit, bmi1, bmi2

Memory: 4k page, physical 8250436k(350732k free), swap 27072592k(2032k free)

vm_info: Java HotSpot(TM) 64-Bit Server VM (25.20-b23) for windows-amd64 JRE (1.8.0_20-b26), built on Jul 30 2014 13:51:23 by "java_re" with MS VC++ 10.0 (VS2010)

time: Sat Jan 09 22:27:24 2021
elapsed time: 2 seconds (0d 0h 0m 2s)

