#
# There is insufficient memory for the Java Runtime Environment to continue.
# Native memory allocation (malloc) failed to allocate 32744 bytes for ChunkPool::allocate
# Possible reasons:
#   The system is out of physical RAM or swap space
#   In 32 bit mode, the process size limit was hit
# Possible solutions:
#   Reduce memory load on the system
#   Increase physical memory or swap space
#   Check if swap backing store is full
#   Use 64 bit Java on a 64 bit OS
#   Decrease Java heap size (-Xmx/-Xms)
#   Decrease number of Java threads
#   Decrease Java thread stack sizes (-Xss)
#   Set larger code cache with -XX:ReservedCodeCacheSize=
# This output file may be truncated or incomplete.
#
#  Out of Memory Error (allocation.cpp:273), pid=6816, tid=18300
#
# JRE version: Java(TM) SE Runtime Environment (8.0_20-b26) (build 1.8.0_20-b26)
# Java VM: Java HotSpot(TM) 64-Bit Server VM (25.20-b23 mixed mode windows-amd64 compressed oops)
# Failed to write core dump. Minidumps are not enabled by default on client versions of Windows
#

---------------  T H R E A D  ---------------

Current thread (0x000000001a3d5800):  JavaThread "C1 CompilerThread3" daemon [_thread_in_native, id=18300, stack(0x000000001aa90000,0x000000001ab90000)]

Stack: [0x000000001aa90000,0x000000001ab90000]
Native frames: (J=compiled Java code, j=interpreted, Vv=VM code, C=native code)
V  [jvm.dll+0x3152fa]


Current CompileTask:
C1:   1337  221   !   1       sun.net.www.ParseUtil::decode (316 bytes)


---------------  P R O C E S S  ---------------

Java Threads: ( => current thread )
  0x000000001a3dd000 JavaThread "Service Thread" daemon [_thread_blocked, id=15136, stack(0x000000001ab90000,0x000000001ac90000)]
=>0x000000001a3d5800 JavaThread "C1 CompilerThread3" daemon [_thread_in_native, id=18300, stack(0x000000001aa90000,0x000000001ab90000)]
  0x000000001a3d4800 JavaThread "C2 CompilerThread2" daemon [_thread_blocked, id=21776, stack(0x000000001a990000,0x000000001aa90000)]
  0x000000001a2fe800 JavaThread "C2 CompilerThread1" daemon [_thread_blocked, id=15268, stack(0x000000001a890000,0x000000001a990000)]
  0x000000001a2fc000 JavaThread "C2 CompilerThread0" daemon [_thread_blocked, id=7484, stack(0x000000001a790000,0x000000001a890000)]
  0x000000001a387000 JavaThread "Monitor Ctrl-Break" daemon [_thread_in_native, id=22596, stack(0x000000001a690000,0x000000001a790000)]
  0x0000000019920000 JavaThread "Attach Listener" daemon [_thread_blocked, id=15444, stack(0x0000000019d90000,0x0000000019e90000)]
  0x000000001991f800 JavaThread "Signal Dispatcher" daemon [_thread_blocked, id=17184, stack(0x0000000019c90000,0x0000000019d90000)]
  0x000000000280c000 JavaThread "Finalizer" daemon [_thread_blocked, id=9896, stack(0x0000000019790000,0x0000000019890000)]
  0x000000000280a800 JavaThread "Reference Handler" daemon [_thread_blocked, id=21544, stack(0x0000000019690000,0x0000000019790000)]
  0x000000000271b000 JavaThread "main" [_thread_in_native, id=1320, stack(0x00000000025b0000,0x00000000026b0000)]

Other Threads:
  0x00000000178a7800 VMThread [stack: 0x0000000019590000,0x0000000019690000] [id=5828]

VM state:not at safepoint (normal execution)

VM Mutex/Monitor currently owned by a thread: None

Heap:
 PSYoungGen      total 37888K, used 10588K [0x00000000d6000000, 0x00000000d8a00000, 0x0000000100000000)
  eden space 32768K, 32% used [0x00000000d6000000,0x00000000d6a57350,0x00000000d8000000)
  from space 5120K, 0% used [0x00000000d8500000,0x00000000d8500000,0x00000000d8a00000)
  to   space 5120K, 0% used [0x00000000d8000000,0x00000000d8000000,0x00000000d8500000)
 ParOldGen       total 86016K, used 0K [0x0000000082000000, 0x0000000087400000, 0x00000000d6000000)
  object space 86016K, 0% used [0x0000000082000000,0x0000000082000000,0x0000000087400000)
 Metaspace       used 5296K, capacity 5350K, committed 5632K, reserved 1060864K
  class space    used 621K, capacity 650K, committed 768K, reserved 1048576K

Card table byte_map: [0x0000000011d00000,0x0000000012100000] byte_map_base: 0x00000000118f0000

Marking Bits: (ParMarkBitMap*) 0x0000000062b0b460
 Begin Bits: [0x0000000012ba0000, 0x0000000014b20000)
 End Bits:   [0x0000000014b20000, 0x0000000016aa0000)

Polling page: 0x0000000000590000

CodeCache: size=245760Kb used=1345Kb max_used=1345Kb free=244414Kb
 bounds [0x0000000002940000, 0x0000000002bb0000, 0x0000000011940000]
 total_blobs=513 nmethods=220 adapters=207
 compilation: enabled

Compilation events (10 events):
Event: 1.324 Thread 0x000000001a3d5800 nmethod 216 0x0000000002a8d690 code [0x0000000002a8d8a0, 0x0000000002a8e668]
Event: 1.324 Thread 0x000000001a3d5800  217       1       java.util.Arrays::copyOf (46 bytes)
Event: 1.324 Thread 0x000000001a3d5800 nmethod 217 0x0000000002a8f190 code [0x0000000002a8f320, 0x0000000002a8f6c8]
Event: 1.324 Thread 0x000000001a3d5800  218       1       java.io.WinNTFileSystem::prefixLength (91 bytes)
Event: 1.325 Thread 0x000000001a3d5800 nmethod 218 0x0000000002a8f850 code [0x0000000002a8fa00, 0x0000000002a8fe08]
Event: 1.326 Thread 0x000000001a3d5800  219       1       java.util.Vector::ensureCapacityHelper (16 bytes)
Event: 1.326 Thread 0x000000001a3d5800 nmethod 219 0x0000000002a90150 code [0x0000000002a902a0, 0x0000000002a903e8]
Event: 1.329 Thread 0x000000001a3d5800  220       1       java.net.URL::getPath (5 bytes)
Event: 1.329 Thread 0x000000001a3d5800 nmethod 220 0x0000000002a90490 code [0x0000000002a905e0, 0x0000000002a906f0]
Event: 1.329 Thread 0x000000001a3d5800  221   !   1       sun.net.www.ParseUtil::decode (316 bytes)

GC Heap History (0 events):
No events

Deoptimization events (0 events):
No events

Internal exceptions (10 events):
Event: 1.030 Thread 0x000000000271b000 Exception <a 'java/security/PrivilegedActionException'> (0x00000000d661fe30) thrown at [D:\re\workspace\8-2-build-windows-amd64-cygwin\jdk8u20\1074\hotspot\src\share\vm\prims\jvm.cpp, line 1275]
Event: 1.250 Thread 0x000000000271b000 Exception <a 'java/lang/ArrayIndexOutOfBoundsException'> (0x00000000d6916510) thrown at [D:\re\workspace\8-2-build-windows-amd64-cygwin\jdk8u20\1074\hotspot\src\share\vm\runtime\sharedRuntime.cpp, line 604]
Event: 1.251 Thread 0x000000000271b000 Exception <a 'java/lang/ArrayIndexOutOfBoundsException'> (0x00000000d6918a50) thrown at [D:\re\workspace\8-2-build-windows-amd64-cygwin\jdk8u20\1074\hotspot\src\share\vm\runtime\sharedRuntime.cpp, line 604]
Event: 1.251 Thread 0x000000000271b000 Exception <a 'java/lang/ArrayIndexOutOfBoundsException'> (0x00000000d691a010) thrown at [D:\re\workspace\8-2-build-windows-amd64-cygwin\jdk8u20\1074\hotspot\src\share\vm\runtime\sharedRuntime.cpp, line 604]
Event: 1.254 Thread 0x000000000271b000 Exception <a 'java/lang/ArrayIndexOutOfBoundsException'> (0x00000000d691fcb0) thrown at [D:\re\workspace\8-2-build-windows-amd64-cygwin\jdk8u20\1074\hotspot\src\share\vm\runtime\sharedRuntime.cpp, line 604]
Event: 1.270 Thread 0x000000000271b000 Exception <a 'java/lang/ArrayIndexOutOfBoundsException'> (0x00000000d694d1d0) thrown at [D:\re\workspace\8-2-build-windows-amd64-cygwin\jdk8u20\1074\hotspot\src\share\vm\runtime\sharedRuntime.cpp, line 604]
Event: 1.270 Thread 0x000000000271b000 Exception <a 'java/lang/ArrayIndexOutOfBoundsException'> (0x00000000d694e7b8) thrown at [D:\re\workspace\8-2-build-windows-amd64-cygwin\jdk8u20\1074\hotspot\src\share\vm\runtime\sharedRuntime.cpp, line 604]
Event: 1.271 Thread 0x000000000271b000 Exception <a 'java/lang/ArrayIndexOutOfBoundsException'> (0x00000000d6951088) thrown at [D:\re\workspace\8-2-build-windows-amd64-cygwin\jdk8u20\1074\hotspot\src\share\vm\runtime\sharedRuntime.cpp, line 604]
Event: 1.282 Thread 0x000000000271b000 Exception <a 'java/lang/ArrayIndexOutOfBoundsException'> (0x00000000d697e178) thrown at [D:\re\workspace\8-2-build-windows-amd64-cygwin\jdk8u20\1074\hotspot\src\share\vm\runtime\sharedRuntime.cpp, line 604]
Event: 1.300 Thread 0x000000000271b000 Exception <a 'java/lang/ArrayIndexOutOfBoundsException'> (0x00000000d699dcb8) thrown at [D:\re\workspace\8-2-build-windows-amd64-cygwin\jdk8u20\1074\hotspot\src\share\vm\runtime\sharedRuntime.cpp, line 604]

Events (10 events):
Event: 1.326 loading class sun/misc/URLClassPath$2
Event: 1.327 loading class sun/misc/URLClassPath$2 done
Event: 1.327 loading class java/lang/ClassLoader$2
Event: 1.328 loading class java/lang/ClassLoader$2 done
Event: 1.328 loading class sun/misc/URLClassPath$1
Event: 1.328 loading class sun/misc/URLClassPath$1 done
Event: 1.328 loading class java/net/URLClassLoader$3
Event: 1.328 loading class java/net/URLClassLoader$3 done
Event: 1.328 loading class sun/misc/CompoundEnumeration
Event: 1.328 loading class sun/misc/CompoundEnumeration done


Dynamic libraries:
0x00007ff71b190000 - 0x00007ff71b1c4000 	C:\Program Files\Java\jdk1.8.0_20\bin\java.exe
0x00007ffb85e60000 - 0x00007ffb86050000 	C:\Windows\SYSTEM32\ntdll.dll
0x00007ffb83f70000 - 0x00007ffb84022000 	C:\Windows\SYSTEM32\ntdll.dll0x00007ffb83390000 - 0x00007ffb83635000 	C:\Windows\System32\KERNELBASE.dll
0x00007ffb84030000 - 0x00007ffb840d3000 	C:\Windows\System32\ADVAPI32.dll
0x00007ffb858c0000 - 0x00007ffb8595e000 	C:\Windows\System32\sechost.dll
0x00007ffb85d80000 - 0x00007ffb85e17000 	C:\Windows\System32\sechost.dll
0x00007ffb840e0000 - 0x00007ffb84200000 	C:\Windows\System32\RPC32u.dll
0x00007ffb85ab0000 - 0x00007ffb85c44000 	C:\Windows\System32\GDI32.dll
0x00007ffb83640000 - 0x00007ffb83661000 	C:\Windows\System32\win32u.dll
0x00007ffb85d50000 - 0x00007ffb85d76000 	C:\Windows\System32\msvcp_win.dll
0x00007ffb82e60000 - 0x00007ffb82ff6000 	C:\Windows\System32\ucrtbase.dll
0x00007ffb832f0000 - 0x00007ffb8338e000 	C:\Windows\System32\msvcp_win.dll
0x00007ffb83000000 - 0x00007ffb830fa000 	C:\Windows\System32\ucrtbase.dll
0x00007ffb72af0000 - 0x00007ffb72d74000 	C:\Windows\WinSxS\amd64_microsoft.windows.common-controls_6595b64144ccf1df_6.0.18362.1256_none_9e7e379be45e40e2\COMCTL32.dll
0x00007ffb84c80000 - 0x00007ffb84fb6000 	C:\Program Files\Java\jdk1.8.0_20\jre\bin\msvcr100.dll
0x00007ffb82dd0000 - 0x00007ffb82e51000 	C:\Program Files\Java\jdk1.8.0_20\jre\bin\server\jvm.dll
0x00007ffb85c50000 - 0x00007ffb85c7e000 	C:\Windows\System32\PSAPI.DLL
0x0000000062b90000 - 0x0000000062c62000 	C:\Windows\SYSTEM32\WINMM.dll
0x0000000062330000 - 0x0000000062b88000 	C:\Program Files\Java\jdk1.8.0_20\jre\bin\server\jvm.dll
0x00007ffb84a40000 - 0x00007ffb84a48000 	C:\Windows\SYSTEM32\WSOCK32.dll
0x00007ffb7f640000 - 0x00007ffb7f664000 	C:\Windows\SYSTEM32\WINMM.dll
0x00007ffb7b6a0000 - 0x00007ffb7b6a9000 	C:\Windows\SYSTEM32\WSOCK32.dll
0x00007ffb859c0000 - 0x00007ffb85a2f000 	C:\Windows\System32\WS2_32.dll
0x00007ffb7f610000 - 0x00007ffb7f63d000 	C:\Windows\System32\cfgmgr32.dll
0x00007ffb83270000 - 0x00007ffb832ba000 	C:\Windows\System32\cfgmgr32.dll
0x0000000062e70000 - 0x0000000062e7f000 	C:\Program Files\Java\jdk1.8.0_20\jre\bin\verify.dll
0x0000000062300000 - 0x0000000062328000 	C:\Program Files\Java\jdk1.8.0_20\jre\bin\java.dll
0x0000000062250000 - 0x0000000062273000 	C:\Program Files\Java\jdk1.8.0_20\jre\bin\instrument.dll
0x0000000062e50000 - 0x0000000062e66000 	C:\Program Files\Java\jdk1.8.0_20\jre\bin\zip.dll
0x00007ffb842d0000 - 0x00007ffb849b7000 	C:\Program Files\Java\jdk1.8.0_20\bin\java.exe
0x00007ffb84fc0000 - 0x00007ffb85069000 	C:\Windows\System32\msvcrt.dll
0x00007ffb836d0000 - 0x00007ffb83e51000 	C:\Windows\System32\USER32.dll
0x00007ffb82d80000 - 0x00007ffb82da3000 	C:\Windows\System32\gdi32full.dll
0x00007ffb82d30000 - 0x00007ffb82d7a000 	C:\Windows\System32\ucrtbase.dll
0x00007ffb82d00000 - 0x00007ffb82d10000 	C:\Windows\WinSxS\amd64_microsoft.windows.common-controls_6595b64144ccf1df_6.0.18362.1256_none_9e7e379be45e40e2\COMCTL32.dll
0x00007ffb83f10000 - 0x00007ffb83f62000 	C:\Windows\System32\shlwapi.dll
0x00007ffb82d10000 - 0x00007ffb82d21000 	C:\Windows\System32\kernel.appcore.dll
0x00007ffb83250000 - 0x00007ffb83267000 	C:\Windows\System32\cryptsp.dll
0x00000000622d0000 - 0x00000000622ea000 	C:\Program Files\Java\jdk1.8.0_20\jre\bin\net.dll
0x00007ffb82550000 - 0x00007ffb825b7000 	C:\Windows\system32\mswsock.dll
0x00007ffb822a0000 - 0x00007ffb8236b000 	C:\Windows\SYSTEM32\DNSAPI.dll
0x00007ffb85550000 - 0x00007ffb85558000 	C:\Windows\System32\NSI.dll
0x00007ffb82260000 - 0x00007ffb8229a000 	C:\Windows\SYSTEM32\IPHLPAPI.DLL
0x00007ffb6e5a0000 - 0x00007ffb6e5aa000 	C:\Windows\System32\combase.dll
0x00007ffb750a0000 - 0x00007ffb75117000 	C:\Windows\System32\fwpuclnt.dll
0x00007ffb832c0000 - 0x00007ffb832e6000 	C:\Windows\System32\bcryptPrimitives.dll
0x00000000622f0000 - 0x00000000622fd000 	C:\Program Files\Java\jdk1.8.0_20\jre\bin\management.dll
0x00000000622b0000 - 0x00000000622c1000 	C:\Windows\System32\PSAPI.DLL

VM Arguments:
jvm_args: -XX:TieredStopAtLevel=1 -Xverify:none -Dspring.output.ansi.enabled=always -Dcom.sun.management.jmxremote -Dspring.jmx.enabled=true -Dspring.liveBeansView.mbeanDomain -Dspring.application.admin.enabled=true -javaagent:D:\java编程\IntelliJ IDEA 2019.3.2\lib\idea_rt.jar=57034:D:\java编程\IntelliJ IDEA 2019.3.2\bin -Dfile.encoding=UTF-8 
java_command: com.example.IndentApplication
java_class_path (initial): C:\Program Files\Java\jdk1.8.0_20\jre\lib\charsets.jar;C:\Program Files\Java\jdk1.8.0_20\jre\lib\deploy.jar;C:\Program Files\Java\jdk1.8.0_20\jre\lib\ext\access-bridge-64.jar;C:\Program Files\Java\jdk1.8.0_20\jre\lib\ext\cldrdata.jar;C:\Program Files\Java\jdk1.8.0_20\jre\lib\ext\dnsns.jar;C:\Program Files\Java\jdk1.8.0_20\jre\lib\ext\jaccess.jar;C:\Program Files\Java\jdk1.8.0_20\jre\lib\ext\jfxrt.jar;C:\Program Files\Java\jdk1.8.0_20\jre\lib\ext\localedata.jar;C:\Program Files\Java\jdk1.8.0_20\jre\lib\ext\nashorn.jar;C:\Program Files\Java\jdk1.8.0_20\jre\lib\ext\sunec.jar;C:\Program Files\Java\jdk1.8.0_20\jre\lib\ext\sunjce_provider.jar;C:\Program Files\Java\jdk1.8.0_20\jre\lib\ext\sunmscapi.jar;C:\Program Files\Java\jdk1.8.0_20\jre\lib\ext\sunpkcs11.jar;C:\Program Files\Java\jdk1.8.0_20\jre\lib\ext\zipfs.jar;C:\Program Files\Java\jdk1.8.0_20\jre\lib\javaws.jar;C:\Program Files\Java\jdk1.8.0_20\jre\lib\jce.jar;C:\Program Files\Java\jdk1.8.0_20\jre\lib\jfr.jar;C:\Program Files\Java\jdk1.8.0_20\jre\lib\jfxswt.jar;C:\Program Files\Java\jdk1.8.0_20\jre\lib\jsse.jar;C:\Program Files\Java\jdk1.8.0_20\jre\lib\management-agent.jar;C:\Program Files\Java\jdk1.8.0_20\jre\lib\plugin.jar;C:\Program Files\Java\jdk1.8.0_20\jre\lib\resources.jar;C:\Program Files\Java\jdk1.8.0_20\jre\lib\rt.jar;D:\java编程\back\Oops\service\indent\target\classes;D:\java编程\back\Oops\common\service_base\target\classes;D:\repository\org\apache\commons\commons-pool2\2.7.0\commons-pool2-2.7.0.jar;D:\repository\org\springframework\boot\spring-boot-starter-data-mongodb\2.2.1.RELEASE\spring-boot-starter-data-mongodb-2.2.1.RELEASE.jar;D:\repository\org\mongodb\mongodb-driver\3.11.2\mongodb-driver-3.11.2.jar;D:\repository\org\mongodb\bson\3.11.2\bson-3.11.2.jar;D:\repository\org\mongodb\mongodb-driver-core\3.11.2\mongodb-driver-core-3.11.2.jar;D:\repository\org\springframework\data\spring-data-mongodb\2.2.1.RELEASE\spring-data-mongodb-2.2.1.RELEASE.jar;D:\repository\org\springfr
Launcher Type: SUN_STANDARD

Environment Variables:
JAVA_HOME=C:\Program Files\Java\jdk1.8.0_20
CLASSPATH=.;C:\Program Files\Java\jdk1.8.0_20\lib\dt.jar;C:\Program Files\Java\jdk1.8.0_20\lib\tools.jar;MySQL JDBC Driver;
PATH=D:\虚拟机\XFtp\Xshell\;D:\虚拟机\XFtp\Xftp\;D:;虚拟机\XFtp\Xshell\;D:;Oracle\softwareUrl\bin;C:\ProgramData\Oracle\Java\javapath;C:\Windows\system32;C:\Windows;C:\Windows\System32\Wbem;C:\Windows\System32\WindowsPowerShell\v1.0\;C:\Windows\System32\OpenSSH\;C:\Program Files (x86)\Microsoft SQL Server\100\Tools\Binn\;C:\Program Files\Microsoft SQL Server\100\Tools\Binn\;C:\Program Files\Microsoft SQL Server\100\DTS\Binn\;C:\Program Files (x86)\Microsoft SQL Server\100\Tools\Binn\VSShell\Common7\IDE\;C:\Program Files (x86)\Microsoft Visual Studio 9.0\Common7\IDE\PrivateAssemblies\;C:\Program Files (x86)\Microsoft SQL Server\100\DTS\Binn\;C:\Program Files\Microsoft SQL Server\110\Tools\Binn\;D:\java\bin;D:\SJK\bin;D:\LJ\bin;D:\版本控制\服务端安装\bin;D:\版本控制\;户端安装\bin;D:\java编程\git\安装路径\Git\cmd;D:\java编程\git\TortoiseGit安装\bin;D:\apache-maven-3.6.3\bin;D:\Nodejs\;D:\nodejs\node_global;D:\RabbitMQ\ot\erl-23.1\bin;C:\Users\DELL\AppData\Local\Microsoft\WindowsApps;C:\Program Files\Java\jdk1.8.0_20\bin\;C:\Program Files\Java\jdk1.8.0_20\jre\bin\;;D:\java编程\IntelliJ IDEA 2019.3.2\bin;;D:\Microsoft VS Code\Microsoft VS Code\bin;C:\Users\DELL\AppData\Roaming\npm
USERNAME=DELL
OS=Windows_NT
PROCESSOR_IDENTIFIER=Intel64 Family 6 Model 142 Stepping 10, GenuineIntel



---------------  S Y S T E M  ---------------

OS: Windows 8.1 , 64 bit Build 9600 

CPU:total 8 (4 cores per cpu, 2 threads per core) family 6 model 142 stepping 10, cmov, cx8, fxsr, mmx, sse, sse2, sse3, ssse3, sse4.1, sse4.2, popcnt, avx, avx2, aes, clmul, erms, lzcnt, ht, tsc, tscinvbit, bmi1, bmi2

Memory: 4k page, physical 8250436k(336544k free), swap 27072592k(20k free)

vm_info: Java HotSpot(TM) 64-Bit Server VM (25.20-b23) for windows-amd64 JRE (1.8.0_20-b26), built on Jul 30 2014 13:51:23 by "java_re" with MS VC++ 10.0 (VS2010)

time: Mon Jan 11 17:06:58 2021
elapsed time: 1 seconds (0d 0h 0m 1s)

