#
# There is insufficient memory for the Java Runtime Environment to continue.
# Native memory allocation (malloc) failed to allocate 32744 bytes for ChunkPool::allocate
# Possible reasons:
#   The system is out of physical RAM or swap space
#   In 32 bit mode, the process size limit was hit
# Possible solutions:
#   Reduce memory load on the system
#   Increase physical memory or swap space
#   Check if swap backing store is full
#   Use 64 bit Java on a 64 bit OS
#   Decrease Java heap size (-Xmx/-Xms)
#   Decrease number of Java threads
#   Decrease Java thread stack sizes (-Xss)
#   Set larger code cache with -XX:ReservedCodeCacheSize=
# This output file may be truncated or incomplete.
#
#  Out of Memory Error (allocation.cpp:273), pid=29324, tid=26180
#
# JRE version: Java(TM) SE Runtime Environment (8.0_20-b26) (build 1.8.0_20-b26)
# Java VM: Java HotSpot(TM) 64-Bit Server VM (25.20-b23 mixed mode windows-amd64 compressed oops)
# Failed to write core dump. Minidumps are not enabled by default on client versions of Windows
#

---------------  T H R E A D  ---------------

Current thread (0x000000001a52c000):  JavaThread "C1 CompilerThread3" daemon [_thread_in_native, id=26180, stack(0x000000001ac30000,0x000000001ad30000)]

Stack: [0x000000001ac30000,0x000000001ad30000]
Native frames: (J=compiled Java code, j=interpreted, Vv=VM code, C=native code)
V  [jvm.dll+0x3152fa]
V  [jvm.dll+0x265d03]
V  [jvm.dll+0x266943]
V  [jvm.dll+0x25e265]
V  [jvm.dll+0xbdfb1]
V  [jvm.dll+0xbe6fc]
V  [jvm.dll+0x40551d]
V  [jvm.dll+0x40a231]
V  [jvm.dll+0x40a5f1]
V  [jvm.dll+0x40a6c3]
V  [jvm.dll+0x40b1b5]
V  [jvm.dll+0x402dc7]
V  [jvm.dll+0x40b8fc]
V  [jvm.dll+0x40d282]
V  [jvm.dll+0x3ebe90]
V  [jvm.dll+0x3ec260]
V  [jvm.dll+0x3ec392]
V  [jvm.dll+0x3ec55e]
V  [jvm.dll+0x3ec75f]
V  [jvm.dll+0x97b62]
V  [jvm.dll+0x98353]
V  [jvm.dll+0x22aac4]
V  [jvm.dll+0x283f5a]
C  [msvcr100.dll+0x21d9f]
C  [msvcr100.dll+0x21e3b]
C  [KERNEL32.DLL+0x17c24]
C  [ntdll.dll+0x6d4d1]


Current CompileTask:
C1:  63961 4982   !   1       com.alibaba.fastjson.serializer.SerializeConfig::getObjectWriter (1459 bytes)


---------------  P R O C E S S  ---------------

Java Threads: ( => current thread )
  0x000000001dc27000 JavaThread "Keep-Alive-Timer" daemon [_thread_blocked, id=4468, stack(0x0000000000680000,0x0000000000780000)]
  0x000000001dc26000 JavaThread "logback-2" daemon [_thread_blocked, id=14256, stack(0x00000000220d0000,0x00000000221d0000)]
  0x000000001dc24000 JavaThread "RMI TCP Connection(3)-169.254.87.193" daemon [_thread_in_native, id=22024, stack(0x0000000021dd0000,0x0000000021ed0000)]
  0x000000001dc25800 JavaThread "DestroyJavaVM" [_thread_blocked, id=9828, stack(0x0000000002680000,0x0000000002780000)]
  0x000000001dc27800 JavaThread "com.alibaba.nacos.naming.beat.sender" daemon [_thread_blocked, id=28908, stack(0x0000000021cd0000,0x0000000021dd0000)]
  0x000000001b9bb800 JavaThread "com.alibaba.nacos.naming.beat.sender" daemon [_thread_blocked, id=26756, stack(0x0000000021bd0000,0x0000000021cd0000)]
  0x000000001e386000 JavaThread "com.alibaba.nacos.client.naming.updater" daemon [_thread_blocked, id=1508, stack(0x0000000021ad0000,0x0000000021bd0000)]
  0x000000001e384800 JavaThread "com.alibaba.nacos.client.naming.updater" daemon [_thread_blocked, id=21312, stack(0x00000000219d0000,0x0000000021ad0000)]
  0x000000001e383000 JavaThread "com.alibaba.nacos.client.naming.updater" daemon [_thread_blocked, id=26276, stack(0x00000000218d0000,0x00000000219d0000)]
  0x000000001e385800 JavaThread "com.alibaba.nacos.client.naming.updater" daemon [_thread_blocked, id=4200, stack(0x00000000217d0000,0x00000000218d0000)]
  0x000000001e384000 JavaThread "http-nio-8085-Acceptor" daemon [_thread_in_native, id=3524, stack(0x00000000216d0000,0x00000000217d0000)]
  0x000000001e382800 JavaThread "http-nio-8085-ClientPoller" daemon [_thread_in_native, id=6060, stack(0x00000000215d0000,0x00000000216d0000)]
  0x000000001e37b000 JavaThread "http-nio-8085-exec-10" daemon [_thread_blocked, id=8024, stack(0x00000000214d0000,0x00000000215d0000)]
  0x000000001e381800 JavaThread "http-nio-8085-exec-9" daemon [_thread_blocked, id=5656, stack(0x00000000213d0000,0x00000000214d0000)]
  0x000000001e381000 JavaThread "http-nio-8085-exec-8" daemon [_thread_blocked, id=6516, stack(0x00000000212d0000,0x00000000213d0000)]
  0x000000001e380000 JavaThread "http-nio-8085-exec-7" daemon [_thread_blocked, id=7120, stack(0x00000000211d0000,0x00000000212d0000)]
  0x000000001e378800 JavaThread "http-nio-8085-exec-6" daemon [_thread_blocked, id=16900, stack(0x00000000210d0000,0x00000000211d0000)]
  0x000000001e37f800 JavaThread "http-nio-8085-exec-5" daemon [_thread_blocked, id=11992, stack(0x0000000020fd0000,0x00000000210d0000)]
  0x000000001e378000 JavaThread "http-nio-8085-exec-4" daemon [_thread_blocked, id=10376, stack(0x0000000020ed0000,0x0000000020fd0000)]
  0x000000001e37a000 JavaThread "http-nio-8085-exec-3" daemon [_thread_blocked, id=19416, stack(0x0000000020dd0000,0x0000000020ed0000)]
  0x000000001e37e800 JavaThread "http-nio-8085-exec-2" daemon [_thread_blocked, id=16936, stack(0x0000000020cd0000,0x0000000020dd0000)]
  0x000000001e377000 JavaThread "http-nio-8085-exec-1" daemon [_thread_blocked, id=5660, stack(0x0000000020bd0000,0x0000000020cd0000)]
  0x000000001e37e000 JavaThread "http-nio-8085-BlockPoller" daemon [_thread_in_native, id=14332, stack(0x0000000020ad0000,0x0000000020bd0000)]
  0x000000001e37c800 JavaThread "ThreadPoolTaskScheduler-1" [_thread_blocked, id=16852, stack(0x00000000206d0000,0x00000000207d0000)]
  0x000000001e379800 JavaThread "com.alibaba.nacos.naming.push.receiver" daemon [_thread_in_native, id=4360, stack(0x00000000205d0000,0x00000000206d0000)]
  0x000000001e37b800 JavaThread "com.alibaba.nacos.naming.failover" daemon [_thread_blocked, id=14512, stack(0x00000000204d0000,0x00000000205d0000)]
  0x000000001b9bb000 JavaThread "com.alibaba.nacos.naming.beat.sender" daemon [_thread_blocked, id=14548, stack(0x00000000203d0000,0x00000000204d0000)]
  0x000000001b9ba000 JavaThread "com.alibaba.nacos.naming.beat.sender" daemon [_thread_blocked, id=22888, stack(0x00000000202d0000,0x00000000203d0000)]
  0x000000001b9b9800 JavaThread "com.alibaba.nacos.naming.client.listener" daemon [_thread_blocked, id=18856, stack(0x00000000201d0000,0x00000000202d0000)]
  0x000000001b9b8800 JavaThread "Timer-0" daemon [_thread_blocked, id=29552, stack(0x00000000200d0000,0x00000000201d0000)]
  0x000000001b9b8000 JavaThread "logback-1" daemon [_thread_blocked, id=29064, stack(0x000000001ffd0000,0x00000000200d0000)]
  0x000000001b9b7000 JavaThread "spring.cloud.inetutils" daemon [_thread_blocked, id=7960, stack(0x000000001fcd0000,0x000000001fdd0000)]
  0x000000001b9b5000 JavaThread "CleanCursors-1-thread-1" daemon [_thread_blocked, id=18492, stack(0x000000001f7d0000,0x000000001f8d0000)]
  0x000000001b9b6800 JavaThread "cluster-ClusterId{value='5ff886225d70f85d60583775', description='null'}-localhost:27017" daemon [_thread_blocked, id=6748, stack(0x000000001f6d0000,0x000000001f7d0000)]
  0x000000001ddcd800 JavaThread "mysql-cj-abandoned-connection-cleanup" daemon [_thread_blocked, id=9540, stack(0x000000001ecd0000,0x000000001edd0000)]
  0x000000001bef2000 JavaThread "container-0" [_thread_blocked, id=10644, stack(0x000000001da00000,0x000000001db00000)]
  0x000000001bef1800 JavaThread "Catalina-utility-2" [_thread_blocked, id=10492, stack(0x000000001d900000,0x000000001da00000)]
  0x000000001be99800 JavaThread "Catalina-utility-1" [_thread_blocked, id=3380, stack(0x000000001c200000,0x000000001c300000)]
  0x000000001b227800 JavaThread "RMI Scheduler(0)" daemon [_thread_blocked, id=27112, stack(0x000000001c800000,0x000000001c900000)]
  0x000000001a427000 JavaThread "RMI TCP Connection(idle)" daemon [_thread_blocked, id=7208, stack(0x000000001c500000,0x000000001c600000)]
  0x000000001a6ec800 JavaThread "RMI TCP Accept-0" daemon [_thread_in_native, id=1052, stack(0x000000001ae30000,0x000000001af30000)]
  0x000000001a588000 JavaThread "Service Thread" daemon [_thread_blocked, id=22004, stack(0x000000001ad30000,0x000000001ae30000)]
=>0x000000001a52c000 JavaThread "C1 CompilerThread3" daemon [_thread_in_native, id=26180, stack(0x000000001ac30000,0x000000001ad30000)]
  0x000000001a529000 JavaThread "C2 CompilerThread2" daemon [_thread_blocked, id=26548, stack(0x000000001ab30000,0x000000001ac30000)]
  0x000000001a526800 JavaThread "C2 CompilerThread1" daemon [_thread_blocked, id=17812, stack(0x000000001aa30000,0x000000001ab30000)]
  0x000000001a506800 JavaThread "C2 CompilerThread0" daemon [_thread_blocked, id=6876, stack(0x000000001a930000,0x000000001aa30000)]
  0x000000001a505000 JavaThread "Monitor Ctrl-Break" daemon [_thread_in_native, id=18560, stack(0x000000001a830000,0x000000001a930000)]
  0x0000000019abf000 JavaThread "Attach Listener" daemon [_thread_blocked, id=16460, stack(0x0000000019f30000,0x000000001a030000)]
  0x0000000019abe800 JavaThread "Signal Dispatcher" daemon [_thread_blocked, id=3008, stack(0x0000000019e30000,0x0000000019f30000)]
  0x000000000291b000 JavaThread "Finalizer" daemon [_thread_blocked, id=9088, stack(0x0000000019930000,0x0000000019a30000)]
  0x000000000291a000 JavaThread "Reference Handler" daemon [_thread_blocked, id=1280, stack(0x0000000019830000,0x0000000019930000)]

Other Threads:
  0x0000000017a57800 VMThread [stack: 0x0000000019730000,0x0000000019830000] [id=14468]
  0x000000001a6dd000 WatcherThread [stack: 0x000000001af30000,0x000000001b030000] [id=15432]

VM state:not at safepoint (normal execution)

VM Mutex/Monitor currently owned by a thread: None

Heap:
 PSYoungGen      total 367104K, used 110613K [0x00000000d6000000, 0x00000000ee480000, 0x0000000100000000)
  eden space 354304K, 27% used [0x00000000d6000000,0x00000000dbf87ae0,0x00000000eba00000)
  from space 12800K, 99% used [0x00000000ed800000,0x00000000ee47db48,0x00000000ee480000)
  to   space 16384K, 0% used [0x00000000ec480000,0x00000000ec480000,0x00000000ed480000)
 ParOldGen       total 63488K, used 22015K [0x0000000082000000, 0x0000000085e00000, 0x00000000d6000000)
  object space 63488K, 34% used [0x0000000082000000,0x000000008357ffe0,0x0000000085e00000)
 Metaspace       used 50499K, capacity 53772K, committed 53888K, reserved 1095680K
  class space    used 6937K, capacity 7474K, committed 7552K, reserved 1048576K

Card table byte_map: [0x0000000011ee0000,0x00000000122e0000] byte_map_base: 0x0000000011ad0000

Marking Bits: (ParMarkBitMap*) 0x00000000634bb460
 Begin Bits: [0x0000000012d80000, 0x0000000014d00000)
 End Bits:   [0x0000000014d00000, 0x0000000016c80000)

Polling page: 0x00000000004a0000

CodeCache: size=245760Kb used=9389Kb max_used=9389Kb free=236370Kb
 bounds [0x0000000002b20000, 0x0000000003450000, 0x0000000011b20000]
 total_blobs=5414 nmethods=4887 adapters=440
 compilation: enabled

Compilation events (10 events):
Event: 63.891 Thread 0x000000001a52c000 nmethod 4976 0x000000000344bfd0 code [0x000000000344c120, 0x000000000344c270]
Event: 63.892 Thread 0x000000001a52c000 4977       1       java.lang.String::valueOf (5 bytes)
Event: 63.892 Thread 0x000000001a52c000 nmethod 4977 0x000000000344c2d0 code [0x000000000344c420, 0x000000000344c528]
Event: 63.901 Thread 0x000000001a52c000 4979       1       java.util.UUID::digits (21 bytes)
Event: 63.901 Thread 0x000000001a52c000 nmethod 4979 0x000000000344c950 code [0x000000000344cac0, 0x000000000344cc38]
Event: 63.901 Thread 0x000000001a52c000 4980       1       java.lang.Long::toHexString (6 bytes)
Event: 63.901 Thread 0x000000001a52c000 nmethod 4980 0x000000000344cd10 code [0x000000000344ce60, 0x000000000344cf68]
Event: 63.904 Thread 0x000000001a52c000 4981       1       com.alibaba.fastjson.parser.JSONScanner::charArrayCompare (13 bytes)
Event: 63.904 Thread 0x000000001a52c000 nmethod 4981 0x000000000344cfd0 code [0x000000000344d120, 0x000000000344d268]
Event: 63.904 Thread 0x000000001a52c000 4982   !   1       com.alibaba.fastjson.serializer.SerializeConfig::getObjectWriter (1459 bytes)

GC Heap History (10 events):
Event: 9.323 GC heap before
{Heap before GC invocations=8 (full 1):
 PSYoungGen      total 139264K, used 131072K [0x00000000d6000000, 0x00000000df100000, 0x0000000100000000)
  eden space 131072K, 100% used [0x00000000d6000000,0x00000000de000000,0x00000000de000000)
  from space 8192K, 0% used [0x00000000de900000,0x00000000de900000,0x00000000df100000)
  to   space 8704K, 0% used [0x00000000de000000,0x00000000de000000,0x00000000de880000)
 ParOldGen       total 46080K, used 6219K [0x0000000082000000, 0x0000000084d00000, 0x00000000d6000000)
  object space 46080K, 13% used [0x0000000082000000,0x0000000082612d58,0x0000000084d00000)
 Metaspace       used 24918K, capacity 26054K, committed 26240K, reserved 1071104K
  class space    used 3378K, capacity 3609K, committed 3712K, reserved 1048576K
Event: 9.334 GC heap after
Heap after GC invocations=8 (full 1):
 PSYoungGen      total 139776K, used 8552K [0x00000000d6000000, 0x00000000e6600000, 0x0000000100000000)
  eden space 131072K, 0% used [0x00000000d6000000,0x00000000d6000000,0x00000000de000000)
  from space 8704K, 98% used [0x00000000de000000,0x00000000de85a210,0x00000000de880000)
  to   space 9728K, 0% used [0x00000000e5c80000,0x00000000e5c80000,0x00000000e6600000)
 ParOldGen       total 46080K, used 6227K [0x0000000082000000, 0x0000000084d00000, 0x00000000d6000000)
  object space 46080K, 13% used [0x0000000082000000,0x0000000082614d58,0x0000000084d00000)
 Metaspace       used 24918K, capacity 26054K, committed 26240K, reserved 1071104K
  class space    used 3378K, capacity 3609K, committed 3712K, reserved 1048576K
}
Event: 11.122 GC heap before
{Heap before GC invocations=9 (full 1):
 PSYoungGen      total 139776K, used 139624K [0x00000000d6000000, 0x00000000e6600000, 0x0000000100000000)
  eden space 131072K, 100% used [0x00000000d6000000,0x00000000de000000,0x00000000de000000)
  from space 8704K, 98% used [0x00000000de000000,0x00000000de85a210,0x00000000de880000)
  to   space 9728K, 0% used [0x00000000e5c80000,0x00000000e5c80000,0x00000000e6600000)
 ParOldGen       total 46080K, used 6227K [0x0000000082000000, 0x0000000084d00000, 0x00000000d6000000)
  object space 46080K, 13% used [0x0000000082000000,0x0000000082614d58,0x0000000084d00000)
 Metaspace       used 31224K, capacity 32900K, committed 33024K, reserved 1077248K
  class space    used 4209K, capacity 4496K, committed 4608K, reserved 1048576K
Event: 11.133 GC heap after
Heap after GC invocations=9 (full 1):
 PSYoungGen      total 255488K, used 9724K [0x00000000d6000000, 0x00000000e6800000, 0x0000000100000000)
  eden space 245760K, 0% used [0x00000000d6000000,0x00000000d6000000,0x00000000e5000000)
  from space 9728K, 99% used [0x00000000e5c80000,0x00000000e65ff2c8,0x00000000e6600000)
  to   space 12288K, 0% used [0x00000000e5000000,0x00000000e5000000,0x00000000e5c00000)
 ParOldGen       total 46080K, used 9078K [0x0000000082000000, 0x0000000084d00000, 0x00000000d6000000)
  object space 46080K, 19% used [0x0000000082000000,0x00000000828ddbd8,0x0000000084d00000)
 Metaspace       used 31224K, capacity 32900K, committed 33024K, reserved 1077248K
  class space    used 4209K, capacity 4496K, committed 4608K, reserved 1048576K
}
Event: 11.601 GC heap before
{Heap before GC invocations=10 (full 1):
 PSYoungGen      total 255488K, used 76657K [0x00000000d6000000, 0x00000000e6800000, 0x0000000100000000)
  eden space 245760K, 27% used [0x00000000d6000000,0x00000000da15d308,0x00000000e5000000)
  from space 9728K, 99% used [0x00000000e5c80000,0x00000000e65ff2c8,0x00000000e6600000)
  to   space 12288K, 0% used [0x00000000e5000000,0x00000000e5000000,0x00000000e5c00000)
 ParOldGen       total 46080K, used 9078K [0x0000000082000000, 0x0000000084d00000, 0x00000000d6000000)
  object space 46080K, 19% used [0x0000000082000000,0x00000000828ddbd8,0x0000000084d00000)
 Metaspace       used 33753K, capacity 35436K, committed 35496K, reserved 1079296K
  class space    used 4538K, capacity 4840K, committed 4864K, reserved 1048576K
Event: 11.612 GC heap after
Heap after GC invocations=10 (full 1):
 PSYoungGen      total 258048K, used 9687K [0x00000000d6000000, 0x00000000ee480000, 0x0000000100000000)
  eden space 245760K, 0% used [0x00000000d6000000,0x00000000d6000000,0x00000000e5000000)
  from space 12288K, 78% used [0x00000000e5000000,0x00000000e5975de0,0x00000000e5c00000)
  to   space 12800K, 0% used [0x00000000ed800000,0x00000000ed800000,0x00000000ee480000)
 ParOldGen       total 46080K, used 9086K [0x0000000082000000, 0x0000000084d00000, 0x00000000d6000000)
  object space 46080K, 19% used [0x0000000082000000,0x00000000828dfbd8,0x0000000084d00000)
 Metaspace       used 33753K, capacity 35436K, committed 35496K, reserved 1079296K
  class space    used 4538K, capacity 4840K, committed 4864K, reserved 1048576K
}
Event: 11.612 GC heap before
{Heap before GC invocations=11 (full 2):
 PSYoungGen      total 258048K, used 9687K [0x00000000d6000000, 0x00000000ee480000, 0x0000000100000000)
  eden space 245760K, 0% used [0x00000000d6000000,0x00000000d6000000,0x00000000e5000000)
  from space 12288K, 78% used [0x00000000e5000000,0x00000000e5975de0,0x00000000e5c00000)
  to   space 12800K, 0% used [0x00000000ed800000,0x00000000ed800000,0x00000000ee480000)
 ParOldGen       total 46080K, used 9086K [0x0000000082000000, 0x0000000084d00000, 0x00000000d6000000)
  object space 46080K, 19% used [0x0000000082000000,0x00000000828dfbd8,0x0000000084d00000)
 Metaspace       used 33753K, capacity 35436K, committed 35496K, reserved 1079296K
  class space    used 4538K, capacity 4840K, committed 4864K, reserved 1048576K
Event: 11.676 GC heap after
Heap after GC invocations=11 (full 2):
 PSYoungGen      total 258048K, used 0K [0x00000000d6000000, 0x00000000ee480000, 0x0000000100000000)
  eden space 245760K, 0% used [0x00000000d6000000,0x00000000d6000000,0x00000000e5000000)
  from space 12288K, 0% used [0x00000000e5000000,0x00000000e5000000,0x00000000e5c00000)
  to   space 12800K, 0% used [0x00000000ed800000,0x00000000ed800000,0x00000000ee480000)
 ParOldGen       total 63488K, used 15238K [0x0000000082000000, 0x0000000085e00000, 0x00000000d6000000)
  object space 63488K, 24% used [0x0000000082000000,0x0000000082ee1b70,0x0000000085e00000)
 Metaspace       used 33753K, capacity 35436K, committed 35496K, reserved 1079296K
  class space    used 4538K, capacity 4840K, committed 4864K, reserved 1048576K
}
Event: 21.562 GC heap before
{Heap before GC invocations=12 (full 2):
 PSYoungGen      total 258048K, used 245760K [0x00000000d6000000, 0x00000000ee480000, 0x0000000100000000)
  eden space 245760K, 100% used [0x00000000d6000000,0x00000000e5000000,0x00000000e5000000)
  from space 12288K, 0% used [0x00000000e5000000,0x00000000e5000000,0x00000000e5c00000)
  to   space 12800K, 0% used [0x00000000ed800000,0x00000000ed800000,0x00000000ee480000)
 ParOldGen       total 63488K, used 15238K [0x0000000082000000, 0x0000000085e00000, 0x00000000d6000000)
  object space 63488K, 24% used [0x0000000082000000,0x0000000082ee1b70,0x0000000085e00000)
 Metaspace       used 48079K, capacity 51062K, committed 51200K, reserved 1093632K
  class space    used 6636K, capacity 7142K, committed 7168K, reserved 1048576K
Event: 21.588 GC heap after
Heap after GC invocations=12 (full 2):
 PSYoungGen      total 367104K, used 12790K [0x00000000d6000000, 0x00000000ee480000, 0x0000000100000000)
  eden space 354304K, 0% used [0x00000000d6000000,0x00000000d6000000,0x00000000eba00000)
  from space 12800K, 99% used [0x00000000ed800000,0x00000000ee47db48,0x00000000ee480000)
  to   space 16384K, 0% used [0x00000000ec480000,0x00000000ec480000,0x00000000ed480000)
 ParOldGen       total 63488K, used 22015K [0x0000000082000000, 0x0000000085e00000, 0x00000000d6000000)
  object space 63488K, 34% used [0x0000000082000000,0x000000008357ffe0,0x0000000085e00000)
 Metaspace       used 48079K, capacity 51062K, committed 51200K, reserved 1093632K
  class space    used 6636K, capacity 7142K, committed 7168K, reserved 1048576K
}

Deoptimization events (0 events):
No events

Internal exceptions (10 events):
Event: 25.048 Thread 0x0000000002823800 Exception <a 'java/security/PrivilegedActionException'> (0x00000000d881cfc0) thrown at [D:\re\workspace\8-2-build-windows-amd64-cygwin\jdk8u20\1074\hotspot\src\share\vm\prims\jvm.cpp, line 1275]
Event: 28.075 Thread 0x000000001b9b8800 Exception <a 'java/io/FileNotFoundException'> (0x00000000daebecb0) thrown at [D:\re\workspace\8-2-build-windows-amd64-cygwin\jdk8u20\1074\hotspot\src\share\vm\prims\jni.cpp, line 716]
Event: 28.080 Thread 0x000000001b9b8800 Exception <a 'java/io/FileNotFoundException'> (0x00000000daebf230) thrown at [D:\re\workspace\8-2-build-windows-amd64-cygwin\jdk8u20\1074\hotspot\src\share\vm\prims\jni.cpp, line 716]
Event: 38.141 Thread 0x000000001b9b8800 Exception <a 'java/io/FileNotFoundException'> (0x00000000daec9060) thrown at [D:\re\workspace\8-2-build-windows-amd64-cygwin\jdk8u20\1074\hotspot\src\share\vm\prims\jni.cpp, line 716]
Event: 38.141 Thread 0x000000001b9b8800 Exception <a 'java/io/FileNotFoundException'> (0x00000000daec95e0) thrown at [D:\re\workspace\8-2-build-windows-amd64-cygwin\jdk8u20\1074\hotspot\src\share\vm\prims\jni.cpp, line 716]
Event: 41.184 Thread 0x000000001e379800 Exception <a 'java/security/PrivilegedActionException'> (0x00000000db5678f0) thrown at [D:\re\workspace\8-2-build-windows-amd64-cygwin\jdk8u20\1074\hotspot\src\share\vm\prims\jvm.cpp, line 1275]
Event: 48.142 Thread 0x000000001b9b8800 Exception <a 'java/io/FileNotFoundException'> (0x00000000daed3410) thrown at [D:\re\workspace\8-2-build-windows-amd64-cygwin\jdk8u20\1074\hotspot\src\share\vm\prims\jni.cpp, line 716]
Event: 48.144 Thread 0x000000001b9b8800 Exception <a 'java/io/FileNotFoundException'> (0x00000000daed3990) thrown at [D:\re\workspace\8-2-build-windows-amd64-cygwin\jdk8u20\1074\hotspot\src\share\vm\prims\jni.cpp, line 716]
Event: 58.143 Thread 0x000000001b9b8800 Exception <a 'java/io/FileNotFoundException'> (0x00000000daedd7c0) thrown at [D:\re\workspace\8-2-build-windows-amd64-cygwin\jdk8u20\1074\hotspot\src\share\vm\prims\jni.cpp, line 716]
Event: 58.144 Thread 0x000000001b9b8800 Exception <a 'java/io/FileNotFoundException'> (0x00000000daeddd40) thrown at [D:\re\workspace\8-2-build-windows-amd64-cygwin\jdk8u20\1074\hotspot\src\share\vm\prims\jni.cpp, line 716]

Events (10 events):
Event: 53.162 Executing VM operation: RevokeBias
Event: 53.162 Executing VM operation: RevokeBias done
Event: 57.912 Thread 0x000000001dc22800 Thread exited: 0x000000001dc22800
Event: 58.205 Thread 0x000000001dc23000 Thread added: 0x000000001dc23000
Event: 63.164 Executing VM operation: RevokeBias
Event: 63.164 Executing VM operation: RevokeBias done
Event: 63.206 Thread 0x000000001dc23000 Thread exited: 0x000000001dc23000
Event: 63.806 Thread 0x000000001dc27000 Thread added: 0x000000001dc27000
Event: 63.890 Executing VM operation: RevokeBias
Event: 63.890 Executing VM operation: RevokeBias done


Dynamic libraries:
0x00007ff70dc50000 - 0x00007ff70dc84000 	C:\Program Files\Java\jdk1.8.0_20\bin\java.exe
0x00007ffd7f9a0000 - 0x00007ffd7fb90000 	C:\Windows\SYSTEM32\ntdll.dll
0x00007ffd7e650000 - 0x00007ffd7e702000 	C:\Windows\System32\KERNEL32.DLL
0x00007ffd7ced0000 - 0x00007ffd7d175000 	C:\Windows\System32\KERNELBASE.dll
0x00007ffd7e790000 - 0x00007ffd7e833000 	C:\Windows\System32\ADVAPI32.dll
0x00007ffd7da50000 - 0x00007ffd7daee000 	C:\Windows\System32\msvcrt.dll
0x00007ffd7e9f0000 - 0x00007ffd7ea87000 	C:\Windows\System32\sechost.dll
0x00007ffd7ec50000 - 0x00007ffd7ed70000 	C:\Windows\System32\RPCRT4.dll
0x00007ffd7e850000 - 0x00007ffd7e9e4000 	C:\Windows\System32\USER32.dll
0x00007ffd7cb50000 - 0x00007ffd7cb71000 	C:\Windows\System32\win32u.dll
0x00007ffd7dda0000 - 0x00007ffd7ddc6000 	C:\Windows\System32\GDI32.dll
0x00007ffd7cd30000 - 0x00007ffd7cec6000 	C:\Windows\System32\gdi32full.dll
0x00007ffd7c910000 - 0x00007ffd7c9ae000 	C:\Windows\System32\msvcp_win.dll
0x00007ffd7cc30000 - 0x00007ffd7cd2a000 	C:\Windows\System32\ucrtbase.dll
0x00007ffd6c5b0000 - 0x00007ffd6c834000 	C:\Windows\WinSxS\amd64_microsoft.windows.common-controls_6595b64144ccf1df_6.0.18362.1256_none_9e7e379be45e40e2\COMCTL32.dll
0x00007ffd7ed70000 - 0x00007ffd7f0a6000 	C:\Windows\System32\combase.dll
0x00007ffd7d930000 - 0x00007ffd7d9b1000 	C:\Windows\System32\bcryptPrimitives.dll
0x00007ffd7daf0000 - 0x00007ffd7db1e000 	C:\Windows\System32\IMM32.DLL
0x0000000063540000 - 0x0000000063612000 	C:\Program Files\Java\jdk1.8.0_20\jre\bin\msvcr100.dll
0x0000000062ce0000 - 0x0000000063538000 	C:\Program Files\Java\jdk1.8.0_20\jre\bin\server\jvm.dll
0x00007ffd7f1e0000 - 0x00007ffd7f1e8000 	C:\Windows\System32\PSAPI.DLL
0x00007ffd7a200000 - 0x00007ffd7a224000 	C:\Windows\SYSTEM32\WINMM.dll
0x00007ffd75fc0000 - 0x00007ffd75fc9000 	C:\Windows\SYSTEM32\WSOCK32.dll
0x00007ffd7ea90000 - 0x00007ffd7eaff000 	C:\Windows\System32\WS2_32.dll
0x00007ffd7a0a0000 - 0x00007ffd7a0cd000 	C:\Windows\SYSTEM32\WINMMBASE.dll
0x00007ffd7cb00000 - 0x00007ffd7cb4a000 	C:\Windows\System32\cfgmgr32.dll
0x00000000638b0000 - 0x00000000638bf000 	C:\Program Files\Java\jdk1.8.0_20\jre\bin\verify.dll
0x0000000063880000 - 0x00000000638a8000 	C:\Program Files\Java\jdk1.8.0_20\jre\bin\java.dll
0x0000000062cb0000 - 0x0000000062cd3000 	C:\Program Files\Java\jdk1.8.0_20\jre\bin\instrument.dll
0x0000000063860000 - 0x0000000063876000 	C:\Program Files\Java\jdk1.8.0_20\jre\bin\zip.dll
0x00007ffd7de80000 - 0x00007ffd7e567000 	C:\Windows\System32\SHELL32.dll
0x00007ffd7f110000 - 0x00007ffd7f1b9000 	C:\Windows\System32\shcore.dll
0x00007ffd7d180000 - 0x00007ffd7d901000 	C:\Windows\System32\windows.storage.dll
0x00007ffd7c8a0000 - 0x00007ffd7c8c3000 	C:\Windows\System32\profapi.dll
0x00007ffd7c850000 - 0x00007ffd7c89a000 	C:\Windows\System32\powrprof.dll
0x00007ffd7c840000 - 0x00007ffd7c850000 	C:\Windows\System32\UMPDC.dll
0x00007ffd7f7c0000 - 0x00007ffd7f812000 	C:\Windows\System32\shlwapi.dll
0x00007ffd7c8d0000 - 0x00007ffd7c8e1000 	C:\Windows\System32\kernel.appcore.dll
0x00007ffd7d910000 - 0x00007ffd7d927000 	C:\Windows\System32\cryptsp.dll
0x0000000063830000 - 0x000000006384a000 	C:\Program Files\Java\jdk1.8.0_20\jre\bin\net.dll
0x00007ffd7c090000 - 0x00007ffd7c0f7000 	C:\Windows\system32\mswsock.dll
0x00007ffd7bde0000 - 0x00007ffd7beab000 	C:\Windows\SYSTEM32\DNSAPI.dll
0x00007ffd7e640000 - 0x00007ffd7e648000 	C:\Windows\System32\NSI.dll
0x00007ffd7bda0000 - 0x00007ffd7bdda000 	C:\Windows\SYSTEM32\IPHLPAPI.DLL
0x00007ffd5f520000 - 0x00007ffd5f52a000 	C:\Windows\System32\rasadhlp.dll
0x00007ffd6eb40000 - 0x00007ffd6ebb7000 	C:\Windows\System32\fwpuclnt.dll
0x00007ffd7da20000 - 0x00007ffd7da46000 	C:\Windows\System32\bcrypt.dll
0x0000000063850000 - 0x000000006385d000 	C:\Program Files\Java\jdk1.8.0_20\jre\bin\management.dll
0x0000000063810000 - 0x0000000063821000 	C:\Program Files\Java\jdk1.8.0_20\jre\bin\nio.dll
0x00007ffd7bc00000 - 0x00007ffd7bc33000 	C:\Windows\system32\rsaenh.dll
0x00007ffd7c720000 - 0x00007ffd7c745000 	C:\Windows\SYSTEM32\USERENV.dll
0x00007ffd7c260000 - 0x00007ffd7c26c000 	C:\Windows\SYSTEM32\CRYPTBASE.dll
0x00007ffd744c0000 - 0x00007ffd744d6000 	C:\Windows\SYSTEM32\dhcpcsvc6.DLL
0x00007ffd6e720000 - 0x00007ffd6e73c000 	C:\Windows\SYSTEM32\dhcpcsvc.DLL
0x00007ffd68090000 - 0x00007ffd680a6000 	C:\Windows\system32\napinsp.dll
0x00007ffd64400000 - 0x00007ffd6441a000 	C:\Windows\system32\pnrpnsp.dll
0x00007ffd68080000 - 0x00007ffd6808e000 	C:\Windows\System32\winrnr.dll
0x00007ffd79240000 - 0x00007ffd7925c000 	C:\Windows\system32\NLAapi.dll
0x00007ffd642d0000 - 0x00007ffd642e5000 	C:\Windows\system32\wshbth.dll
0x0000000062c80000 - 0x0000000062ca4000 	C:\Program Files\Java\jdk1.8.0_20\jre\bin\sunec.dll
0x00007ffd7b140000 - 0x00007ffd7b334000 	C:\Windows\SYSTEM32\dbghelp.dll

VM Arguments:
jvm_args: -XX:TieredStopAtLevel=1 -Xverify:none -Dspring.output.ansi.enabled=always -Dcom.sun.management.jmxremote -Dspring.jmx.enabled=true -Dspring.liveBeansView.mbeanDomain -Dspring.application.admin.enabled=true -javaagent:D:\java编程\IntelliJ IDEA 2019.3.2\lib\idea_rt.jar=56150:D:\java编程\IntelliJ IDEA 2019.3.2\bin -Dfile.encoding=UTF-8 
java_command: com.example.IndentApplication
java_class_path (initial): C:\Program Files\Java\jdk1.8.0_20\jre\lib\charsets.jar;C:\Program Files\Java\jdk1.8.0_20\jre\lib\deploy.jar;C:\Program Files\Java\jdk1.8.0_20\jre\lib\ext\access-bridge-64.jar;C:\Program Files\Java\jdk1.8.0_20\jre\lib\ext\cldrdata.jar;C:\Program Files\Java\jdk1.8.0_20\jre\lib\ext\dnsns.jar;C:\Program Files\Java\jdk1.8.0_20\jre\lib\ext\jaccess.jar;C:\Program Files\Java\jdk1.8.0_20\jre\lib\ext\jfxrt.jar;C:\Program Files\Java\jdk1.8.0_20\jre\lib\ext\localedata.jar;C:\Program Files\Java\jdk1.8.0_20\jre\lib\ext\nashorn.jar;C:\Program Files\Java\jdk1.8.0_20\jre\lib\ext\sunec.jar;C:\Program Files\Java\jdk1.8.0_20\jre\lib\ext\sunjce_provider.jar;C:\Program Files\Java\jdk1.8.0_20\jre\lib\ext\sunmscapi.jar;C:\Program Files\Java\jdk1.8.0_20\jre\lib\ext\sunpkcs11.jar;C:\Program Files\Java\jdk1.8.0_20\jre\lib\ext\zipfs.jar;C:\Program Files\Java\jdk1.8.0_20\jre\lib\javaws.jar;C:\Program Files\Java\jdk1.8.0_20\jre\lib\jce.jar;C:\Program Files\Java\jdk1.8.0_20\jre\lib\jfr.jar;C:\Program Files\Java\jdk1.8.0_20\jre\lib\jfxswt.jar;C:\Program Files\Java\jdk1.8.0_20\jre\lib\jsse.jar;C:\Program Files\Java\jdk1.8.0_20\jre\lib\management-agent.jar;C:\Program Files\Java\jdk1.8.0_20\jre\lib\plugin.jar;C:\Program Files\Java\jdk1.8.0_20\jre\lib\resources.jar;C:\Program Files\Java\jdk1.8.0_20\jre\lib\rt.jar;D:\java编程\back\Oops\service\indent\target\classes;D:\java编程\back\Oops\common\service_base\target\classes;D:\repository\org\apache\commons\commons-pool2\2.7.0\commons-pool2-2.7.0.jar;D:\repository\org\springframework\boot\spring-boot-starter-data-mongodb\2.2.1.RELEASE\spring-boot-starter-data-mongodb-2.2.1.RELEASE.jar;D:\repository\org\mongodb\mongodb-driver\3.11.2\mongodb-driver-3.11.2.jar;D:\repository\org\mongodb\bson\3.11.2\bson-3.11.2.jar;D:\repository\org\mongodb\mongodb-driver-core\3.11.2\mongodb-driver-core-3.11.2.jar;D:\repository\org\springframework\data\spring-data-mongodb\2.2.1.RELEASE\spring-data-mongodb-2.2.1.RELEASE.jar;D:\repository\org\springfr
Launcher Type: SUN_STANDARD

Environment Variables:
JAVA_HOME=C:\Program Files\Java\jdk1.8.0_20
CLASSPATH=.;C:\Program Files\Java\jdk1.8.0_20\lib\dt.jar;C:\Program Files\Java\jdk1.8.0_20\lib\tools.jar;MySQL JDBC Driver;
PATH=D:\虚拟机\XFtp\Xshell\;D:\虚拟机\XFtp\Xftp\;D:;虚拟机\XFtp\Xshell\;D:;Oracle\softwareUrl\bin;C:\ProgramData\Oracle\Java\javapath;C:\Windows\system32;C:\Windows;C:\Windows\System32\Wbem;C:\Windows\System32\WindowsPowerShell\v1.0\;C:\Windows\System32\OpenSSH\;C:\Program Files (x86)\Microsoft SQL Server\100\Tools\Binn\;C:\Program Files\Microsoft SQL Server\100\Tools\Binn\;C:\Program Files\Microsoft SQL Server\100\DTS\Binn\;C:\Program Files (x86)\Microsoft SQL Server\100\Tools\Binn\VSShell\Common7\IDE\;C:\Program Files (x86)\Microsoft Visual Studio 9.0\Common7\IDE\PrivateAssemblies\;C:\Program Files (x86)\Microsoft SQL Server\100\DTS\Binn\;C:\Program Files\Microsoft SQL Server\110\Tools\Binn\;D:\java\bin;D:\SJK\bin;D:\LJ\bin;D:\版本控制\服务端安装\bin;D:\版本控制\;户端安装\bin;D:\java编程\git\安装路径\Git\cmd;D:\java编程\git\TortoiseGit安装\bin;D:\apache-maven-3.6.3\bin;D:\Nodejs\;D:\nodejs\node_global;D:\RabbitMQ\ot\erl-23.1\bin;C:\Users\DELL\AppData\Local\Microsoft\WindowsApps;C:\Program Files\Java\jdk1.8.0_20\bin\;C:\Program Files\Java\jdk1.8.0_20\jre\bin\;;D:\java编程\IntelliJ IDEA 2019.3.2\bin;;D:\Microsoft VS Code\Microsoft VS Code\bin;C:\Users\DELL\AppData\Roaming\npm
USERNAME=DELL
OS=Windows_NT
PROCESSOR_IDENTIFIER=Intel64 Family 6 Model 142 Stepping 10, GenuineIntel



---------------  S Y S T E M  ---------------

OS: Windows 8.1 , 64 bit Build 9600 

CPU:total 8 (4 cores per cpu, 2 threads per core) family 6 model 142 stepping 10, cmov, cx8, fxsr, mmx, sse, sse2, sse3, ssse3, sse4.1, sse4.2, popcnt, avx, avx2, aes, clmul, erms, lzcnt, ht, tsc, tscinvbit, bmi1, bmi2

Memory: 4k page, physical 8250436k(320156k free), swap 27072592k(2564k free)

vm_info: Java HotSpot(TM) 64-Bit Server VM (25.20-b23) for windows-amd64 JRE (1.8.0_20-b26), built on Jul 30 2014 13:51:23 by "java_re" with MS VC++ 10.0 (VS2010)

time: Sat Jan 09 00:20:34 2021
elapsed time: 63 seconds (0d 0h 1m 3s)

