#
# There is insufficient memory for the Java Runtime Environment to continue.
# Native memory allocation (malloc) failed to allocate 32744 bytes for ChunkPool::allocate
# Possible reasons:
#   The system is out of physical RAM or swap space
#   In 32 bit mode, the process size limit was hit
# Possible solutions:
#   Reduce memory load on the system
#   Increase physical memory or swap space
#   Check if swap backing store is full
#   Use 64 bit Java on a 64 bit OS
#   Decrease Java heap size (-Xmx/-Xms)
#   Decrease number of Java threads
#   Decrease Java thread stack sizes (-Xss)
#   Set larger code cache with -XX:ReservedCodeCacheSize=
# This output file may be truncated or incomplete.
#
#  Out of Memory Error (allocation.cpp:273), pid=6860, tid=8264
#
# JRE version: Java(TM) SE Runtime Environment (8.0_20-b26) (build 1.8.0_20-b26)
# Java VM: Java HotSpot(TM) 64-Bit Server VM (25.20-b23 mixed mode windows-amd64 compressed oops)
# Failed to write core dump. Minidumps are not enabled by default on client versions of Windows
#

---------------  T H R E A D  ---------------

Current thread (0x000000001f10e800):  JavaThread "http-nio-9003-exec-1" daemon [_thread_in_vm, id=8264, stack(0x0000000020f80000,0x0000000021080000)]

Stack: [0x0000000020f80000,0x0000000021080000],  sp=0x0000000021074ff0,  free space=979k
Native frames: (J=compiled Java code, j=interpreted, Vv=VM code, C=native code)
V  [jvm.dll+0x3152fa]

Java frames: (J=compiled Java code, j=interpreted, Vv=VM code)
J 878  java.lang.ClassLoader.defineClass1(Ljava/lang/String;[BIILjava/security/ProtectionDomain;Ljava/lang/String;)Ljava/lang/Class; (0 bytes) @ 0x0000000003952a5f [0x00000000039529c0+0x9f]
J 799 C1 java.lang.ClassLoader.defineClass(Ljava/lang/String;[BIILjava/security/ProtectionDomain;)Ljava/lang/Class; (43 bytes) @ 0x0000000003933d1c [0x0000000003933c20+0xfc]
J 806 C1 java.net.URLClassLoader.defineClass(Ljava/lang/String;Lsun/misc/Resource;)Ljava/lang/Class; (224 bytes) @ 0x0000000003937c3c [0x0000000003937180+0xabc]
J 709 C1 java.net.URLClassLoader$1.run()Ljava/lang/Class; (73 bytes) @ 0x0000000003916874 [0x00000000039167c0+0xb4]
J 708 C1 java.net.URLClassLoader$1.run()Ljava/lang/Object; (5 bytes) @ 0x0000000003916494 [0x0000000003916460+0x34]
v  ~StubRoutines::call_stub
J 707  java.security.AccessController.doPrivileged(Ljava/security/PrivilegedExceptionAction;Ljava/security/AccessControlContext;)Ljava/lang/Object; (0 bytes) @ 0x0000000003916126 [0x00000000039160c0+0x66]
J 507 C1 java.net.URLClassLoader.findClass(Ljava/lang/String;)Ljava/lang/Class; (29 bytes) @ 0x00000000038d042c [0x00000000038d0380+0xac]
J 4211 C1 java.lang.ClassLoader.loadClass(Ljava/lang/String;Z)Ljava/lang/Class; (122 bytes) @ 0x0000000003b7b0a4 [0x0000000003b7ada0+0x304]
J 714 C1 sun.misc.Launcher$AppClassLoader.loadClass(Ljava/lang/String;Z)Ljava/lang/Class; (40 bytes) @ 0x0000000003918aac [0x00000000039189e0+0xcc]
J 519 C1 java.lang.ClassLoader.loadClass(Ljava/lang/String;)Ljava/lang/Class; (7 bytes) @ 0x00000000038d55a4 [0x00000000038d5560+0x44]
v  ~StubRoutines::call_stub
J 878  java.lang.ClassLoader.defineClass1(Ljava/lang/String;[BIILjava/security/ProtectionDomain;Ljava/lang/String;)Ljava/lang/Class; (0 bytes) @ 0x0000000003952a5f [0x00000000039529c0+0x9f]
J 799 C1 java.lang.ClassLoader.defineClass(Ljava/lang/String;[BIILjava/security/ProtectionDomain;)Ljava/lang/Class; (43 bytes) @ 0x0000000003933d1c [0x0000000003933c20+0xfc]
J 806 C1 java.net.URLClassLoader.defineClass(Ljava/lang/String;Lsun/misc/Resource;)Ljava/lang/Class; (224 bytes) @ 0x0000000003937c3c [0x0000000003937180+0xabc]
J 709 C1 java.net.URLClassLoader$1.run()Ljava/lang/Class; (73 bytes) @ 0x0000000003916874 [0x00000000039167c0+0xb4]
J 708 C1 java.net.URLClassLoader$1.run()Ljava/lang/Object; (5 bytes) @ 0x0000000003916494 [0x0000000003916460+0x34]
v  ~StubRoutines::call_stub
J 707  java.security.AccessController.doPrivileged(Ljava/security/PrivilegedExceptionAction;Ljava/security/AccessControlContext;)Ljava/lang/Object; (0 bytes) @ 0x0000000003916126 [0x00000000039160c0+0x66]
J 507 C1 java.net.URLClassLoader.findClass(Ljava/lang/String;)Ljava/lang/Class; (29 bytes) @ 0x00000000038d042c [0x00000000038d0380+0xac]
J 4211 C1 java.lang.ClassLoader.loadClass(Ljava/lang/String;Z)Ljava/lang/Class; (122 bytes) @ 0x0000000003b7b0a4 [0x0000000003b7ada0+0x304]
J 714 C1 sun.misc.Launcher$AppClassLoader.loadClass(Ljava/lang/String;Z)Ljava/lang/Class; (40 bytes) @ 0x0000000003918aac [0x00000000039189e0+0xcc]
J 519 C1 java.lang.ClassLoader.loadClass(Ljava/lang/String;)Ljava/lang/Class; (7 bytes) @ 0x00000000038d55a4 [0x00000000038d5560+0x44]
v  ~StubRoutines::call_stub
j  com.mysql.cj.jdbc.result.ResultSetFactory.createFromProtocolEntity(Lcom/mysql/cj/protocol/ProtocolEntity;)Lcom/mysql/cj/jdbc/result/ResultSetImpl;+7
j  com.mysql.cj.jdbc.result.ResultSetFactory.createFromProtocolEntity(Lcom/mysql/cj/protocol/ProtocolEntity;)Ljava/lang/Object;+2
j  com.mysql.cj.protocol.a.TextResultsetReader.read(IZLcom/mysql/cj/protocol/a/NativePacketPayload;Lcom/mysql/cj/protocol/ColumnDefinition;Lcom/mysql/cj/protocol/ProtocolEntityFactory;)Lcom/mysql/cj/protocol/Resultset;+312
j  com.mysql.cj.protocol.a.TextResultsetReader.read(IZLcom/mysql/cj/protocol/Message;Lcom/mysql/cj/protocol/ColumnDefinition;Lcom/mysql/cj/protocol/ProtocolEntityFactory;)Lcom/mysql/cj/protocol/ProtocolEntity;+11
j  com.mysql.cj.protocol.a.NativeProtocol.read(Ljava/lang/Class;IZLcom/mysql/cj/protocol/a/NativePacketPayload;ZLcom/mysql/cj/protocol/ColumnDefinition;Lcom/mysql/cj/protocol/ProtocolEntityFactory;)Lcom/mysql/cj/protocol/ProtocolEntity;+80
j  com.mysql.cj.protocol.a.NativeProtocol.readAllResults(IZLcom/mysql/cj/protocol/a/NativePacketPayload;ZLcom/mysql/cj/protocol/ColumnDefinition;Lcom/mysql/cj/protocol/ProtocolEntityFactory;)Lcom/mysql/cj/protocol/Resultset;+17
j  com.mysql.cj.protocol.a.NativeProtocol.sendQueryPacket(Lcom/mysql/cj/Query;Lcom/mysql/cj/protocol/a/NativePacketPayload;IZLcom/mysql/cj/protocol/ColumnDefinition;Lcom/mysql/cj/protocol/ProtocolEntityFactory;)Lcom/mysql/cj/protocol/Resultset;+308
j  com.mysql.cj.protocol.a.NativeProtocol.sendQueryString(Lcom/mysql/cj/Query;Ljava/lang/String;Ljava/lang/String;IZLcom/mysql/cj/protocol/ColumnDefinition;Lcom/mysql/cj/protocol/ProtocolEntityFactory;)Lcom/mysql/cj/protocol/Resultset;+253
j  com.mysql.cj.NativeSession.execSQL(Lcom/mysql/cj/Query;Ljava/lang/String;ILcom/mysql/cj/protocol/a/NativePacketPayload;ZLcom/mysql/cj/protocol/ProtocolEntityFactory;Lcom/mysql/cj/protocol/ColumnDefinition;Z)Lcom/mysql/cj/protocol/Resultset;+161
j  com.mysql.cj.jdbc.ConnectionImpl.setAutoCommit(Z)V+194
j  com.mysql.cj.jdbc.ConnectionImpl.handleAutoCommitDefaults()V+88
j  com.mysql.cj.jdbc.ConnectionImpl.initializePropsFromServer()V+216
j  com.mysql.cj.jdbc.ConnectionImpl.connectOneTryOnly(Z)V+75
j  com.mysql.cj.jdbc.ConnectionImpl.createNewIO(Z)V+27
j  com.mysql.cj.jdbc.ConnectionImpl.<init>(Lcom/mysql/cj/conf/HostInfo;)V+783
j  com.mysql.cj.jdbc.ConnectionImpl.getInstance(Lcom/mysql/cj/conf/HostInfo;)Lcom/mysql/cj/jdbc/JdbcConnection;+5
j  com.mysql.cj.jdbc.NonRegisteringDriver.connect(Ljava/lang/String;Ljava/util/Properties;)Ljava/sql/Connection;+60
j  com.zaxxer.hikari.util.DriverDataSource.getConnection(Ljava/lang/String;Ljava/lang/String;)Ljava/sql/Connection;+61
j  com.zaxxer.hikari.pool.PoolBase.newConnection()Ljava/sql/Connection;+49
j  com.zaxxer.hikari.pool.PoolBase.newPoolEntry()Lcom/zaxxer/hikari/pool/PoolEntry;+5
j  com.zaxxer.hikari.pool.HikariPool.createPoolEntry()Lcom/zaxxer/hikari/pool/PoolEntry;+1
j  com.zaxxer.hikari.pool.HikariPool.checkFailFast()V+20
j  com.zaxxer.hikari.pool.HikariPool.<init>(Lcom/zaxxer/hikari/HikariConfig;)V+128
j  com.zaxxer.hikari.HikariDataSource.getConnection()Ljava/sql/Connection;+100
j  org.springframework.jdbc.datasource.DataSourceUtils.fetchConnection(Ljavax/sql/DataSource;)Ljava/sql/Connection;+1
j  org.springframework.jdbc.datasource.DataSourceUtils.doGetConnection(Ljavax/sql/DataSource;)Ljava/sql/Connection;+77
j  org.springframework.jdbc.datasource.DataSourceUtils.getConnection(Ljavax/sql/DataSource;)Ljava/sql/Connection;+1
j  org.mybatis.spring.transaction.SpringManagedTransaction.openConnection()V+5
j  org.mybatis.spring.transaction.SpringManagedTransaction.getConnection()Ljava/sql/Connection;+8
j  org.apache.ibatis.executor.BaseExecutor.getConnection(Lorg/apache/ibatis/logging/Log;)Ljava/sql/Connection;+4
j  org.apache.ibatis.executor.SimpleExecutor.prepareStatement(Lorg/apache/ibatis/executor/statement/StatementHandler;Lorg/apache/ibatis/logging/Log;)Ljava/sql/Statement;+2
j  org.apache.ibatis.executor.SimpleExecutor.doQuery(Lorg/apache/ibatis/mapping/MappedStatement;Ljava/lang/Object;Lorg/apache/ibatis/session/RowBounds;Lorg/apache/ibatis/session/ResultHandler;Lorg/apache/ibatis/mapping/BoundSql;)Ljava/util/List;+34
j  org.apache.ibatis.executor.BaseExecutor.queryFromDatabase(Lorg/apache/ibatis/mapping/MappedStatement;Ljava/lang/Object;Lorg/apache/ibatis/session/RowBounds;Lorg/apache/ibatis/session/ResultHandler;Lorg/apache/ibatis/cache/CacheKey;Lorg/apache/ibatis/mapping/BoundSql;)Ljava/util/List;+20
j  org.apache.ibatis.executor.BaseExecutor.query(Lorg/apache/ibatis/mapping/MappedStatement;Ljava/lang/Object;Lorg/apache/ibatis/session/RowBounds;Lorg/apache/ibatis/session/ResultHandler;Lorg/apache/ibatis/cache/CacheKey;Lorg/apache/ibatis/mapping/BoundSql;)Ljava/util/List;+119
j  org.apache.ibatis.executor.CachingExecutor.query(Lorg/apache/ibatis/mapping/MappedStatement;Ljava/lang/Object;Lorg/apache/ibatis/session/RowBounds;Lorg/apache/ibatis/session/ResultHandler;Lorg/apache/ibatis/cache/CacheKey;Lorg/apache/ibatis/mapping/BoundSql;)Ljava/util/List;+105
j  org.apache.ibatis.executor.CachingExecutor.query(Lorg/apache/ibatis/mapping/MappedStatement;Ljava/lang/Object;Lorg/apache/ibatis/session/RowBounds;Lorg/apache/ibatis/session/ResultHandler;)Ljava/util/List;+28
j  org.apache.ibatis.session.defaults.DefaultSqlSession.selectList(Ljava/lang/String;Ljava/lang/Object;Lorg/apache/ibatis/session/RowBounds;)Ljava/util/List;+25
j  org.apache.ibatis.session.defaults.DefaultSqlSession.selectList(Ljava/lang/String;Ljava/lang/Object;)Ljava/util/List;+6
j  org.apache.ibatis.session.defaults.DefaultSqlSession.selectOne(Ljava/lang/String;Ljava/lang/Object;)Ljava/lang/Object;+3
v  ~StubRoutines::call_stub
J 1945  sun.reflect.NativeMethodAccessorImpl.invoke0(Ljava/lang/reflect/Method;Ljava/lang/Object;[Ljava/lang/Object;)Ljava/lang/Object; (0 bytes) @ 0x0000000003ad0abf [0x0000000003ad0a40+0x7f]
J 1944 C1 sun.reflect.NativeMethodAccessorImpl.invoke(Ljava/lang/Object;[Ljava/lang/Object;)Ljava/lang/Object; (104 bytes) @ 0x0000000003ad120c [0x0000000003ad0ea0+0x36c]
J 2032 C1 sun.reflect.DelegatingMethodAccessorImpl.invoke(Ljava/lang/Object;[Ljava/lang/Object;)Ljava/lang/Object; (10 bytes) @ 0x0000000003aea224 [0x0000000003aea1e0+0x44]
J 1941 C1 java.lang.reflect.Method.invoke(Ljava/lang/Object;[Ljava/lang/Object;)Ljava/lang/Object; (62 bytes) @ 0x0000000003acec7c [0x0000000003aceba0+0xdc]
j  org.mybatis.spring.SqlSessionTemplate$SqlSessionInterceptor.invoke(Ljava/lang/Object;Ljava/lang/reflect/Method;[Ljava/lang/Object;)Ljava/lang/Object;+30
j  com.sun.proxy.$Proxy76.selectOne(Ljava/lang/String;Ljava/lang/Object;)Ljava/lang/Object;+20
j  org.mybatis.spring.SqlSessionTemplate.selectOne(Ljava/lang/String;Ljava/lang/Object;)Ljava/lang/Object;+6
j  org.apache.ibatis.binding.MapperMethod.execute(Lorg/apache/ibatis/session/SqlSession;[Ljava/lang/Object;)Ljava/lang/Object;+258
j  org.apache.ibatis.binding.MapperProxy$PlainMethodInvoker.invoke(Ljava/lang/Object;Ljava/lang/reflect/Method;[Ljava/lang/Object;Lorg/apache/ibatis/session/SqlSession;)Ljava/lang/Object;+7
j  org.apache.ibatis.binding.MapperProxy.invoke(Ljava/lang/Object;Ljava/lang/reflect/Method;[Ljava/lang/Object;)Ljava/lang/Object;+31
j  com.sun.proxy.$Proxy77.personage(Ljava/lang/Integer;)Lcom/example/po/Op_Video;+16
j  com.example.service.impl.VideoDaoImpl.personage(Ljava/lang/Integer;)Lcom/example/po/Op_Video;+5
j  com.example.controller.VideoController.filtration(Ljava/lang/Integer;Ljavax/servlet/http/HttpServletRequest;)Lcom/example/po/Op_Video;+48
v  ~StubRoutines::call_stub
J 1945  sun.reflect.NativeMethodAccessorImpl.invoke0(Ljava/lang/reflect/Method;Ljava/lang/Object;[Ljava/lang/Object;)Ljava/lang/Object; (0 bytes) @ 0x0000000003ad0abf [0x0000000003ad0a40+0x7f]
J 1944 C1 sun.reflect.NativeMethodAccessorImpl.invoke(Ljava/lang/Object;[Ljava/lang/Object;)Ljava/lang/Object; (104 bytes) @ 0x0000000003ad120c [0x0000000003ad0ea0+0x36c]
J 2032 C1 sun.reflect.DelegatingMethodAccessorImpl.invoke(Ljava/lang/Object;[Ljava/lang/Object;)Ljava/lang/Object; (10 bytes) @ 0x0000000003aea224 [0x0000000003aea1e0+0x44]
J 1941 C1 java.lang.reflect.Method.invoke(Ljava/lang/Object;[Ljava/lang/Object;)Ljava/lang/Object; (62 bytes) @ 0x0000000003acec7c [0x0000000003aceba0+0xdc]
j  org.springframework.web.method.support.InvocableHandlerMethod.doInvoke([Ljava/lang/Object;)Ljava/lang/Object;+16
j  org.springframework.web.method.support.InvocableHandlerMethod.invokeForRequest(Lorg/springframework/web/context/request/NativeWebRequest;Lorg/springframework/web/method/support/ModelAndViewContainer;[Ljava/lang/Object;)Ljava/lang/Object;+56
j  org.springframework.web.servlet.mvc.method.annotation.ServletInvocableHandlerMethod.invokeAndHandle(Lorg/springframework/web/context/request/ServletWebRequest;Lorg/springframework/web/method/support/ModelAndViewContainer;[Ljava/lang/Object;)V+4
j  org.springframework.web.servlet.mvc.method.annotation.RequestMappingHandlerAdapter.invokeHandlerMethod(Ljavax/servlet/http/HttpServletRequest;Ljavax/servlet/http/HttpServletResponse;Lorg/springframework/web/method/HandlerMethod;)Lorg/springframework/web/servlet/ModelAndView;+244
j  org.springframework.web.servlet.mvc.method.annotation.RequestMappingHandlerAdapter.handleInternal(Ljavax/servlet/http/HttpServletRequest;Ljavax/servlet/http/HttpServletResponse;Lorg/springframework/web/method/HandlerMethod;)Lorg/springframework/web/servlet/ModelAndView;+81
j  org.springframework.web.servlet.mvc.method.AbstractHandlerMethodAdapter.handle(Ljavax/servlet/http/HttpServletRequest;Ljavax/servlet/http/HttpServletResponse;Ljava/lang/Object;)Lorg/springframework/web/servlet/ModelAndView;+7
j  org.springframework.web.servlet.DispatcherServlet.doDispatch(Ljavax/servlet/http/HttpServletRequest;Ljavax/servlet/http/HttpServletResponse;)V+257
j  org.springframework.web.servlet.DispatcherServlet.doService(Ljavax/servlet/http/HttpServletRequest;Ljavax/servlet/http/HttpServletResponse;)V+212
j  org.springframework.web.servlet.FrameworkServlet.processRequest(Ljavax/servlet/http/HttpServletRequest;Ljavax/servlet/http/HttpServletResponse;)V+71
j  org.springframework.web.servlet.FrameworkServlet.doPost(Ljavax/servlet/http/HttpServletRequest;Ljavax/servlet/http/HttpServletResponse;)V+3
j  javax.servlet.http.HttpServlet.service(Ljavax/servlet/http/HttpServletRequest;Ljavax/servlet/http/HttpServletResponse;)V+149
j  org.springframework.web.servlet.FrameworkServlet.service(Ljavax/servlet/http/HttpServletRequest;Ljavax/servlet/http/HttpServletResponse;)V+33
j  javax.servlet.http.HttpServlet.service(Ljavax/servlet/ServletRequest;Ljavax/servlet/ServletResponse;)V+36
j  org.apache.catalina.core.ApplicationFilterChain.internalDoFilter(Ljavax/servlet/ServletRequest;Ljavax/servlet/ServletResponse;)V+304
j  org.apache.catalina.core.ApplicationFilterChain.doFilter(Ljavax/servlet/ServletRequest;Ljavax/servlet/ServletResponse;)V+101
j  org.apache.tomcat.websocket.server.WsFilter.doFilter(Ljavax/servlet/ServletRequest;Ljavax/servlet/ServletResponse;Ljavax/servlet/FilterChain;)V+21
j  org.apache.catalina.core.ApplicationFilterChain.internalDoFilter(Ljavax/servlet/ServletRequest;Ljavax/servlet/ServletResponse;)V+135
j  org.apache.catalina.core.ApplicationFilterChain.doFilter(Ljavax/servlet/ServletRequest;Ljavax/servlet/ServletResponse;)V+101
j  org.springframework.web.filter.RequestContextFilter.doFilterInternal(Ljavax/servlet/http/HttpServletRequest;Ljavax/servlet/http/HttpServletResponse;Ljavax/servlet/FilterChain;)V+21
j  org.springframework.web.filter.OncePerRequestFilter.doFilter(Ljavax/servlet/ServletRequest;Ljavax/servlet/ServletResponse;Ljavax/servlet/FilterChain;)V+147
j  org.apache.catalina.core.ApplicationFilterChain.internalDoFilter(Ljavax/servlet/ServletRequest;Ljavax/servlet/ServletResponse;)V+135
j  org.apache.catalina.core.ApplicationFilterChain.doFilter(Ljavax/servlet/ServletRequest;Ljavax/servlet/ServletResponse;)V+101
j  org.springframework.web.filter.FormContentFilter.doFilterInternal(Ljavax/servlet/http/HttpServletRequest;Ljavax/servlet/http/HttpServletResponse;Ljavax/servlet/FilterChain;)V+38
j  org.springframework.web.filter.OncePerRequestFilter.doFilter(Ljavax/servlet/ServletRequest;Ljavax/servlet/ServletResponse;Ljavax/servlet/FilterChain;)V+147
j  org.apache.catalina.core.ApplicationFilterChain.internalDoFilter(Ljavax/servlet/ServletRequest;Ljavax/servlet/ServletResponse;)V+135
j  org.apache.catalina.core.ApplicationFilterChain.doFilter(Ljavax/servlet/ServletRequest;Ljavax/servlet/ServletResponse;)V+101
j  org.springframework.web.filter.CharacterEncodingFilter.doFilterInternal(Ljavax/servlet/http/HttpServletRequest;Ljavax/servlet/http/HttpServletResponse;Ljavax/servlet/FilterChain;)V+53
j  org.springframework.web.filter.OncePerRequestFilter.doFilter(Ljavax/servlet/ServletRequest;Ljavax/servlet/ServletResponse;Ljavax/servlet/FilterChain;)V+147
j  org.apache.catalina.core.ApplicationFilterChain.internalDoFilter(Ljavax/servlet/ServletRequest;Ljavax/servlet/ServletResponse;)V+135
j  org.apache.catalina.core.ApplicationFilterChain.doFilter(Ljavax/servlet/ServletRequest;Ljavax/servlet/ServletResponse;)V+101
j  org.apache.catalina.core.StandardWrapperValve.invoke(Lorg/apache/catalina/connector/Request;Lorg/apache/catalina/connector/Response;)V+694
j  org.apache.catalina.core.StandardContextValve.invoke(Lorg/apache/catalina/connector/Request;Lorg/apache/catalina/connector/Response;)V+166
j  org.apache.catalina.authenticator.AuthenticatorBase.invoke(Lorg/apache/catalina/connector/Request;Lorg/apache/catalina/connector/Response;)V+260
j  org.apache.catalina.core.StandardHostValve.invoke(Lorg/apache/catalina/connector/Request;Lorg/apache/catalina/connector/Response;)V+114
j  org.apache.catalina.valves.ErrorReportValve.invoke(Lorg/apache/catalina/connector/Request;Lorg/apache/catalina/connector/Response;)V+6
j  org.apache.catalina.core.StandardEngineValve.invoke(Lorg/apache/catalina/connector/Request;Lorg/apache/catalina/connector/Response;)V+45
j  org.apache.catalina.connector.CoyoteAdapter.service(Lorg/apache/coyote/Request;Lorg/apache/coyote/Response;)V+199
j  org.apache.coyote.http11.Http11Processor.service(Lorg/apache/tomcat/util/net/SocketWrapperBase;)Lorg/apache/tomcat/util/net/AbstractEndpoint$Handler$SocketState;+784
j  org.apache.coyote.AbstractProcessorLight.process(Lorg/apache/tomcat/util/net/SocketWrapperBase;Lorg/apache/tomcat/util/net/SocketEvent;)Lorg/apache/tomcat/util/net/AbstractEndpoint$Handler$SocketState;+113
j  org.apache.coyote.AbstractProtocol$ConnectionHandler.process(Lorg/apache/tomcat/util/net/SocketWrapperBase;Lorg/apache/tomcat/util/net/SocketEvent;)Lorg/apache/tomcat/util/net/AbstractEndpoint$Handler$SocketState;+442
j  org.apache.tomcat.util.net.NioEndpoint$SocketProcessor.doRun()V+221
j  org.apache.tomcat.util.net.SocketProcessorBase.run()V+21
j  java.util.concurrent.ThreadPoolExecutor.runWorker(Ljava/util/concurrent/ThreadPoolExecutor$Worker;)V+95
j  java.util.concurrent.ThreadPoolExecutor$Worker.run()V+5
j  org.apache.tomcat.util.threads.TaskThread$WrappingRunnable.run()V+4
j  java.lang.Thread.run()V+11
v  ~StubRoutines::call_stub

---------------  P R O C E S S  ---------------

Java Threads: ( => current thread )
  0x000000001f0bd800 JavaThread "logback-8" daemon [_thread_blocked, id=23024, stack(0x0000000022480000,0x0000000022580000)]
  0x000000001f0c3800 JavaThread "logback-7" daemon [_thread_blocked, id=22052, stack(0x0000000020b80000,0x0000000020c80000)]
  0x000000001f0c4000 JavaThread "logback-6" daemon [_thread_blocked, id=10184, stack(0x000000001d3b0000,0x000000001d4b0000)]
  0x000000001f0bc000 JavaThread "logback-5" daemon [_thread_blocked, id=9448, stack(0x0000000001550000,0x0000000001650000)]
  0x000000001f0c0800 JavaThread "logback-4" daemon [_thread_blocked, id=2304, stack(0x0000000001450000,0x0000000001550000)]
  0x000000001f0bf000 JavaThread "logback-3" daemon [_thread_blocked, id=10048, stack(0x0000000001350000,0x0000000001450000)]
  0x000000001f0c2800 JavaThread "logback-2" daemon [_thread_blocked, id=17760, stack(0x0000000022a80000,0x0000000022b80000)]
  0x000000001f0bf800 JavaThread "com.alibaba.nacos.naming.beat.sender" daemon [_thread_blocked, id=6308, stack(0x0000000022780000,0x0000000022880000)]
  0x000000001f0bb000 JavaThread "com.alibaba.nacos.naming.beat.sender" daemon [_thread_blocked, id=23032, stack(0x0000000022680000,0x0000000022780000)]
  0x000000001f0c1000 JavaThread "com.alibaba.nacos.naming.beat.sender" daemon [_thread_blocked, id=17560, stack(0x0000000022580000,0x0000000022680000)]
  0x000000001f0be000 JavaThread "DestroyJavaVM" [_thread_blocked, id=24188, stack(0x0000000003360000,0x0000000003460000)]
  0x000000001f0c2000 JavaThread "com.alibaba.nacos.client.naming.updater" daemon [_thread_blocked, id=16644, stack(0x0000000022380000,0x0000000022480000)]
  0x000000001f0bc800 JavaThread "com.alibaba.nacos.client.naming.updater" daemon [_thread_blocked, id=13376, stack(0x0000000022280000,0x0000000022380000)]
  0x000000001f11c000 JavaThread "com.alibaba.nacos.client.naming.updater" daemon [_thread_blocked, id=19892, stack(0x0000000022180000,0x0000000022280000)]
  0x000000001f11b800 JavaThread "com.alibaba.nacos.client.naming.updater" daemon [_thread_blocked, id=10612, stack(0x0000000022080000,0x0000000022180000)]
  0x000000001f11a800 JavaThread "Keep-Alive-Timer" daemon [_thread_blocked, id=2376, stack(0x0000000021d80000,0x0000000021e80000)]
  0x000000001f11a000 JavaThread "com.alibaba.nacos.naming.beat.sender" daemon [_thread_blocked, id=12660, stack(0x0000000021b80000,0x0000000021c80000)]
  0x000000001f112800 JavaThread "http-nio-9003-Acceptor" daemon [_thread_in_native, id=8956, stack(0x0000000021a80000,0x0000000021b80000)]
  0x000000001f119000 JavaThread "http-nio-9003-ClientPoller" daemon [_thread_in_native, id=9960, stack(0x0000000021980000,0x0000000021a80000)]
  0x000000001f118800 JavaThread "http-nio-9003-exec-10" daemon [_thread_blocked, id=21012, stack(0x0000000021880000,0x0000000021980000)]
  0x000000001f117800 JavaThread "http-nio-9003-exec-9" daemon [_thread_blocked, id=3672, stack(0x0000000021780000,0x0000000021880000)]
  0x000000001f111800 JavaThread "http-nio-9003-exec-8" daemon [_thread_blocked, id=20552, stack(0x0000000021680000,0x0000000021780000)]
  0x000000001f117000 JavaThread "http-nio-9003-exec-7" daemon [_thread_blocked, id=22180, stack(0x0000000021580000,0x0000000021680000)]
  0x000000001f116000 JavaThread "http-nio-9003-exec-6" daemon [_thread_blocked, id=10376, stack(0x0000000021480000,0x0000000021580000)]
  0x000000001f115800 JavaThread "http-nio-9003-exec-5" daemon [_thread_blocked, id=7988, stack(0x0000000021380000,0x0000000021480000)]
  0x000000001f114800 JavaThread "http-nio-9003-exec-4" daemon [_thread_blocked, id=23964, stack(0x0000000021280000,0x0000000021380000)]
  0x000000001f113000 JavaThread "http-nio-9003-exec-3" daemon [_thread_blocked, id=11412, stack(0x0000000021180000,0x0000000021280000)]
  0x000000001f10d000 JavaThread "http-nio-9003-exec-2" daemon [_thread_blocked, id=9012, stack(0x0000000021080000,0x0000000021180000)]
=>0x000000001f10e800 JavaThread "http-nio-9003-exec-1" daemon [_thread_in_vm, id=8264, stack(0x0000000020f80000,0x0000000021080000)]
  0x000000001f114000 JavaThread "http-nio-9003-BlockPoller" daemon [_thread_in_native, id=808, stack(0x0000000020e80000,0x0000000020f80000)]
  0x000000001f10f800 JavaThread "Timer-0" daemon [_thread_blocked, id=23168, stack(0x0000000020d80000,0x0000000020e80000)]
  0x000000001f10e000 JavaThread "ThreadPoolTaskScheduler-1" [_thread_blocked, id=18408, stack(0x0000000020c80000,0x0000000020d80000)]
  0x000000001f110000 JavaThread "com.alibaba.nacos.naming.push.receiver" daemon [_thread_in_native, id=16512, stack(0x0000000020880000,0x0000000020980000)]
  0x000000001ef8d000 JavaThread "com.alibaba.nacos.naming.failover" daemon [_thread_blocked, id=18912, stack(0x0000000020780000,0x0000000020880000)]
  0x000000001ef8b800 JavaThread "com.alibaba.nacos.client.naming.updater" daemon [_thread_blocked, id=24512, stack(0x0000000020680000,0x0000000020780000)]
  0x000000001ef8a800 JavaThread "com.alibaba.nacos.client.naming.updater" daemon [_thread_blocked, id=1792, stack(0x0000000020580000,0x0000000020680000)]
  0x000000001ef8c000 JavaThread "com.alibaba.nacos.naming.client.listener" daemon [_thread_blocked, id=19664, stack(0x0000000020480000,0x0000000020580000)]
  0x000000001ef8d800 JavaThread "logback-1" daemon [_thread_blocked, id=13388, stack(0x0000000020380000,0x0000000020480000)]
  0x000000001f0eb000 JavaThread "spring.cloud.inetutils" daemon [_thread_blocked, id=23104, stack(0x0000000020280000,0x0000000020380000)]
  0x000000001ca7e800 JavaThread "mysql-cj-abandoned-connection-cleanup" daemon [_thread_blocked, id=17016, stack(0x000000001e7b0000,0x000000001e8b0000)]
  0x000000001c9d0000 JavaThread "container-0" [_thread_blocked, id=20572, stack(0x000000001e4b0000,0x000000001e5b0000)]
  0x000000001c9cf000 JavaThread "Catalina-utility-2" [_thread_blocked, id=7648, stack(0x000000001e3b0000,0x000000001e4b0000)]
  0x000000001b2b1000 JavaThread "Catalina-utility-1" [_thread_blocked, id=13240, stack(0x000000001ceb0000,0x000000001cfb0000)]
  0x000000001bf9d800 JavaThread "RMI Scheduler(0)" daemon [_thread_blocked, id=2888, stack(0x000000001d4b0000,0x000000001d5b0000)]
  0x000000001b2c0800 JavaThread "RMI TCP Accept-0" daemon [_thread_in_native, id=24520, stack(0x000000001ba30000,0x000000001bb30000)]
  0x000000001b1a0800 JavaThread "Service Thread" daemon [_thread_blocked, id=18868, stack(0x000000001b930000,0x000000001ba30000)]
  0x000000001b0a5000 JavaThread "C1 CompilerThread3" daemon [_thread_blocked, id=22280, stack(0x000000001b830000,0x000000001b930000)]
  0x000000001b06f800 JavaThread "C2 CompilerThread2" daemon [_thread_blocked, id=704, stack(0x000000001b730000,0x000000001b830000)]
  0x000000001b06e800 JavaThread "C2 CompilerThread1" daemon [_thread_blocked, id=23156, stack(0x000000001b630000,0x000000001b730000)]
  0x000000001b06e000 JavaThread "C2 CompilerThread0" daemon [_thread_blocked, id=21716, stack(0x000000001b530000,0x000000001b630000)]
  0x000000001b103000 JavaThread "Monitor Ctrl-Break" daemon [_thread_in_native, id=22220, stack(0x000000001b430000,0x000000001b530000)]
  0x000000001a6be000 JavaThread "Attach Listener" daemon [_thread_blocked, id=15176, stack(0x000000001ab30000,0x000000001ac30000)]
  0x000000001a6bd800 JavaThread "Signal Dispatcher" daemon [_thread_blocked, id=23080, stack(0x000000001aa30000,0x000000001ab30000)]
  0x0000000018632800 JavaThread "Finalizer" daemon [_thread_blocked, id=11124, stack(0x000000001a530000,0x000000001a630000)]
  0x000000001862b800 JavaThread "Reference Handler" daemon [_thread_blocked, id=15904, stack(0x000000001a430000,0x000000001a530000)]

Other Threads:
  0x0000000018626800 VMThread [stack: 0x000000001a330000,0x000000001a430000] [id=17516]
  0x000000001b2c2800 WatcherThread [stack: 0x000000001bb30000,0x000000001bc30000] [id=22364]

VM state:not at safepoint (normal execution)

VM Mutex/Monitor currently owned by a thread: None

Heap:
 PSYoungGen      total 309248K, used 119938K [0x00000000d6000000, 0x00000000eb300000, 0x0000000100000000)
  eden space 296960K, 36% used [0x00000000d6000000,0x00000000dc925968,0x00000000e8200000)
  from space 12288K, 99% used [0x00000000ea700000,0x00000000eb2fb220,0x00000000eb300000)
  to   space 14336K, 0% used [0x00000000e9700000,0x00000000e9700000,0x00000000ea500000)
 ParOldGen       total 76288K, used 17741K [0x0000000082000000, 0x0000000086a80000, 0x00000000d6000000)
  object space 76288K, 23% used [0x0000000082000000,0x00000000831534a8,0x0000000086a80000)
 Metaspace       used 48310K, capacity 51206K, committed 51328K, reserved 1093632K
  class space    used 6571K, capacity 7040K, committed 7040K, reserved 1048576K

Card table byte_map: [0x0000000012ab0000,0x0000000012eb0000] byte_map_base: 0x00000000126a0000

Marking Bits: (ParMarkBitMap*) 0x000000006315b460
 Begin Bits: [0x0000000013950000, 0x00000000158d0000)
 End Bits:   [0x00000000158d0000, 0x0000000017850000)

Polling page: 0x0000000000df0000

CodeCache: size=245760Kb used=8708Kb max_used=8723Kb free=237051Kb
 bounds [0x00000000036f0000, 0x0000000003f80000, 0x00000000126f0000]
 total_blobs=5150 nmethods=4615 adapters=448
 compilation: enabled

Compilation events (10 events):
Event: 221.758 Thread 0x000000001b0a5000 4735       1       com.mysql.cj.protocol.a.NativePacketPayload::getPosition (5 bytes)
Event: 221.758 Thread 0x000000001b0a5000 nmethod 4735 0x0000000003a88f10 code [0x0000000003a89060, 0x0000000003a89170]
Event: 221.758 Thread 0x000000001b0a5000 4736       1       com.mysql.cj.protocol.a.NativePacketPayload::getByteBuffer (5 bytes)
Event: 221.758 Thread 0x000000001b0a5000 nmethod 4736 0x0000000003a88c50 code [0x0000000003a88da0, 0x0000000003a88eb0]
Event: 221.765 Thread 0x000000001b0a5000 4737       1       java.nio.charset.CharsetDecoder::implOnUnmappableCharacter (1 bytes)
Event: 221.765 Thread 0x000000001b0a5000 nmethod 4737 0x0000000003a88990 code [0x0000000003a88ae0, 0x0000000003a88bf0]
Event: 221.765 Thread 0x000000001b0a5000 4738       1       java.nio.charset.CharsetDecoder::onUnmappableCharacter (26 bytes)
Event: 221.765 Thread 0x000000001b0a5000 nmethod 4738 0x0000000003a885d0 code [0x0000000003a88740, 0x0000000003a88908]
Event: 221.845 Thread 0x000000001b0a5000 4739       1       com.mysql.cj.conf.AbstractRuntimeProperty::getValue (5 bytes)
Event: 221.845 Thread 0x000000001b0a5000 nmethod 4739 0x0000000003c764d0 code [0x0000000003c76620, 0x0000000003c76730]

GC Heap History (10 events):
Event: 6.858 GC heap before
{Heap before GC invocations=8 (full 1):
 PSYoungGen      total 139264K, used 131072K [0x00000000d6000000, 0x00000000df100000, 0x0000000100000000)
  eden space 131072K, 100% used [0x00000000d6000000,0x00000000de000000,0x00000000de000000)
  from space 8192K, 0% used [0x00000000de900000,0x00000000de900000,0x00000000df100000)
  to   space 8704K, 0% used [0x00000000de000000,0x00000000de000000,0x00000000de880000)
 ParOldGen       total 50688K, used 6417K [0x0000000082000000, 0x0000000085180000, 0x00000000d6000000)
  object space 50688K, 12% used [0x0000000082000000,0x0000000082644468,0x0000000085180000)
 Metaspace       used 24657K, capacity 25774K, committed 25984K, reserved 1071104K
  class space    used 3363K, capacity 3605K, committed 3712K, reserved 1048576K
Event: 6.865 GC heap after
Heap after GC invocations=8 (full 1):
 PSYoungGen      total 139776K, used 8057K [0x00000000d6000000, 0x00000000e5100000, 0x0000000100000000)
  eden space 131072K, 0% used [0x00000000d6000000,0x00000000d6000000,0x00000000de000000)
  from space 8704K, 92% used [0x00000000de000000,0x00000000de7de4b0,0x00000000de880000)
  to   space 9728K, 0% used [0x00000000e4780000,0x00000000e4780000,0x00000000e5100000)
 ParOldGen       total 50688K, used 6425K [0x0000000082000000, 0x0000000085180000, 0x00000000d6000000)
  object space 50688K, 12% used [0x0000000082000000,0x0000000082646468,0x0000000085180000)
 Metaspace       used 24657K, capacity 25774K, committed 25984K, reserved 1071104K
  class space    used 3363K, capacity 3605K, committed 3712K, reserved 1048576K
}
Event: 7.832 GC heap before
{Heap before GC invocations=9 (full 1):
 PSYoungGen      total 139776K, used 139129K [0x00000000d6000000, 0x00000000e5100000, 0x0000000100000000)
  eden space 131072K, 100% used [0x00000000d6000000,0x00000000de000000,0x00000000de000000)
  from space 8704K, 92% used [0x00000000de000000,0x00000000de7de4b0,0x00000000de880000)
  to   space 9728K, 0% used [0x00000000e4780000,0x00000000e4780000,0x00000000e5100000)
 ParOldGen       total 50688K, used 6425K [0x0000000082000000, 0x0000000085180000, 0x00000000d6000000)
  object space 50688K, 12% used [0x0000000082000000,0x0000000082646468,0x0000000085180000)
 Metaspace       used 30810K, capacity 32482K, committed 32640K, reserved 1077248K
  class space    used 4176K, capacity 4463K, committed 4480K, reserved 1048576K
Event: 7.842 GC heap after
Heap after GC invocations=9 (full 1):
 PSYoungGen      total 235008K, used 9707K [0x00000000d6000000, 0x00000000e5380000, 0x0000000100000000)
  eden space 225280K, 0% used [0x00000000d6000000,0x00000000d6000000,0x00000000e3c00000)
  from space 9728K, 99% used [0x00000000e4780000,0x00000000e50faf98,0x00000000e5100000)
  to   space 11776K, 0% used [0x00000000e3c00000,0x00000000e3c00000,0x00000000e4780000)
 ParOldGen       total 50688K, used 8733K [0x0000000082000000, 0x0000000085180000, 0x00000000d6000000)
  object space 50688K, 17% used [0x0000000082000000,0x0000000082887710,0x0000000085180000)
 Metaspace       used 30810K, capacity 32482K, committed 32640K, reserved 1077248K
  class space    used 4176K, capacity 4463K, committed 4480K, reserved 1048576K
}
Event: 8.351 GC heap before
{Heap before GC invocations=10 (full 1):
 PSYoungGen      total 235008K, used 79314K [0x00000000d6000000, 0x00000000e5380000, 0x0000000100000000)
  eden space 225280K, 30% used [0x00000000d6000000,0x00000000da3f9b70,0x00000000e3c00000)
  from space 9728K, 99% used [0x00000000e4780000,0x00000000e50faf98,0x00000000e5100000)
  to   space 11776K, 0% used [0x00000000e3c00000,0x00000000e3c00000,0x00000000e4780000)
 ParOldGen       total 50688K, used 8733K [0x0000000082000000, 0x0000000085180000, 0x00000000d6000000)
  object space 50688K, 17% used [0x0000000082000000,0x0000000082887710,0x0000000085180000)
 Metaspace       used 33574K, capacity 35332K, committed 35496K, reserved 1079296K
  class space    used 4532K, capacity 4850K, committed 4864K, reserved 1048576K
Event: 8.358 GC heap after
Heap after GC invocations=10 (full 1):
 PSYoungGen      total 237056K, used 9660K [0x00000000d6000000, 0x00000000eb300000, 0x0000000100000000)
  eden space 225280K, 0% used [0x00000000d6000000,0x00000000d6000000,0x00000000e3c00000)
  from space 11776K, 82% used [0x00000000e3c00000,0x00000000e456f260,0x00000000e4780000)
  to   space 12288K, 0% used [0x00000000ea700000,0x00000000ea700000,0x00000000eb300000)
 ParOldGen       total 50688K, used 8741K [0x0000000082000000, 0x0000000085180000, 0x00000000d6000000)
  object space 50688K, 17% used [0x0000000082000000,0x0000000082889710,0x0000000085180000)
 Metaspace       used 33574K, capacity 35332K, committed 35496K, reserved 1079296K
  class space    used 4532K, capacity 4850K, committed 4864K, reserved 1048576K
}
Event: 8.358 GC heap before
{Heap before GC invocations=11 (full 2):
 PSYoungGen      total 237056K, used 9660K [0x00000000d6000000, 0x00000000eb300000, 0x0000000100000000)
  eden space 225280K, 0% used [0x00000000d6000000,0x00000000d6000000,0x00000000e3c00000)
  from space 11776K, 82% used [0x00000000e3c00000,0x00000000e456f260,0x00000000e4780000)
  to   space 12288K, 0% used [0x00000000ea700000,0x00000000ea700000,0x00000000eb300000)
 ParOldGen       total 50688K, used 8741K [0x0000000082000000, 0x0000000085180000, 0x00000000d6000000)
  object space 50688K, 17% used [0x0000000082000000,0x0000000082889710,0x0000000085180000)
 Metaspace       used 33574K, capacity 35332K, committed 35496K, reserved 1079296K
  class space    used 4532K, capacity 4850K, committed 4864K, reserved 1048576K
Event: 8.403 GC heap after
Heap after GC invocations=11 (full 2):
 PSYoungGen      total 237056K, used 0K [0x00000000d6000000, 0x00000000eb300000, 0x0000000100000000)
  eden space 225280K, 0% used [0x00000000d6000000,0x00000000d6000000,0x00000000e3c00000)
  from space 11776K, 0% used [0x00000000e3c00000,0x00000000e3c00000,0x00000000e4780000)
  to   space 12288K, 0% used [0x00000000ea700000,0x00000000ea700000,0x00000000eb300000)
 ParOldGen       total 76288K, used 15204K [0x0000000082000000, 0x0000000086a80000, 0x00000000d6000000)
  object space 76288K, 19% used [0x0000000082000000,0x0000000082ed9050,0x0000000086a80000)
 Metaspace       used 33574K, capacity 35332K, committed 35496K, reserved 1079296K
  class space    used 4532K, capacity 4850K, committed 4864K, reserved 1048576K
}
Event: 13.361 GC heap before
{Heap before GC invocations=12 (full 2):
 PSYoungGen      total 237056K, used 225280K [0x00000000d6000000, 0x00000000eb300000, 0x0000000100000000)
  eden space 225280K, 100% used [0x00000000d6000000,0x00000000e3c00000,0x00000000e3c00000)
  from space 11776K, 0% used [0x00000000e3c00000,0x00000000e3c00000,0x00000000e4780000)
  to   space 12288K, 0% used [0x00000000ea700000,0x00000000ea700000,0x00000000eb300000)
 ParOldGen       total 76288K, used 15204K [0x0000000082000000, 0x0000000086a80000, 0x00000000d6000000)
  object space 76288K, 19% used [0x0000000082000000,0x0000000082ed9050,0x0000000086a80000)
 Metaspace       used 43926K, capacity 46688K, committed 46848K, reserved 1089536K
  class space    used 6060K, capacity 6537K, committed 6656K, reserved 1048576K
Event: 13.374 GC heap after
Heap after GC invocations=12 (full 2):
 PSYoungGen      total 309248K, used 12268K [0x00000000d6000000, 0x00000000eb300000, 0x0000000100000000)
  eden space 296960K, 0% used [0x00000000d6000000,0x00000000d6000000,0x00000000e8200000)
  from space 12288K, 99% used [0x00000000ea700000,0x00000000eb2fb220,0x00000000eb300000)
  to   space 14336K, 0% used [0x00000000e9700000,0x00000000e9700000,0x00000000ea500000)
 ParOldGen       total 76288K, used 17741K [0x0000000082000000, 0x0000000086a80000, 0x00000000d6000000)
  object space 76288K, 23% used [0x0000000082000000,0x00000000831534a8,0x0000000086a80000)
 Metaspace       used 43926K, capacity 46688K, committed 46848K, reserved 1089536K
  class space    used 6060K, capacity 6537K, committed 6656K, reserved 1048576K
}

Deoptimization events (0 events):
No events

Internal exceptions (10 events):
Event: 221.762 Thread 0x000000001f10e800 Exception <a 'java/security/PrivilegedActionException'> (0x00000000dc6d3a30) thrown at [D:\re\workspace\8-2-build-windows-amd64-cygwin\jdk8u20\1074\hotspot\src\share\vm\prims\jvm.cpp, line 1275]
Event: 221.762 Thread 0x000000001f10e800 Exception <a 'java/security/PrivilegedActionException'> (0x00000000dc6e5c28) thrown at [D:\re\workspace\8-2-build-windows-amd64-cygwin\jdk8u20\1074\hotspot\src\share\vm\prims\jvm.cpp, line 1275]
Event: 221.763 Thread 0x000000001f10e800 Exception <a 'java/security/PrivilegedActionException'> (0x00000000dc6f59c0) thrown at [D:\re\workspace\8-2-build-windows-amd64-cygwin\jdk8u20\1074\hotspot\src\share\vm\prims\jvm.cpp, line 1275]
Event: 221.763 Thread 0x000000001f10e800 Exception <a 'java/security/PrivilegedActionException'> (0x00000000dc70b0e0) thrown at [D:\re\workspace\8-2-build-windows-amd64-cygwin\jdk8u20\1074\hotspot\src\share\vm\prims\jvm.cpp, line 1275]
Event: 221.764 Thread 0x000000001f10e800 Exception <a 'java/security/PrivilegedActionException'> (0x00000000dc720f40) thrown at [D:\re\workspace\8-2-build-windows-amd64-cygwin\jdk8u20\1074\hotspot\src\share\vm\prims\jvm.cpp, line 1275]
Event: 221.764 Thread 0x000000001f10e800 Exception <a 'java/security/PrivilegedActionException'> (0x00000000dc736bf8) thrown at [D:\re\workspace\8-2-build-windows-amd64-cygwin\jdk8u20\1074\hotspot\src\share\vm\prims\jvm.cpp, line 1275]
Event: 221.765 Thread 0x000000001f10e800 Exception <a 'java/security/PrivilegedActionException'> (0x00000000dc749568) thrown at [D:\re\workspace\8-2-build-windows-amd64-cygwin\jdk8u20\1074\hotspot\src\share\vm\prims\jvm.cpp, line 1275]
Event: 221.895 Thread 0x000000001f10e800 Exception <a 'java/security/PrivilegedActionException'> (0x00000000dc75a120) thrown at [D:\re\workspace\8-2-build-windows-amd64-cygwin\jdk8u20\1074\hotspot\src\share\vm\prims\jvm.cpp, line 1275]
Event: 221.896 Thread 0x000000001f10e800 Exception <a 'java/security/PrivilegedActionException'> (0x00000000dc7acd60) thrown at [D:\re\workspace\8-2-build-windows-amd64-cygwin\jdk8u20\1074\hotspot\src\share\vm\prims\jvm.cpp, line 1275]
Event: 221.897 Thread 0x000000001f10e800 Exception <a 'java/security/PrivilegedActionException'> (0x00000000dc7c1390) thrown at [D:\re\workspace\8-2-build-windows-amd64-cygwin\jdk8u20\1074\hotspot\src\share\vm\prims\jvm.cpp, line 1275]

Events (10 events):
Event: 221.764 loading class com/mysql/cj/result/ValueFactory
Event: 221.764 loading class com/mysql/cj/result/ValueFactory done
Event: 221.765 loading class com/mysql/cj/LicenseConfiguration
Event: 221.765 loading class com/mysql/cj/LicenseConfiguration done
Event: 221.895 loading class com/mysql/cj/jdbc/result/ResultSetImpl
Event: 221.895 loading class com/mysql/cj/jdbc/result/ResultSetImpl done
Event: 221.896 loading class com/mysql/cj/jdbc/result/ResultSetInternalMethods
Event: 221.896 loading class com/mysql/cj/jdbc/result/ResultSetInternalMethods done
Event: 221.897 loading class com/mysql/cj/protocol/ResultsetRowsOwner
Event: 221.897 loading class com/mysql/cj/protocol/ResultsetRowsOwner done


Dynamic libraries:
0x00007ff659b30000 - 0x00007ff659b64000 	C:\Program Files\Java\jdk1.8.0_20\bin\java.exe
0x00007fff1ebe0000 - 0x00007fff1edd0000 	C:\Windows\SYSTEM32\ntdll.dll
0x00007fff1d130000 - 0x00007fff1d1e2000 	C:\Windows\System32\KERNEL32.DLL
0x00007fff1c930000 - 0x00007fff1cbd5000 	C:\Windows\System32\KERNELBASE.dll
0x00007fff1e800000 - 0x00007fff1e8a3000 	C:\Windows\System32\ADVAPI32.dll
0x00007fff1eaa0000 - 0x00007fff1eb3e000 	C:\Windows\System32\msvcrt.dll
0x00007fff1e8b0000 - 0x00007fff1e947000 	C:\Windows\System32\sechost.dll
0x00007fff1ccc0000 - 0x00007fff1cde0000 	C:\Windows\System32\RPCRT4.dll
0x00007fff1e660000 - 0x00007fff1e7f4000 	C:\Windows\System32\USER32.dll
0x00007fff1c370000 - 0x00007fff1c391000 	C:\Windows\System32\win32u.dll
0x00007fff1eb70000 - 0x00007fff1eb96000 	C:\Windows\System32\GDI32.dll
0x00007fff1c4a0000 - 0x00007fff1c636000 	C:\Windows\System32\gdi32full.dll
0x00007fff1c3a0000 - 0x00007fff1c43e000 	C:\Windows\System32\msvcp_win.dll
0x00007fff1c830000 - 0x00007fff1c92a000 	C:\Windows\System32\ucrtbase.dll
0x00007fff1af70000 - 0x00007fff1b1f4000 	C:\Windows\WinSxS\amd64_microsoft.windows.common-controls_6595b64144ccf1df_6.0.18362.1256_none_9e7e379be45e40e2\COMCTL32.dll
0x00007fff1ddc0000 - 0x00007fff1e0f6000 	C:\Windows\System32\combase.dll
0x00007fff1c2e0000 - 0x00007fff1c361000 	C:\Windows\System32\bcryptPrimitives.dll
0x00007fff1cc90000 - 0x00007fff1ccbe000 	C:\Windows\System32\IMM32.DLL
0x00000000631e0000 - 0x00000000632b2000 	C:\Program Files\Java\jdk1.8.0_20\jre\bin\msvcr100.dll
0x0000000062980000 - 0x00000000631d8000 	C:\Program Files\Java\jdk1.8.0_20\jre\bin\server\jvm.dll
0x00007fff1e1e0000 - 0x00007fff1e1e8000 	C:\Windows\System32\PSAPI.DLL
0x00007fff15dc0000 - 0x00007fff15dc9000 	C:\Windows\SYSTEM32\WSOCK32.dll
0x00007fff19190000 - 0x00007fff191b4000 	C:\Windows\SYSTEM32\WINMM.dll
0x00007fff1e9b0000 - 0x00007fff1ea1f000 	C:\Windows\System32\WS2_32.dll
0x00007fff190f0000 - 0x00007fff1911d000 	C:\Windows\SYSTEM32\winmmbase.dll
0x00007fff1c690000 - 0x00007fff1c6da000 	C:\Windows\System32\cfgmgr32.dll
0x0000000063440000 - 0x000000006344f000 	C:\Program Files\Java\jdk1.8.0_20\jre\bin\verify.dll
0x0000000063410000 - 0x0000000063438000 	C:\Program Files\Java\jdk1.8.0_20\jre\bin\java.dll
0x0000000062770000 - 0x0000000062793000 	C:\Program Files\Java\jdk1.8.0_20\jre\bin\instrument.dll
0x00000000633f0000 - 0x0000000063406000 	C:\Program Files\Java\jdk1.8.0_20\jre\bin\zip.dll
0x00007fff1d470000 - 0x00007fff1db57000 	C:\Windows\System32\SHELL32.dll
0x00007fff1dcb0000 - 0x00007fff1dd59000 	C:\Windows\System32\shcore.dll
0x00007fff1bb50000 - 0x00007fff1c2d1000 	C:\Windows\System32\windows.storage.dll
0x00007fff1bb20000 - 0x00007fff1bb43000 	C:\Windows\System32\profapi.dll
0x00007fff1ba90000 - 0x00007fff1bada000 	C:\Windows\System32\powrprof.dll
0x00007fff1ba80000 - 0x00007fff1ba90000 	C:\Windows\System32\UMPDC.dll
0x00007fff1e950000 - 0x00007fff1e9a2000 	C:\Windows\System32\shlwapi.dll
0x00007fff1bae0000 - 0x00007fff1baf1000 	C:\Windows\System32\kernel.appcore.dll
0x00007fff1c670000 - 0x00007fff1c687000 	C:\Windows\System32\cryptsp.dll
0x00000000633c0000 - 0x00000000633da000 	C:\Program Files\Java\jdk1.8.0_20\jre\bin\net.dll
0x00007fff1abe0000 - 0x00007fff1ac47000 	C:\Windows\system32\mswsock.dll
0x00007fff1a9a0000 - 0x00007fff1aa6b000 	C:\Windows\SYSTEM32\DNSAPI.dll
0x00007fff1eb60000 - 0x00007fff1eb68000 	C:\Windows\System32\NSI.dll
0x00007fff1a960000 - 0x00007fff1a99a000 	C:\Windows\SYSTEM32\IPHLPAPI.DLL
0x00007fff02ec0000 - 0x00007fff02eca000 	C:\Windows\System32\rasadhlp.dll
0x00007fff0bbe0000 - 0x00007fff0bc57000 	C:\Windows\System32\fwpuclnt.dll
0x00007fff1c640000 - 0x00007fff1c666000 	C:\Windows\System32\bcrypt.dll
0x00000000633e0000 - 0x00000000633ed000 	C:\Program Files\Java\jdk1.8.0_20\jre\bin\management.dll
0x00000000633a0000 - 0x00000000633b1000 	C:\Program Files\Java\jdk1.8.0_20\jre\bin\nio.dll
0x00007fff1a7c0000 - 0x00007fff1a7f3000 	C:\Windows\system32\rsaenh.dll
0x00007fff1b9a0000 - 0x00007fff1b9c5000 	C:\Windows\SYSTEM32\USERENV.dll
0x00007fff1ae00000 - 0x00007fff1ae0c000 	C:\Windows\SYSTEM32\CRYPTBASE.dll
0x00007fff13070000 - 0x00007fff13086000 	C:\Windows\SYSTEM32\dhcpcsvc6.DLL
0x00007fff0bb90000 - 0x00007fff0bbac000 	C:\Windows\SYSTEM32\dhcpcsvc.DLL
0x00007ffefcd40000 - 0x00007ffefcd56000 	C:\Windows\system32\napinsp.dll
0x00007ffefcd20000 - 0x00007ffefcd3a000 	C:\Windows\system32\pnrpnsp.dll
0x00007ffefcd10000 - 0x00007ffefcd1e000 	C:\Windows\System32\winrnr.dll
0x00007fff173d0000 - 0x00007fff173ec000 	C:\Windows\system32\NLAapi.dll
0x00007ffefccf0000 - 0x00007ffefcd05000 	C:\Windows\system32\wshbth.dll
0x00007fff1b4d0000 - 0x00007fff1b6c4000 	C:\Windows\SYSTEM32\dbghelp.dll

VM Arguments:
jvm_args: -XX:TieredStopAtLevel=1 -Xverify:none -Dspring.output.ansi.enabled=always -Dcom.sun.management.jmxremote -Dspring.jmx.enabled=true -Dspring.liveBeansView.mbeanDomain -Dspring.application.admin.enabled=true -javaagent:D:\java编程\IntelliJ IDEA 2019.3.2\lib\idea_rt.jar=49465:D:\java编程\IntelliJ IDEA 2019.3.2\bin -Dfile.encoding=GBK 
java_command: com.example.OopsVideoserverApplication
java_class_path (initial): C:\Program Files\Java\jdk1.8.0_20\jre\lib\charsets.jar;C:\Program Files\Java\jdk1.8.0_20\jre\lib\deploy.jar;C:\Program Files\Java\jdk1.8.0_20\jre\lib\ext\access-bridge-64.jar;C:\Program Files\Java\jdk1.8.0_20\jre\lib\ext\cldrdata.jar;C:\Program Files\Java\jdk1.8.0_20\jre\lib\ext\dnsns.jar;C:\Program Files\Java\jdk1.8.0_20\jre\lib\ext\jaccess.jar;C:\Program Files\Java\jdk1.8.0_20\jre\lib\ext\jfxrt.jar;C:\Program Files\Java\jdk1.8.0_20\jre\lib\ext\localedata.jar;C:\Program Files\Java\jdk1.8.0_20\jre\lib\ext\nashorn.jar;C:\Program Files\Java\jdk1.8.0_20\jre\lib\ext\sunec.jar;C:\Program Files\Java\jdk1.8.0_20\jre\lib\ext\sunjce_provider.jar;C:\Program Files\Java\jdk1.8.0_20\jre\lib\ext\sunmscapi.jar;C:\Program Files\Java\jdk1.8.0_20\jre\lib\ext\sunpkcs11.jar;C:\Program Files\Java\jdk1.8.0_20\jre\lib\ext\zipfs.jar;C:\Program Files\Java\jdk1.8.0_20\jre\lib\javaws.jar;C:\Program Files\Java\jdk1.8.0_20\jre\lib\jce.jar;C:\Program Files\Java\jdk1.8.0_20\jre\lib\jfr.jar;C:\Program Files\Java\jdk1.8.0_20\jre\lib\jfxswt.jar;C:\Program Files\Java\jdk1.8.0_20\jre\lib\jsse.jar;C:\Program Files\Java\jdk1.8.0_20\jre\lib\management-agent.jar;C:\Program Files\Java\jdk1.8.0_20\jre\lib\plugin.jar;C:\Program Files\Java\jdk1.8.0_20\jre\lib\resources.jar;C:\Program Files\Java\jdk1.8.0_20\jre\lib\rt.jar;D:\java编程\Oops模块化开发\Oops\service\oops_videoserver\target\classes;D:\java编程\Oops模块化开发\Oops\common\common_entity\target\classes;D:\java编程\Oops模块化开发\Oops\common\service_base\target\classes;D:\repository\org\apache\commons\commons-pool2\2.7.0\commons-pool2-2.7.0.jar;D:\repository\org\springframework\cloud\spring-cloud-starter-netflix-ribbon\2.2.5.RELEASE\spring-cloud-starter-netflix-ribbon-2.2.5.RELEASE.jar;D:\repository\org\springframework\cloud\spring-cloud-starter\2.2.5.RELEASE\spring-cloud-starter-2.2.5.RELEASE.jar;D:\repository\org\springframework\cloud\spring-cloud-context\2.2.5.RELEASE\spring-cloud-context-2.2.5.RELEASE.jar;D:\repository\or
Launcher Type: SUN_STANDARD

Environment Variables:
JAVA_HOME=C:\Program Files\Java\jdk1.8.0_20
CLASSPATH=.;C:\Program Files\Java\jdk1.8.0_20\lib\dt.jar;C:\Program Files\Java\jdk1.8.0_20\lib\tools.jar;MySQL JDBC Driver;
PATH=D:\虚拟机\XFtp\Xshell\;D:\虚拟机\XFtp\Xftp\;D:;虚拟机\XFtp\Xshell\;D:;Oracle\softwareUrl\bin;C:\ProgramData\Oracle\Java\javapath;C:\Windows\system32;C:\Windows;C:\Windows\System32\Wbem;C:\Windows\System32\WindowsPowerShell\v1.0\;C:\Windows\System32\OpenSSH\;C:\Program Files (x86)\Microsoft SQL Server\100\Tools\Binn\;C:\Program Files\Microsoft SQL Server\100\Tools\Binn\;C:\Program Files\Microsoft SQL Server\100\DTS\Binn\;C:\Program Files (x86)\Microsoft SQL Server\100\Tools\Binn\VSShell\Common7\IDE\;C:\Program Files (x86)\Microsoft Visual Studio 9.0\Common7\IDE\PrivateAssemblies\;C:\Program Files (x86)\Microsoft SQL Server\100\DTS\Binn\;C:\Program Files\Microsoft SQL Server\110\Tools\Binn\;D:\java\bin;D:\SJK\bin;D:\LJ\bin;D:\版本控制\服务端安装\bin;D:\版本控制\;户端安装\bin;D:\java编程\git\安装路径\Git\cmd;D:\java编程\git\TortoiseGit安装\bin;D:\apache-maven-3.6.3\bin;D:\Nodejs\;D:\nodejs\node_global;D:\RabbitMQ\ot\erl-23.1\bin;C:\Users\DELL\AppData\Local\Microsoft\WindowsApps;C:\Program Files\Java\jdk1.8.0_20\bin\;C:\Program Files\Java\jdk1.8.0_20\jre\bin\;;D:\java编程\IntelliJ IDEA 2019.3.2\bin;;D:\Microsoft VS Code\Microsoft VS Code\bin;C:\Users\DELL\AppData\Roaming\npm
USERNAME=DELL
OS=Windows_NT
PROCESSOR_IDENTIFIER=Intel64 Family 6 Model 142 Stepping 10, GenuineIntel



---------------  S Y S T E M  ---------------

OS: Windows 8.1 , 64 bit Build 9600 

CPU:total 8 (4 cores per cpu, 2 threads per core) family 6 model 142 stepping 10, cmov, cx8, fxsr, mmx, sse, sse2, sse3, ssse3, sse4.1, sse4.2, popcnt, avx, avx2, aes, clmul, erms, lzcnt, ht, tsc, tscinvbit, bmi1, bmi2

Memory: 4k page, physical 8250420k(749712k free), swap 23749596k(216k free)

vm_info: Java HotSpot(TM) 64-Bit Server VM (25.20-b23) for windows-amd64 JRE (1.8.0_20-b26), built on Jul 30 2014 13:51:23 by "java_re" with MS VC++ 10.0 (VS2010)

time: Wed Dec 23 19:16:56 2020
elapsed time: 221 seconds (0d 0h 3m 41s)

