#
# There is insufficient memory for the Java Runtime Environment to continue.
# Native memory allocation (malloc) failed to allocate 33968 bytes for Chunk::new
# Possible reasons:
#   The system is out of physical RAM or swap space
#   In 32 bit mode, the process size limit was hit
# Possible solutions:
#   Reduce memory load on the system
#   Increase physical memory or swap space
#   Check if swap backing store is full
#   Use 64 bit Java on a 64 bit OS
#   Decrease Java heap size (-Xmx/-Xms)
#   Decrease number of Java threads
#   Decrease Java thread stack sizes (-Xss)
#   Set larger code cache with -XX:ReservedCodeCacheSize=
# This output file may be truncated or incomplete.
#
#  Out of Memory Error (allocation.cpp:390), pid=6320, tid=22704
#
# JRE version: Java(TM) SE Runtime Environment (8.0_20-b26) (build 1.8.0_20-b26)
# Java VM: Java HotSpot(TM) 64-Bit Server VM (25.20-b23 mixed mode windows-amd64 compressed oops)
# Failed to write core dump. Minidumps are not enabled by default on client versions of Windows
#

---------------  T H R E A D  ---------------

Current thread (0x000000001a4c1000):  JavaThread "C1 CompilerThread3" daemon [_thread_in_native, id=22704, stack(0x000000001ac90000,0x000000001ad90000)]

Stack: [0x000000001ac90000,0x000000001ad90000]
Native frames: (J=compiled Java code, j=interpreted, Vv=VM code, C=native code)
V  [jvm.dll+0x3152fa]


Current CompileTask:
C1:  17537 4597       1       org.springframework.asm.ClassReader::readCode (5085 bytes)


---------------  P R O C E S S  ---------------

Java Threads: ( => current thread )
  0x000000001bfa9000 JavaThread "cluster-ClusterId{value='5ffc155809809950e9e39529', description='null'}-localhost:27017" daemon [_thread_blocked, id=18792, stack(0x000000001fee0000,0x000000001ffe0000)]
  0x000000001bfa7800 JavaThread "spring.cloud.inetutils" daemon [_thread_blocked, id=4236, stack(0x000000001e210000,0x000000001e310000)]
  0x000000001bfa4000 JavaThread "mysql-cj-abandoned-connection-cleanup" daemon [_thread_blocked, id=21512, stack(0x000000001e110000,0x000000001e210000)]
  0x000000001bfa6000 JavaThread "container-0" [_thread_blocked, id=14784, stack(0x000000001e010000,0x000000001e110000)]
  0x000000001bec2000 JavaThread "Catalina-utility-2" [_thread_blocked, id=21256, stack(0x000000001df10000,0x000000001e010000)]
  0x000000001bec1000 JavaThread "Catalina-utility-1" [_thread_blocked, id=7540, stack(0x000000001cf10000,0x000000001d010000)]
  0x000000001be19000 JavaThread "sentinel-command-center-executor-thread-1" [_thread_in_native, id=11528, stack(0x000000001d910000,0x000000001da10000)]
  0x000000001be14800 JavaThread "sentinel-heartbeat-send-task-thread-1" daemon [_thread_blocked, id=19596, stack(0x000000001d810000,0x000000001d910000)]
  0x000000001a507800 JavaThread "RMI TCP Connection(3)-169.254.87.193" daemon [_thread_in_native, id=17328, stack(0x000000001ce10000,0x000000001cf10000)]
  0x000000001b28a000 JavaThread "RMI Scheduler(0)" daemon [_thread_blocked, id=8176, stack(0x000000001c610000,0x000000001c710000)]
  0x000000001b287000 JavaThread "RMI TCP Connection(2)-169.254.87.193" daemon [_thread_in_native, id=4192, stack(0x000000001c510000,0x000000001c610000)]
  0x000000001a66f800 JavaThread "RMI TCP Accept-0" daemon [_thread_in_native, id=21208, stack(0x000000001ae90000,0x000000001af90000)]
  0x000000001a55c000 JavaThread "Service Thread" daemon [_thread_blocked, id=17844, stack(0x000000001ad90000,0x000000001ae90000)]
=>0x000000001a4c1000 JavaThread "C1 CompilerThread3" daemon [_thread_in_native, id=22704, stack(0x000000001ac90000,0x000000001ad90000)]
  0x000000001a4be000 JavaThread "C2 CompilerThread2" daemon [_thread_blocked, id=16460, stack(0x000000001ab90000,0x000000001ac90000)]
  0x000000001a4bb000 JavaThread "C2 CompilerThread1" daemon [_thread_blocked, id=22076, stack(0x000000001aa90000,0x000000001ab90000)]
  0x000000001a4ba800 JavaThread "C2 CompilerThread0" daemon [_thread_blocked, id=21808, stack(0x000000001a990000,0x000000001aa90000)]
  0x000000001a4a6000 JavaThread "Monitor Ctrl-Break" daemon [_thread_in_native, id=3192, stack(0x000000001a890000,0x000000001a990000)]
  0x0000000019b1e800 JavaThread "Attach Listener" daemon [_thread_blocked, id=11472, stack(0x0000000019f90000,0x000000001a090000)]
  0x0000000019acf800 JavaThread "Signal Dispatcher" daemon [_thread_blocked, id=19928, stack(0x0000000019e90000,0x0000000019f90000)]
  0x00000000029ea800 JavaThread "Finalizer" daemon [_thread_blocked, id=23456, stack(0x0000000019990000,0x0000000019a90000)]
  0x0000000017abc000 JavaThread "Reference Handler" daemon [_thread_blocked, id=22728, stack(0x0000000019890000,0x0000000019990000)]
  0x00000000028fa000 JavaThread "main" [_thread_in_Java, id=5384, stack(0x00000000027f0000,0x00000000028f0000)]

Other Threads:
  0x0000000017ab7000 VMThread [stack: 0x0000000019790000,0x0000000019890000] [id=21148]
  0x000000001a67d800 WatcherThread [stack: 0x000000001af90000,0x000000001b090000] [id=2448]

VM state:not at safepoint (normal execution)

VM Mutex/Monitor currently owned by a thread: None

Heap:
 PSYoungGen      total 187392K, used 80762K [0x00000000d6000000, 0x00000000e2380000, 0x0000000100000000)
  eden space 176128K, 39% used [0x00000000d6000000,0x00000000da3dfb80,0x00000000e0c00000)
  from space 11264K, 99% used [0x00000000e0c00000,0x00000000e16fee60,0x00000000e1700000)
  to   space 11264K, 0% used [0x00000000e1700000,0x00000000e1700000,0x00000000e2200000)
 ParOldGen       total 49152K, used 18423K [0x0000000082000000, 0x0000000085000000, 0x00000000d6000000)
  object space 49152K, 37% used [0x0000000082000000,0x00000000831fdc48,0x0000000085000000)
 Metaspace       used 47356K, capacity 50356K, committed 50560K, reserved 1095680K
  class space    used 6422K, capacity 6931K, committed 7040K, reserved 1048576K

Card table byte_map: [0x0000000011f40000,0x0000000012340000] byte_map_base: 0x0000000011b30000

Marking Bits: (ParMarkBitMap*) 0x0000000062b0b460
 Begin Bits: [0x0000000012de0000, 0x0000000014d60000)
 End Bits:   [0x0000000014d60000, 0x0000000016ce0000)

Polling page: 0x00000000009e0000

CodeCache: size=245760Kb used=8707Kb max_used=8707Kb free=237052Kb
 bounds [0x0000000002b80000, 0x0000000003410000, 0x0000000011b80000]
 total_blobs=5060 nmethods=4539 adapters=434
 compilation: enabled

Compilation events (10 events):
Event: 17.525 Thread 0x000000001a4c1000 nmethod 4593 0x0000000003400210 code [0x0000000003400360, 0x0000000003400490]
Event: 17.525 Thread 0x000000001a4c1000 4592       1       java.util.ArrayList$ArrayListSpliterator::characteristics (4 bytes)
Event: 17.525 Thread 0x000000001a4c1000 nmethod 4592 0x0000000003400510 code [0x0000000003400660, 0x0000000003400770]
Event: 17.526 Thread 0x000000001a4c1000 4594       1       java.util.concurrent.ConcurrentHashMap$TreeBin::balanceInsertion (245 bytes)
Event: 17.526 Thread 0x000000001a4c1000 nmethod 4594 0x00000000034007d0 code [0x0000000003400980, 0x0000000003400cf8]
Event: 17.528 Thread 0x000000001a4c1000 4595       1       org.springframework.asm.MethodVisitor::visitTypeInsn (17 bytes)
Event: 17.528 Thread 0x000000001a4c1000 nmethod 4595 0x0000000003401150 code [0x00000000034012a0, 0x00000000034013e8]
Event: 17.528 Thread 0x000000001a4c1000 4596       1       org.springframework.asm.ClassReader::createLabel (21 bytes)
Event: 17.528 Thread 0x000000001a4c1000 nmethod 4596 0x0000000003401450 code [0x00000000034015c0, 0x0000000003401850]
Event: 17.528 Thread 0x000000001a4c1000 4597       1       org.springframework.asm.ClassReader::readCode (5085 bytes)

GC Heap History (10 events):
Event: 12.209 GC heap before
{Heap before GC invocations=9 (full 1):
 PSYoungGen      total 74240K, used 70190K [0x00000000d6000000, 0x00000000de700000, 0x0000000100000000)
  eden space 65536K, 100% used [0x00000000d6000000,0x00000000da000000,0x00000000da000000)
  from space 8704K, 53% used [0x00000000da000000,0x00000000da48b820,0x00000000da880000)
  to   space 9216K, 0% used [0x00000000dde00000,0x00000000dde00000,0x00000000de700000)
 ParOldGen       total 49152K, used 7135K [0x0000000082000000, 0x0000000085000000, 0x00000000d6000000)
  object space 49152K, 14% used [0x0000000082000000,0x00000000826f7d58,0x0000000085000000)
 Metaspace       used 25264K, capacity 26428K, committed 26752K, reserved 1073152K
  class space    used 3377K, capacity 3598K, committed 3712K, reserved 1048576K
Event: 12.217 GC heap after
Heap after GC invocations=9 (full 1):
 PSYoungGen      total 126976K, used 7534K [0x00000000d6000000, 0x00000000de600000, 0x0000000100000000)
  eden space 118784K, 0% used [0x00000000d6000000,0x00000000d6000000,0x00000000dd400000)
  from space 8192K, 91% used [0x00000000dde00000,0x00000000de55bac8,0x00000000de600000)
  to   space 9216K, 0% used [0x00000000dd400000,0x00000000dd400000,0x00000000ddd00000)
 ParOldGen       total 49152K, used 7143K [0x0000000082000000, 0x0000000085000000, 0x00000000d6000000)
  object space 49152K, 14% used [0x0000000082000000,0x00000000826f9d58,0x0000000085000000)
 Metaspace       used 25264K, capacity 26428K, committed 26752K, reserved 1073152K
  class space    used 3377K, capacity 3598K, committed 3712K, reserved 1048576K
}
Event: 13.386 GC heap before
{Heap before GC invocations=10 (full 1):
 PSYoungGen      total 126976K, used 126318K [0x00000000d6000000, 0x00000000de600000, 0x0000000100000000)
  eden space 118784K, 100% used [0x00000000d6000000,0x00000000dd400000,0x00000000dd400000)
  from space 8192K, 91% used [0x00000000dde00000,0x00000000de55bac8,0x00000000de600000)
  to   space 9216K, 0% used [0x00000000dd400000,0x00000000dd400000,0x00000000ddd00000)
 ParOldGen       total 49152K, used 7143K [0x0000000082000000, 0x0000000085000000, 0x00000000d6000000)
  object space 49152K, 14% used [0x0000000082000000,0x00000000826f9d58,0x0000000085000000)
 Metaspace       used 31327K, capacity 33028K, committed 33152K, reserved 1077248K
  class space    used 4167K, capacity 4474K, committed 4480K, reserved 1048576K
Event: 13.398 GC heap after
Heap after GC invocations=10 (full 1):
 PSYoungGen      total 128000K, used 9200K [0x00000000d6000000, 0x00000000e2200000, 0x0000000100000000)
  eden space 118784K, 0% used [0x00000000d6000000,0x00000000d6000000,0x00000000dd400000)
  from space 9216K, 99% used [0x00000000dd400000,0x00000000ddcfc0b8,0x00000000ddd00000)
  to   space 11264K, 0% used [0x00000000e1700000,0x00000000e1700000,0x00000000e2200000)
 ParOldGen       total 49152K, used 9967K [0x0000000082000000, 0x0000000085000000, 0x00000000d6000000)
  object space 49152K, 20% used [0x0000000082000000,0x00000000829bbe80,0x0000000085000000)
 Metaspace       used 31327K, capacity 33028K, committed 33152K, reserved 1077248K
  class space    used 4167K, capacity 4474K, committed 4480K, reserved 1048576K
}
Event: 13.736 GC heap before
{Heap before GC invocations=11 (full 1):
 PSYoungGen      total 128000K, used 45676K [0x00000000d6000000, 0x00000000e2200000, 0x0000000100000000)
  eden space 118784K, 30% used [0x00000000d6000000,0x00000000d839f1d8,0x00000000dd400000)
  from space 9216K, 99% used [0x00000000dd400000,0x00000000ddcfc0b8,0x00000000ddd00000)
  to   space 11264K, 0% used [0x00000000e1700000,0x00000000e1700000,0x00000000e2200000)
 ParOldGen       total 49152K, used 9967K [0x0000000082000000, 0x0000000085000000, 0x00000000d6000000)
  object space 49152K, 20% used [0x0000000082000000,0x00000000829bbe80,0x0000000085000000)
 Metaspace       used 33571K, capacity 35374K, committed 35496K, reserved 1079296K
  class space    used 4470K, capacity 4799K, committed 4864K, reserved 1048576K
Event: 13.743 GC heap after
Heap after GC invocations=11 (full 1):
 PSYoungGen      total 187392K, used 5659K [0x00000000d6000000, 0x00000000e2380000, 0x0000000100000000)
  eden space 176128K, 0% used [0x00000000d6000000,0x00000000d6000000,0x00000000e0c00000)
  from space 11264K, 50% used [0x00000000e1700000,0x00000000e1c86e88,0x00000000e2200000)
  to   space 11264K, 0% used [0x00000000e0c00000,0x00000000e0c00000,0x00000000e1700000)
 ParOldGen       total 49152K, used 13622K [0x0000000082000000, 0x0000000085000000, 0x00000000d6000000)
  object space 49152K, 27% used [0x0000000082000000,0x0000000082d4daa8,0x0000000085000000)
 Metaspace       used 33571K, capacity 35374K, committed 35496K, reserved 1079296K
  class space    used 4470K, capacity 4799K, committed 4864K, reserved 1048576K
}
Event: 13.743 GC heap before
{Heap before GC invocations=12 (full 2):
 PSYoungGen      total 187392K, used 5659K [0x00000000d6000000, 0x00000000e2380000, 0x0000000100000000)
  eden space 176128K, 0% used [0x00000000d6000000,0x00000000d6000000,0x00000000e0c00000)
  from space 11264K, 50% used [0x00000000e1700000,0x00000000e1c86e88,0x00000000e2200000)
  to   space 11264K, 0% used [0x00000000e0c00000,0x00000000e0c00000,0x00000000e1700000)
 ParOldGen       total 49152K, used 13622K [0x0000000082000000, 0x0000000085000000, 0x00000000d6000000)
  object space 49152K, 27% used [0x0000000082000000,0x0000000082d4daa8,0x0000000085000000)
 Metaspace       used 33571K, capacity 35374K, committed 35496K, reserved 1079296K
  class space    used 4470K, capacity 4799K, committed 4864K, reserved 1048576K
Event: 13.854 GC heap after
Heap after GC invocations=12 (full 2):
 PSYoungGen      total 187392K, used 0K [0x00000000d6000000, 0x00000000e2380000, 0x0000000100000000)
  eden space 176128K, 0% used [0x00000000d6000000,0x00000000d6000000,0x00000000e0c00000)
  from space 11264K, 0% used [0x00000000e1700000,0x00000000e1700000,0x00000000e2200000)
  to   space 11264K, 0% used [0x00000000e0c00000,0x00000000e0c00000,0x00000000e1700000)
 ParOldGen       total 49152K, used 14573K [0x0000000082000000, 0x0000000085000000, 0x00000000d6000000)
  object space 49152K, 29% used [0x0000000082000000,0x0000000082e3b658,0x0000000085000000)
 Metaspace       used 33571K, capacity 35374K, committed 35496K, reserved 1079296K
  class space    used 4470K, capacity 4799K, committed 4864K, reserved 1048576K
}
Event: 17.233 GC heap before
{Heap before GC invocations=13 (full 2):
 PSYoungGen      total 187392K, used 176128K [0x00000000d6000000, 0x00000000e2380000, 0x0000000100000000)
  eden space 176128K, 100% used [0x00000000d6000000,0x00000000e0c00000,0x00000000e0c00000)
  from space 11264K, 0% used [0x00000000e1700000,0x00000000e1700000,0x00000000e2200000)
  to   space 11264K, 0% used [0x00000000e0c00000,0x00000000e0c00000,0x00000000e1700000)
 ParOldGen       total 49152K, used 14573K [0x0000000082000000, 0x0000000085000000, 0x00000000d6000000)
  object space 49152K, 29% used [0x0000000082000000,0x0000000082e3b658,0x0000000085000000)
 Metaspace       used 44205K, capacity 46896K, committed 47232K, reserved 1089536K
  class space    used 5966K, capacity 6422K, committed 6528K, reserved 1048576K
Event: 17.244 GC heap after
Heap after GC invocations=13 (full 2):
 PSYoungGen      total 187392K, used 11259K [0x00000000d6000000, 0x00000000e2380000, 0x0000000100000000)
  eden space 176128K, 0% used [0x00000000d6000000,0x00000000d6000000,0x00000000e0c00000)
  from space 11264K, 99% used [0x00000000e0c00000,0x00000000e16fee60,0x00000000e1700000)
  to   space 11264K, 0% used [0x00000000e1700000,0x00000000e1700000,0x00000000e2200000)
 ParOldGen       total 49152K, used 18423K [0x0000000082000000, 0x0000000085000000, 0x00000000d6000000)
  object space 49152K, 37% used [0x0000000082000000,0x00000000831fdc48,0x0000000085000000)
 Metaspace       used 44205K, capacity 46896K, committed 47232K, reserved 1089536K
  class space    used 5966K, capacity 6422K, committed 6528K, reserved 1048576K
}

Deoptimization events (0 events):
No events

Internal exceptions (10 events):
Event: 17.534 Thread 0x00000000028fa000 Exception <a 'java/security/PrivilegedActionException'> (0x00000000da12c778) thrown at [D:\re\workspace\8-2-build-windows-amd64-cygwin\jdk8u20\1074\hotspot\src\share\vm\prims\jvm.cpp, line 1275]
Event: 17.534 Thread 0x00000000028fa000 Exception <a 'java/security/PrivilegedActionException'> (0x00000000da141bc0) thrown at [D:\re\workspace\8-2-build-windows-amd64-cygwin\jdk8u20\1074\hotspot\src\share\vm\prims\jvm.cpp, line 1275]
Event: 17.534 Thread 0x00000000028fa000 Exception <a 'java/lang/ClassNotFoundException': org/springframework/data/convert/EntityConverterCustomizer> (0x00000000da141fa8) thrown at [D:\re\workspace\8-2-build-windows-amd64-cygwin\jdk8u20\1074\hotspot\src\share\vm\classfile\systemDictionary.cpp, lipt1@
Event: 17.534 Thread 0x00000000028fa000 Exception <a 'java/lang/ArrayIndexOutOfBoundsException'> (0x00000000da143b58) thrown at [D:\re\workspace\8-2-build-windows-amd64-cygwin\jdk8u20\1074\hotspot\src\share\vm\runtime\sharedRuntime.cpp, line 604]
Event: 17.534 Thread 0x00000000028fa000 Exception <a 'java/security/PrivilegedActionException'> (0x00000000da147920) thrown at [D:\re\workspace\8-2-build-windows-amd64-cygwin\jdk8u20\1074\hotspot\src\share\vm\prims\jvm.cpp, line 1275]
Event: 17.534 Thread 0x00000000028fa000 Exception <a 'java/security/PrivilegedActionException'> (0x00000000da15c7c0) thrown at [D:\re\workspace\8-2-build-windows-amd64-cygwin\jdk8u20\1074\hotspot\src\share\vm\prims\jvm.cpp, line 1275]
Event: 17.534 Thread 0x00000000028fa000 Exception <a 'java/security/PrivilegedActionException'> (0x00000000da15d228) thrown at [D:\re\workspace\8-2-build-windows-amd64-cygwin\jdk8u20\1074\hotspot\src\share\vm\prims\jvm.cpp, line 1275]
Event: 17.534 Thread 0x00000000028fa000 Exception <a 'java/security/PrivilegedActionException'> (0x00000000da1720c8) thrown at [D:\re\workspace\8-2-build-windows-amd64-cygwin\jdk8u20\1074\hotspot\src\share\vm\prims\jvm.cpp, line 1275]
Event: 17.534 Thread 0x00000000028fa000 Exception <a 'java/lang/ClassNotFoundException': org/springframework/data/convert/EntityReaderCustomizer> (0x00000000da1724a8) thrown at [D:\re\workspace\8-2-build-windows-amd64-cygwin\jdk8u20\1074\hotspot\src\share\vm\classfile\systemDictionary.cpp, line gww1@
Event: 17.534 Thread 0x00000000028fa000 Exception <a 'java/lang/ArrayIndexOutOfBoundsException'> (0x00000000da173398) thrown at [D:\re\workspace\8-2-build-windows-amd64-cygwin\jdk8u20\1074\hotspot\src\share\vm\runtime\sharedRuntime.cpp, line 604]

Events (10 events):
Event: 17.534 loading class org/springframework/data/convert/EntityConverterCustomizer
Event: 17.534 loading class org/springframework/data/convert/EntityConverterCustomizer done
Event: 17.534 loading class org/springframework/data/convert/EntityConverterCustomizer
Event: 17.534 loading class org/springframework/data/convert/EntityConverterCustomizer done
Event: 17.534 loading class org/springframework/data/convert/EntityReaderCustomizer
Event: 17.534 loading class org/springframework/data/convert/EntityReaderCustomizer done
Event: 17.534 loading class org/springframework/data/convert/EntityReaderCustomizer
Event: 17.534 loading class org/springframework/data/convert/EntityReaderCustomizer done
Event: 17.534 loading class org/springframework/data/convert/EntityReaderCustomizer
Event: 17.534 loading class org/springframework/data/convert/EntityReaderCustomizer done


Dynamic libraries:
0x00007ff71b190000 - 0x00007ff71b1c4000 	C:\Program Files\Java\jdk1.8.0_20\bin\java.exe
0x00007ffb85e60000 - 0x00007ffb86050000 	C:\Windows\SYSTEM32\ntdll.dll
0x00007ffb83f70000 - 0x00007ffb84022000 	C:\Windows\System32\KERNEL32.DLL
0x00007ffb83390000 - 0x00007ffb83635000 	C:\Windows\System32\KERNELBASE.dll
0x00007ffb84030000 - 0x00007ffb840d3000 	C:\Windows\System32\ADVAPI32.dll
0x00007ffb858c0000 - 0x00007ffb8595e000 	C:\Windows\System32\msvcrt.dll
0x00007ffb85d80000 - 0x00007ffb85e17000 	C:\Windows\System32\sechost.dll
0x00007ffb840e0000 - 0x00007ffb84200000 	C:\Windows\System32\RPCRT4.dll
0x00007ffb85ab0000 - 0x00007ffb85c44000 	C:\Windows\System32\USER32.dll
0x00007ffb83640000 - 0x00007ffb83661000 	C:\Windows\System32\win32u.dll
0x00007ffb85d50000 - 0x00007ffb85d76000 	C:\Windows\System32\GDI32.dll
0x00007ffb82e60000 - 0x00007ffb82ff6000 	C:\Windows\System32\gdi32full.dll
0x00007ffb832f0000 - 0x00007ffb8338e000 	C:\Windows\System32\msvcp_win.dll
0x00007ffb83000000 - 0x00007ffb830fa000 	C:\Windows\System32\ucrtbase.dll
0x00007ffb72af0000 - 0x00007ffb72d74000 	C:\Windows\WinSxS\amd64_microsoft.windows.common-controls_6595b64144ccf1df_6.0.18362.1256_none_9e7e379be45e40e2\COMCTL32.dll
0x00007ffb84c80000 - 0x00007ffb84fb6000 	C:\Windows\System32\combase.dll
0x00007ffb82dd0000 - 0x00007ffb82e51000 	C:\Windows\System32\bcryptPrimitives.dll
0x00007ffb85c50000 - 0x00007ffb85c7e000 	C:\Windows\System32\IMM32.DLL
0x0000000062b90000 - 0x0000000062c62000 	C:\Program Files\Java\jdk1.8.0_20\jre\bin\msvcr100.dll
0x0000000062330000 - 0x0000000062b88000 	C:\Program Files\Java\jdk1.8.0_20\jre\bin\server\jvm.dll
0x00007ffb84a40000 - 0x00007ffb84a48000 	C:\Windows\System32\PSAPI.DLL
0x00007ffb7f640000 - 0x00007ffb7f664000 	C:\Windows\SYSTEM32\WINMM.dll
0x00007ffb7b6a0000 - 0x00007ffb7b6a9000 	C:\Windows\SYSTEM32\WSOCK32.dll
0x00007ffb859c0000 - 0x00007ffb85a2f000 	C:\Windows\System32\WS2_32.dll
0x00007ffb7f610000 - 0x00007ffb7f63d000 	C:\Windows\SYSTEM32\WINMMBASE.dll
0x00007ffb83270000 - 0x00007ffb832ba000 	C:\Windows\System32\cfgmgr32.dll
0x0000000062e70000 - 0x0000000062e7f000 	C:\Program Files\Java\jdk1.8.0_20\jre\bin\verify.dll
0x0000000062300000 - 0x0000000062328000 	C:\Program Files\Java\jdk1.8.0_20\jre\bin\java.dll
0x0000000062250000 - 0x0000000062273000 	C:\Program Files\Java\jdk1.8.0_20\jre\bin\instrument.dll
0x0000000062e50000 - 0x0000000062e66000 	C:\Program Files\Java\jdk1.8.0_20\jre\bin\zip.dll
0x00007ffb842d0000 - 0x00007ffb849b7000 	C:\Windows\System32\SHELL32.dll
0x00007ffb84fc0000 - 0x00007ffb85069000 	C:\Windows\System32\shcore.dll
0x00007ffb836d0000 - 0x00007ffb83e51000 	C:\Windows\System32\windows.storage.dll
0x00007ffb82d80000 - 0x00007ffb82da3000 	C:\Windows\System32\profapi.dll
0x00007ffb82d30000 - 0x00007ffb82d7a000 	C:\Windows\System32\powrprof.dll
0x00007ffb82d00000 - 0x00007ffb82d10000 	C:\Windows\System32\UMPDC.dll
0x00007ffb83f10000 - 0x00007ffb83f62000 	C:\Windows\System32\shlwapi.dll
0x00007ffb82d10000 - 0x00007ffb82d21000 	C:\Windows\System32\kernel.appcore.dll
0x00007ffb83250000 - 0x00007ffb83267000 	C:\Windows\System32\cryptsp.dll
0x00000000622d0000 - 0x00000000622ea000 	C:\Program Files\Java\jdk1.8.0_20\jre\bin\net.dll
0x00007ffb82550000 - 0x00007ffb825b7000 	C:\Windows\system32\mswsock.dll
0x00007ffb822a0000 - 0x00007ffb8236b000 	C:\Windows\SYSTEM32\DNSAPI.dll
0x00007ffb85550000 - 0x00007ffb85558000 	C:\Windows\System32\NSI.dll
0x00007ffb82260000 - 0x00007ffb8229a000 	C:\Windows\SYSTEM32\IPHLPAPI.DLL
0x00007ffb6e5a0000 - 0x00007ffb6e5aa000 	C:\Windows\System32\rasadhlp.dll
0x00007ffb750a0000 - 0x00007ffb75117000 	C:\Windows\System32\fwpuclnt.dll
0x00007ffb832c0000 - 0x00007ffb832e6000 	C:\Windows\System32\bcrypt.dll
0x00000000622f0000 - 0x00000000622fd000 	C:\Program Files\Java\jdk1.8.0_20\jre\bin\management.dll
0x00000000622b0000 - 0x00000000622c1000 	C:\Program Files\Java\jdk1.8.0_20\jre\bin\nio.dll
0x00007ffb820c0000 - 0x00007ffb820f3000 	C:\Windows\system32\rsaenh.dll
0x00007ffb82c20000 - 0x00007ffb82c45000 	C:\Windows\SYSTEM32\USERENV.dll
0x00007ffb82720000 - 0x00007ffb8272c000 	C:\Windows\SYSTEM32\CRYPTBASE.dll
0x00007ffb75060000 - 0x00007ffb75076000 	C:\Windows\SYSTEM32\dhcpcsvc6.DLL
0x00007ffb75040000 - 0x00007ffb7505c000 	C:\Windows\SYSTEM32\dhcpcsvc.DLL
0x00007ffb689c0000 - 0x00007ffb689d6000 	C:\Windows\system32\napinsp.dll
0x00007ffb67000000 - 0x00007ffb6701a000 	C:\Windows\system32\pnrpnsp.dll
0x00007ffb6e540000 - 0x00007ffb6e54e000 	C:\Windows\System32\winrnr.dll
0x00007ffb7e830000 - 0x00007ffb7e84c000 	C:\Windows\system32\NLAapi.dll
0x00007ffb66fe0000 - 0x00007ffb66ff5000 	C:\Windows\system32\wshbth.dll
0x0000000062280000 - 0x00000000622a4000 	C:\Program Files\Java\jdk1.8.0_20\jre\bin\sunec.dll

VM Arguments:
jvm_args: -XX:TieredStopAtLevel=1 -Xverify:none -Dspring.output.ansi.enabled=always -Dcom.sun.management.jmxremote -Dspring.jmx.enabled=true -Dspring.liveBeansView.mbeanDomain -Dspring.application.admin.enabled=true -javaagent:D:\java编程\IntelliJ IDEA 2019.3.2\lib\idea_rt.jar=57081:D:\java编程\IntelliJ IDEA 2019.3.2\bin -Dfile.encoding=UTF-8 
java_command: com.example.OopsGifserverApplication
java_class_path (initial): C:\Program Files\Java\jdk1.8.0_20\jre\lib\charsets.jar;C:\Program Files\Java\jdk1.8.0_20\jre\lib\deploy.jar;C:\Program Files\Java\jdk1.8.0_20\jre\lib\ext\access-bridge-64.jar;C:\Program Files\Java\jdk1.8.0_20\jre\lib\ext\cldrdata.jar;C:\Program Files\Java\jdk1.8.0_20\jre\lib\ext\dnsns.jar;C:\Program Files\Java\jdk1.8.0_20\jre\lib\ext\jaccess.jar;C:\Program Files\Java\jdk1.8.0_20\jre\lib\ext\jfxrt.jar;C:\Program Files\Java\jdk1.8.0_20\jre\lib\ext\localedata.jar;C:\Program Files\Java\jdk1.8.0_20\jre\lib\ext\nashorn.jar;C:\Program Files\Java\jdk1.8.0_20\jre\lib\ext\sunec.jar;C:\Program Files\Java\jdk1.8.0_20\jre\lib\ext\sunjce_provider.jar;C:\Program Files\Java\jdk1.8.0_20\jre\lib\ext\sunmscapi.jar;C:\Program Files\Java\jdk1.8.0_20\jre\lib\ext\sunpkcs11.jar;C:\Program Files\Java\jdk1.8.0_20\jre\lib\ext\zipfs.jar;C:\Program Files\Java\jdk1.8.0_20\jre\lib\javaws.jar;C:\Program Files\Java\jdk1.8.0_20\jre\lib\jce.jar;C:\Program Files\Java\jdk1.8.0_20\jre\lib\jfr.jar;C:\Program Files\Java\jdk1.8.0_20\jre\lib\jfxswt.jar;C:\Program Files\Java\jdk1.8.0_20\jre\lib\jsse.jar;C:\Program Files\Java\jdk1.8.0_20\jre\lib\management-agent.jar;C:\Program Files\Java\jdk1.8.0_20\jre\lib\plugin.jar;C:\Program Files\Java\jdk1.8.0_20\jre\lib\resources.jar;C:\Program Files\Java\jdk1.8.0_20\jre\lib\rt.jar;D:\java编程\back\Oops\service\oops_gifserver\target\classes;D:\repository\com\alibaba\cloud\spring-cloud-starter-alibaba-sentinel\2.2.1.RELEASE\spring-cloud-starter-alibaba-sentinel-2.2.1.RELEASE.jar;D:\repository\com\alibaba\csp\sentinel-transport-simple-http\1.7.1\sentinel-transport-simple-http-1.7.1.jar;D:\repository\com\alibaba\csp\sentinel-transport-common\1.7.1\sentinel-transport-common-1.7.1.jar;D:\repository\com\alibaba\csp\sentinel-datasource-extension\1.7.1\sentinel-datasource-extension-1.7.1.jar;D:\repository\com\alibaba\fastjson\1.2.62\fastjson-1.2.62.jar;D:\repository\com\alibaba\csp\sentinel-annotation-aspectj\1.7.1\sentinel-annotation-aspectj-1.7.1.
Launcher Type: SUN_STANDARD

Environment Variables:
JAVA_HOME=C:\Program Files\Java\jdk1.8.0_20
CLASSPATH=.;C:\Program Files\Java\jdk1.8.0_20\lib\dt.jar;C:\Program Files\Java\jdk1.8.0_20\lib\tools.jar;MySQL JDBC Driver;
PATH=D:\虚拟机\XFtp\Xshell\;D:\虚拟机\XFtp\Xftp\;D:;虚拟机\XFtp\Xshell\;D:;Oracle\softwareUrl\bin;C:\ProgramData\Oracle\Java\javapath;C:\Windows\system32;C:\Windows;C:\Windows\System32\Wbem;C:\Windows\System32\WindowsPowerShell\v1.0\;C:\Windows\System32\OpenSSH\;C:\Program Files (x86)\Microsoft SQL Server\100\Tools\Binn\;C:\Program Files\Microsoft SQL Server\100\Tools\Binn\;C:\Program Files\Microsoft SQL Server\100\DTS\Binn\;C:\Program Files (x86)\Microsoft SQL Server\100\Tools\Binn\VSShell\Common7\IDE\;C:\Program Files (x86)\Microsoft Visual Studio 9.0\Common7\IDE\PrivateAssemblies\;C:\Program Files (x86)\Microsoft SQL Server\100\DTS\Binn\;C:\Program Files\Microsoft SQL Server\110\Tools\Binn\;D:\java\bin;D:\SJK\bin;D:\LJ\bin;D:\版本控制\服务端安装\bin;D:\版本控制\;户端安装\bin;D:\java编程\git\安装路径\Git\cmd;D:\java编程\git\TortoiseGit安装\bin;D:\apache-maven-3.6.3\bin;D:\Nodejs\;D:\nodejs\node_global;D:\RabbitMQ\ot\erl-23.1\bin;C:\Users\DELL\AppData\Local\Microsoft\WindowsApps;C:\Program Files\Java\jdk1.8.0_20\bin\;C:\Program Files\Java\jdk1.8.0_20\jre\bin\;;D:\java编程\IntelliJ IDEA 2019.3.2\bin;;D:\Microsoft VS Code\Microsoft VS Code\bin;C:\Users\DELL\AppData\Roaming\npm
USERNAME=DELL
OS=Windows_NT
PROCESSOR_IDENTIFIER=Intel64 Family 6 Model 142 Stepping 10, GenuineIntel



---------------  S Y S T E M  ---------------

OS: Windows 8.1 , 64 bit Build 9600 

CPU:total 8 (4 cores per cpu, 2 threads per core) family 6 model 142 stepping 10, cmov, cx8, fxsr, mmx, sse, sse2, sse3, ssse3, sse4.1, sse4.2, popcnt, avx, avx2, aes, clmul, erms, lzcnt, ht, tsc, tscinvbit, bmi1, bmi2

Memory: 4k page, physical 8250436k(903304k free), swap 27072592k(2152k free)

vm_info: Java HotSpot(TM) 64-Bit Server VM (25.20-b23) for windows-amd64 JRE (1.8.0_20-b26), built on Jul 30 2014 13:51:23 by "java_re" with MS VC++ 10.0 (VS2010)

time: Mon Jan 11 17:07:36 2021
elapsed time: 17 seconds (0d 0h 0m 17s)

